Classic Timing Analyzer report for alu
Thu Oct 19 22:11:30 2023
Quartus II Version 9.1 Build 350 03/24/2010 Service Pack 2 SJ Web Edition


---------------------
; Table of Contents ;
---------------------
  1. Legal Notice
  2. Timing Analyzer Summary
  3. Timing Analyzer Settings
  4. Parallel Compilation
  5. tpd
  6. Timing Analyzer Messages



----------------
; Legal Notice ;
----------------
Copyright (C) 1991-2010 Altera Corporation
Your use of Altera Corporation's design tools, logic functions 
and other software and tools, and its AMPP partner logic 
functions, and any output files from any of the foregoing 
(including device programming or simulation files), and any 
associated documentation or information are expressly subject 
to the terms and conditions of the Altera Program License 
Subscription Agreement, Altera MegaCore Function License 
Agreement, or other applicable license agreement, including, 
without limitation, that your use is for the sole purpose of 
programming logic devices manufactured by Altera and sold by 
Altera or its authorized distributors.  Please refer to the 
applicable agreement for further details.



+-----------------------------------------------------------------------------------------------------------------------------+
; Timing Analyzer Summary                                                                                                     ;
+------------------------------+-------+---------------+-------------+---------+-------+------------+----------+--------------+
; Type                         ; Slack ; Required Time ; Actual Time ; From    ; To    ; From Clock ; To Clock ; Failed Paths ;
+------------------------------+-------+---------------+-------------+---------+-------+------------+----------+--------------+
; Worst-case tpd               ; N/A   ; None          ; 18.626 ns   ; a_in[2] ; z_out ; --         ; --       ; 0            ;
; Total number of failed paths ;       ;               ;             ;         ;       ;            ;          ; 0            ;
+------------------------------+-------+---------------+-------------+---------+-------+------------+----------+--------------+


+-----------------------------------------------------------------------------------------------------------------------------------------------------+
; Timing Analyzer Settings                                                                                                                            ;
+------------------------------------------------------------------------------------------------------+--------------------+------+----+-------------+
; Option                                                                                               ; Setting            ; From ; To ; Entity Name ;
+------------------------------------------------------------------------------------------------------+--------------------+------+----+-------------+
; Device Name                                                                                          ; EP2C35F672C6       ;      ;    ;             ;
; Timing Models                                                                                        ; Final              ;      ;    ;             ;
; Default hold multicycle                                                                              ; Same as Multicycle ;      ;    ;             ;
; Cut paths between unrelated clock domains                                                            ; On                 ;      ;    ;             ;
; Cut off read during write signal paths                                                               ; On                 ;      ;    ;             ;
; Cut off feedback from I/O pins                                                                       ; On                 ;      ;    ;             ;
; Report Combined Fast/Slow Timing                                                                     ; Off                ;      ;    ;             ;
; Ignore Clock Settings                                                                                ; Off                ;      ;    ;             ;
; Analyze latches as synchronous elements                                                              ; On                 ;      ;    ;             ;
; Enable Recovery/Removal analysis                                                                     ; Off                ;      ;    ;             ;
; Enable Clock Latency                                                                                 ; Off                ;      ;    ;             ;
; Use TimeQuest Timing Analyzer                                                                        ; Off                ;      ;    ;             ;
; Minimum Core Junction Temperature                                                                    ; 0                  ;      ;    ;             ;
; Maximum Core Junction Temperature                                                                    ; 85                 ;      ;    ;             ;
; Number of source nodes to report per destination node                                                ; 10                 ;      ;    ;             ;
; Number of destination nodes to report                                                                ; 10                 ;      ;    ;             ;
; Number of paths to report                                                                            ; 200                ;      ;    ;             ;
; Report Minimum Timing Checks                                                                         ; Off                ;      ;    ;             ;
; Use Fast Timing Models                                                                               ; Off                ;      ;    ;             ;
; Report IO Paths Separately                                                                           ; Off                ;      ;    ;             ;
; Perform Multicorner Analysis                                                                         ; On                 ;      ;    ;             ;
; Reports the worst-case path for each clock domain and analysis                                       ; Off                ;      ;    ;             ;
; Reports worst-case timing paths for each clock domain and analysis                                   ; On                 ;      ;    ;             ;
; Specifies the maximum number of worst-case timing paths to report for each clock domain and analysis ; 100                ;      ;    ;             ;
; Removes common clock path pessimism (CCPP) during slack computation                                  ; Off                ;      ;    ;             ;
; Output I/O Timing Endpoint                                                                           ; Near End           ;      ;    ;             ;
+------------------------------------------------------------------------------------------------------+--------------------+------+----+-------------+


Parallel compilation was disabled, but you have multiple processors available. Enable parallel compilation to reduce compilation time.
+-------------------------------------+
; Parallel Compilation                ;
+----------------------------+--------+
; Processors                 ; Number ;
+----------------------------+--------+
; Number detected on machine ; 12     ;
; Maximum allowed            ; 1      ;
+----------------------------+--------+


+-----------------------------------------------------------------------------------------------------------------------------------------+
; tpd                                                                                                                                     ;
+-----------------------------------------+-----------------------------------------------------+-----------------+------------+----------+
; Slack                                   ; Required P2P Time                                   ; Actual P2P Time ; From       ; To       ;
+-----------------------------------------+-----------------------------------------------------+-----------------+------------+----------+
; N/A                                     ; None                                                ; 18.626 ns       ; a_in[2]    ; z_out    ;
; N/A                                     ; None                                                ; 18.354 ns       ; a_in[2]    ; dc_out   ;
; N/A                                     ; None                                                ; 17.954 ns       ; b_in[1]    ; z_out    ;
; N/A                                     ; None                                                ; 17.935 ns       ; a_in[0]    ; z_out    ;
; N/A                                     ; None                                                ; 17.829 ns       ; a_in[2]    ; c_out    ;
; N/A                                     ; None                                                ; 17.801 ns       ; a_in[1]    ; z_out    ;
; N/A                                     ; None                                                ; 17.797 ns       ; b_in[1]    ; dc_out   ;
; N/A                                     ; None                                                ; 17.794 ns       ; b_in[2]    ; z_out    ;
; N/A                                     ; None                                                ; 17.778 ns       ; a_in[0]    ; dc_out   ;
; N/A                                     ; None                                                ; 17.707 ns       ; b_in[4]    ; z_out    ;
; N/A                                     ; None                                                ; 17.702 ns       ; b_in[3]    ; z_out    ;
; N/A                                     ; None                                                ; 17.702 ns       ; b_in[5]    ; z_out    ;
; N/A                                     ; None                                                ; 17.701 ns       ; a_in[3]    ; z_out    ;
; N/A                                     ; None                                                ; 17.689 ns       ; a_in[2]    ; r_out[3] ;
; N/A                                     ; None                                                ; 17.649 ns       ; a_in[4]    ; z_out    ;
; N/A                                     ; None                                                ; 17.644 ns       ; a_in[1]    ; dc_out   ;
; N/A                                     ; None                                                ; 17.637 ns       ; b_in[2]    ; dc_out   ;
; N/A                                     ; None                                                ; 17.545 ns       ; b_in[3]    ; dc_out   ;
; N/A                                     ; None                                                ; 17.544 ns       ; a_in[3]    ; dc_out   ;
; N/A                                     ; None                                                ; 17.481 ns       ; a_in[5]    ; z_out    ;
; N/A                                     ; None                                                ; 17.353 ns       ; a_in[2]    ; r_out[2] ;
; N/A                                     ; None                                                ; 17.233 ns       ; b_in[4]    ; dc_out   ;
; N/A                                     ; None                                                ; 17.180 ns       ; a_in[4]    ; dc_out   ;
; N/A                                     ; None                                                ; 16.966 ns       ; a_in[2]    ; r_out[5] ;
; N/A                                     ; None                                                ; 16.925 ns       ; b_in[1]    ; r_out[2] ;
; N/A                                     ; None                                                ; 16.906 ns       ; a_in[0]    ; r_out[2] ;
; N/A                                     ; None                                                ; 16.895 ns       ; op_sel[3]  ; dc_out   ;
; N/A                                     ; None                                                ; 16.841 ns       ; a_in[6]    ; z_out    ;
; N/A                                     ; None                                                ; 16.832 ns       ; a_in[2]    ; r_out[6] ;
; N/A                                     ; None                                                ; 16.782 ns       ; op_sel[3]  ; z_out    ;
; N/A                                     ; None                                                ; 16.772 ns       ; a_in[1]    ; r_out[2] ;
; N/A                                     ; None                                                ; 16.751 ns       ; b_in[6]    ; z_out    ;
; N/A                                     ; None                                                ; 16.746 ns       ; a_in[0]    ; c_out    ;
; N/A                                     ; None                                                ; 16.730 ns       ; a_in[2]    ; r_out[4] ;
; N/A                                     ; None                                                ; 16.701 ns       ; op_sel[1]  ; dc_out   ;
; N/A                                     ; None                                                ; 16.641 ns       ; b_in[1]    ; r_out[3] ;
; N/A                                     ; None                                                ; 16.622 ns       ; a_in[0]    ; r_out[3] ;
; N/A                                     ; None                                                ; 16.572 ns       ; a_in[7]    ; c_out    ;
; N/A                                     ; None                                                ; 16.527 ns       ; a_in[3]    ; c_out    ;
; N/A                                     ; None                                                ; 16.506 ns       ; a_in[1]    ; c_out    ;
; N/A                                     ; None                                                ; 16.504 ns       ; bit_sel[2] ; z_out    ;
; N/A                                     ; None                                                ; 16.501 ns       ; op_sel[1]  ; z_out    ;
; N/A                                     ; None                                                ; 16.488 ns       ; a_in[1]    ; r_out[3] ;
; N/A                                     ; None                                                ; 16.485 ns       ; op_sel[3]  ; r_out[2] ;
; N/A                                     ; None                                                ; 16.481 ns       ; b_in[2]    ; r_out[3] ;
; N/A                                     ; None                                                ; 16.453 ns       ; b_in[2]    ; r_out[2] ;
; N/A                                     ; None                                                ; 16.447 ns       ; a_in[5]    ; c_out    ;
; N/A                                     ; None                                                ; 16.426 ns       ; b_in[1]    ; r_out[5] ;
; N/A                                     ; None                                                ; 16.407 ns       ; a_in[0]    ; r_out[5] ;
; N/A                                     ; None                                                ; 16.359 ns       ; a_in[6]    ; c_out    ;
; N/A                                     ; None                                                ; 16.323 ns       ; bit_sel[1] ; z_out    ;
; N/A                                     ; None                                                ; 16.304 ns       ; a_in[4]    ; c_out    ;
; N/A                                     ; None                                                ; 16.273 ns       ; a_in[1]    ; r_out[5] ;
; N/A                                     ; None                                                ; 16.271 ns       ; bit_sel[0] ; z_out    ;
; N/A                                     ; None                                                ; 16.266 ns       ; b_in[2]    ; r_out[5] ;
; N/A                                     ; None                                                ; 16.254 ns       ; b_in[1]    ; c_out    ;
; N/A                                     ; None                                                ; 16.179 ns       ; b_in[4]    ; r_out[5] ;
; N/A                                     ; None                                                ; 16.174 ns       ; b_in[3]    ; r_out[5] ;
; N/A                                     ; None                                                ; 16.174 ns       ; b_in[5]    ; r_out[5] ;
; N/A                                     ; None                                                ; 16.173 ns       ; a_in[3]    ; r_out[5] ;
; N/A                                     ; None                                                ; 16.173 ns       ; b_in[1]    ; r_out[4] ;
; N/A                                     ; None                                                ; 16.168 ns       ; bit_sel[1] ; c_out    ;
; N/A                                     ; None                                                ; 16.154 ns       ; a_in[0]    ; r_out[4] ;
; N/A                                     ; None                                                ; 16.140 ns       ; op_sel[1]  ; r_out[2] ;
; N/A                                     ; None                                                ; 16.139 ns       ; bit_sel[0] ; c_out    ;
; N/A                                     ; None                                                ; 16.128 ns       ; a_in[7]    ; z_out    ;
; N/A                                     ; None                                                ; 16.121 ns       ; a_in[4]    ; r_out[5] ;
; N/A                                     ; None                                                ; 16.077 ns       ; b_in[3]    ; r_out[3] ;
; N/A                                     ; None                                                ; 16.071 ns       ; a_in[3]    ; r_out[3] ;
; N/A                                     ; None                                                ; 16.020 ns       ; a_in[1]    ; r_out[4] ;
; N/A                                     ; None                                                ; 16.013 ns       ; b_in[2]    ; r_out[4] ;
; N/A                                     ; None                                                ; 15.997 ns       ; b_in[2]    ; c_out    ;
; N/A                                     ; None                                                ; 15.953 ns       ; a_in[5]    ; r_out[5] ;
; N/A                                     ; None                                                ; 15.949 ns       ; b_in[5]    ; c_out    ;
; N/A                                     ; None                                                ; 15.921 ns       ; b_in[3]    ; r_out[4] ;
; N/A                                     ; None                                                ; 15.920 ns       ; a_in[3]    ; r_out[4] ;
; N/A                                     ; None                                                ; 15.917 ns       ; b_in[3]    ; c_out    ;
; N/A                                     ; None                                                ; 15.870 ns       ; bit_sel[2] ; c_out    ;
; N/A                                     ; None                                                ; 15.867 ns       ; op_sel[3]  ; r_out[3] ;
; N/A                                     ; None                                                ; 15.861 ns       ; op_sel[3]  ; c_out    ;
; N/A                                     ; None                                                ; 15.835 ns       ; op_sel[1]  ; c_out    ;
; N/A                                     ; None                                                ; 15.823 ns       ; op_sel[2]  ; z_out    ;
; N/A                                     ; None                                                ; 15.755 ns       ; b_in[7]    ; c_out    ;
; N/A                                     ; None                                                ; 15.749 ns       ; a_in[0]    ; r_out[6] ;
; N/A                                     ; None                                                ; 15.744 ns       ; b_in[4]    ; c_out    ;
; N/A                                     ; None                                                ; 15.726 ns       ; b_in[7]    ; z_out    ;
; N/A                                     ; None                                                ; 15.697 ns       ; b_in[6]    ; c_out    ;
; N/A                                     ; None                                                ; 15.685 ns       ; op_sel[2]  ; c_out    ;
; N/A                                     ; None                                                ; 15.609 ns       ; b_in[4]    ; r_out[4] ;
; N/A                                     ; None                                                ; 15.594 ns       ; a_in[5]    ; dc_out   ;
; N/A                                     ; None                                                ; 15.589 ns       ; bit_sel[2] ; r_out[3] ;
; N/A                                     ; None                                                ; 15.586 ns       ; op_sel[1]  ; r_out[3] ;
; N/A                                     ; None                                                ; 15.556 ns       ; a_in[4]    ; r_out[4] ;
; N/A                                     ; None                                                ; 15.553 ns       ; a_in[2]    ; r_out[7] ;
; N/A                                     ; None                                                ; 15.530 ns       ; a_in[3]    ; r_out[6] ;
; N/A                                     ; None                                                ; 15.523 ns       ; op_sel[2]  ; dc_out   ;
; N/A                                     ; None                                                ; 15.509 ns       ; a_in[1]    ; r_out[6] ;
; N/A                                     ; None                                                ; 15.477 ns       ; b_in[5]    ; r_out[6] ;
; N/A                                     ; None                                                ; 15.450 ns       ; a_in[5]    ; r_out[6] ;
; N/A                                     ; None                                                ; 15.417 ns       ; b_in[1]    ; r_out[6] ;
; N/A                                     ; None                                                ; 15.408 ns       ; bit_sel[1] ; r_out[3] ;
; N/A                                     ; None                                                ; 15.399 ns       ; bit_sel[0] ; dc_out   ;
; N/A                                     ; None                                                ; 15.309 ns       ; bit_sel[2] ; r_out[2] ;
; N/A                                     ; None                                                ; 15.307 ns       ; a_in[4]    ; r_out[6] ;
; N/A                                     ; None                                                ; 15.281 ns       ; bit_sel[0] ; r_out[3] ;
; N/A                                     ; None                                                ; 15.264 ns       ; a_in[0]    ; r_out[0] ;
; N/A                                     ; None                                                ; 15.257 ns       ; b_in[2]    ; r_out[6] ;
; N/A                                     ; None                                                ; 15.252 ns       ; bit_sel[1] ; dc_out   ;
; N/A                                     ; None                                                ; 15.213 ns       ; a_in[7]    ; r_out[3] ;
; N/A                                     ; None                                                ; 15.170 ns       ; b_in[4]    ; r_out[6] ;
; N/A                                     ; None                                                ; 15.165 ns       ; b_in[3]    ; r_out[6] ;
; N/A                                     ; None                                                ; 15.136 ns       ; bit_sel[1] ; r_out[2] ;
; N/A                                     ; None                                                ; 15.124 ns       ; bit_sel[2] ; dc_out   ;
; N/A                                     ; None                                                ; 15.095 ns       ; op_sel[3]  ; r_out[4] ;
; N/A                                     ; None                                                ; 15.081 ns       ; op_sel[2]  ; r_out[2] ;
; N/A                                     ; None                                                ; 15.047 ns       ; a_in[6]    ; r_out[6] ;
; N/A                                     ; None                                                ; 15.009 ns       ; bit_sel[0] ; r_out[2] ;
; N/A                                     ; None                                                ; 14.961 ns       ; a_in[6]    ; r_out[2] ;
; N/A                                     ; None                                                ; 14.959 ns       ; a_in[4]    ; r_out[3] ;
; N/A                                     ; None                                                ; 14.957 ns       ; b_in[6]    ; r_out[6] ;
; N/A                                     ; None                                                ; 14.908 ns       ; op_sel[2]  ; r_out[3] ;
; N/A                                     ; None                                                ; 14.901 ns       ; op_sel[1]  ; r_out[4] ;
; N/A                                     ; None                                                ; 14.803 ns       ; a_in[3]    ; r_out[2] ;
; N/A                                     ; None                                                ; 14.725 ns       ; op_sel[3]  ; r_out[0] ;
; N/A                                     ; None                                                ; 14.719 ns       ; op_sel[1]  ; r_out[5] ;
; N/A                                     ; None                                                ; 14.711 ns       ; bit_sel[1] ; r_out[0] ;
; N/A                                     ; None                                                ; 14.682 ns       ; bit_sel[0] ; r_out[0] ;
; N/A                                     ; None                                                ; 14.470 ns       ; a_in[0]    ; r_out[7] ;
; N/A                                     ; None                                                ; 14.443 ns       ; op_sel[3]  ; r_out[5] ;
; N/A                                     ; None                                                ; 14.390 ns       ; bit_sel[2] ; r_out[0] ;
; N/A                                     ; None                                                ; 14.380 ns       ; b_in[1]    ; r_out[7] ;
; N/A                                     ; None                                                ; 14.349 ns       ; b_in[0]    ; z_out    ;
; N/A                                     ; None                                                ; 14.309 ns       ; bit_sel[2] ; r_out[5] ;
; N/A                                     ; None                                                ; 14.296 ns       ; a_in[7]    ; r_out[7] ;
; N/A                                     ; None                                                ; 14.282 ns       ; op_sel[1]  ; r_out[6] ;
; N/A                                     ; None                                                ; 14.271 ns       ; bit_sel[0] ; r_out[5] ;
; N/A                                     ; None                                                ; 14.270 ns       ; bit_sel[1] ; r_out[6] ;
; N/A                                     ; None                                                ; 14.251 ns       ; a_in[3]    ; r_out[7] ;
; N/A                                     ; None                                                ; 14.237 ns       ; bit_sel[0] ; r_out[6] ;
; N/A                                     ; None                                                ; 14.230 ns       ; a_in[1]    ; r_out[7] ;
; N/A                                     ; None                                                ; 14.192 ns       ; b_in[0]    ; dc_out   ;
; N/A                                     ; None                                                ; 14.171 ns       ; a_in[5]    ; r_out[7] ;
; N/A                                     ; None                                                ; 14.148 ns       ; bit_sel[1] ; r_out[5] ;
; N/A                                     ; None                                                ; 14.141 ns       ; op_sel[1]  ; r_out[0] ;
; N/A                                     ; None                                                ; 14.123 ns       ; b_in[2]    ; r_out[7] ;
; N/A                                     ; None                                                ; 14.083 ns       ; a_in[6]    ; r_out[7] ;
; N/A                                     ; None                                                ; 14.075 ns       ; b_in[5]    ; r_out[7] ;
; N/A                                     ; None                                                ; 14.043 ns       ; b_in[3]    ; r_out[7] ;
; N/A                                     ; None                                                ; 14.033 ns       ; op_sel[3]  ; r_out[6] ;
; N/A                                     ; None                                                ; 14.028 ns       ; a_in[4]    ; r_out[7] ;
; N/A                                     ; None                                                ; 13.961 ns       ; op_sel[1]  ; r_out[7] ;
; N/A                                     ; None                                                ; 13.945 ns       ; bit_sel[2] ; r_out[6] ;
; N/A                                     ; None                                                ; 13.904 ns       ; b_in[7]    ; r_out[7] ;
; N/A                                     ; None                                                ; 13.892 ns       ; bit_sel[1] ; r_out[7] ;
; N/A                                     ; None                                                ; 13.889 ns       ; op_sel[2]  ; r_out[6] ;
; N/A                                     ; None                                                ; 13.870 ns       ; b_in[4]    ; r_out[7] ;
; N/A                                     ; None                                                ; 13.863 ns       ; bit_sel[0] ; r_out[7] ;
; N/A                                     ; None                                                ; 13.857 ns       ; op_sel[2]  ; r_out[0] ;
; N/A                                     ; None                                                ; 13.794 ns       ; a_in[5]    ; r_out[4] ;
; N/A                                     ; None                                                ; 13.775 ns       ; bit_sel[0] ; r_out[4] ;
; N/A                                     ; None                                                ; 13.739 ns       ; op_sel[2]  ; r_out[5] ;
; N/A                                     ; None                                                ; 13.723 ns       ; op_sel[2]  ; r_out[4] ;
; N/A                                     ; None                                                ; 13.695 ns       ; op_sel[0]  ; z_out    ;
; N/A                                     ; None                                                ; 13.628 ns       ; bit_sel[1] ; r_out[4] ;
; N/A                                     ; None                                                ; 13.594 ns       ; bit_sel[2] ; r_out[7] ;
; N/A                                     ; None                                                ; 13.552 ns       ; op_sel[3]  ; r_out[7] ;
; N/A                                     ; None                                                ; 13.501 ns       ; op_sel[0]  ; c_out    ;
; N/A                                     ; None                                                ; 13.500 ns       ; bit_sel[2] ; r_out[4] ;
; N/A                                     ; None                                                ; 13.421 ns       ; b_in[6]    ; r_out[7] ;
; N/A                                     ; None                                                ; 13.409 ns       ; op_sel[2]  ; r_out[7] ;
; N/A                                     ; None                                                ; 13.353 ns       ; b_in[1]    ; r_out[1] ;
; N/A                                     ; None                                                ; 13.320 ns       ; b_in[0]    ; r_out[2] ;
; N/A                                     ; None                                                ; 13.320 ns       ; a_in[0]    ; r_out[1] ;
; N/A                                     ; None                                                ; 13.176 ns       ; op_sel[1]  ; r_out[1] ;
; N/A                                     ; None                                                ; 13.151 ns       ; a_in[7]    ; r_out[6] ;
; N/A                                     ; None                                                ; 13.036 ns       ; b_in[0]    ; r_out[3] ;
; N/A                                     ; None                                                ; 12.990 ns       ; bit_sel[0] ; r_out[1] ;
; N/A                                     ; None                                                ; 12.962 ns       ; a_in[6]    ; r_out[5] ;
; N/A                                     ; None                                                ; 12.846 ns       ; bit_sel[1] ; r_out[1] ;
; N/A                                     ; None                                                ; 12.821 ns       ; b_in[0]    ; r_out[5] ;
; N/A                                     ; None                                                ; 12.741 ns       ; a_in[1]    ; r_out[1] ;
; N/A                                     ; None                                                ; 12.697 ns       ; bit_sel[2] ; r_out[1] ;
; N/A                                     ; None                                                ; 12.675 ns       ; b_in[0]    ; c_out    ;
; N/A                                     ; None                                                ; 12.617 ns       ; a_in[2]    ; r_out[1] ;
; N/A                                     ; None                                                ; 12.568 ns       ; b_in[0]    ; r_out[4] ;
; N/A                                     ; None                                                ; 12.364 ns       ; a_in[1]    ; r_out[0] ;
; N/A                                     ; None                                                ; 12.302 ns       ; op_sel[0]  ; r_out[3] ;
; N/A                                     ; None                                                ; 12.257 ns       ; a_in[4]    ; r_out[0] ;
; N/A                                     ; None                                                ; 12.238 ns       ; op_sel[0]  ; r_out[2] ;
; N/A                                     ; None                                                ; 12.041 ns       ; op_sel[0]  ; dc_out   ;
; N/A                                     ; None                                                ; 11.953 ns       ; a_in[5]    ; r_out[1] ;
; N/A                                     ; None                                                ; 11.812 ns       ; b_in[0]    ; r_out[6] ;
; N/A                                     ; None                                                ; 11.629 ns       ; b_in[0]    ; r_out[0] ;
; N/A                                     ; None                                                ; 11.488 ns       ; op_sel[0]  ; r_out[1] ;
; N/A                                     ; None                                                ; 11.103 ns       ; op_sel[0]  ; r_out[5] ;
; N/A                                     ; None                                                ; 10.936 ns       ; op_sel[0]  ; r_out[7] ;
; N/A                                     ; None                                                ; 10.932 ns       ; op_sel[3]  ; r_out[1] ;
; N/A                                     ; None                                                ; 10.805 ns       ; c_in       ; z_out    ;
; N/A                                     ; None                                                ; 10.801 ns       ; b_in[0]    ; r_out[7] ;
; N/A                                     ; None                                                ; 10.687 ns       ; op_sel[2]  ; r_out[1] ;
; Timing analysis restricted to 200 rows. ; To change the limit use Settings (Assignments menu) ;                 ;            ;          ;
+-----------------------------------------+-----------------------------------------------------+-----------------+------------+----------+


+--------------------------+
; Timing Analyzer Messages ;
+--------------------------+
Info: *******************************************************************
Info: Running Quartus II Classic Timing Analyzer
    Info: Version 9.1 Build 350 03/24/2010 Service Pack 2 SJ Web Edition
    Info: Processing started: Thu Oct 19 22:11:30 2023
Info: Command: quartus_tan --read_settings_files=off --write_settings_files=off alu -c alu --timing_analysis_only
Info: Longest tpd from source pin "a_in[2]" to destination pin "z_out" is 18.626 ns
    Info: 1: + IC(0.000 ns) + CELL(0.830 ns) = 0.830 ns; Loc. = PIN_W16; Fanout = 14; PIN Node = 'a_in[2]'
    Info: 2: + IC(6.656 ns) + CELL(0.393 ns) = 7.879 ns; Loc. = LCCOMB_X43_Y29_N8; Fanout = 2; COMB Node = 'Add1~5'
    Info: 3: + IC(0.000 ns) + CELL(0.071 ns) = 7.950 ns; Loc. = LCCOMB_X43_Y29_N10; Fanout = 2; COMB Node = 'Add1~7'
    Info: 4: + IC(0.000 ns) + CELL(0.071 ns) = 8.021 ns; Loc. = LCCOMB_X43_Y29_N12; Fanout = 2; COMB Node = 'Add1~9'
    Info: 5: + IC(0.000 ns) + CELL(0.159 ns) = 8.180 ns; Loc. = LCCOMB_X43_Y29_N14; Fanout = 2; COMB Node = 'Add1~11'
    Info: 6: + IC(0.000 ns) + CELL(0.410 ns) = 8.590 ns; Loc. = LCCOMB_X43_Y29_N16; Fanout = 1; COMB Node = 'Add1~12'
    Info: 7: + IC(0.660 ns) + CELL(0.416 ns) = 9.666 ns; Loc. = LCCOMB_X44_Y29_N28; Fanout = 1; COMB Node = 'Mux10~0'
    Info: 8: + IC(0.435 ns) + CELL(0.150 ns) = 10.251 ns; Loc. = LCCOMB_X45_Y29_N14; Fanout = 1; COMB Node = 'Mux10~1'
    Info: 9: + IC(0.773 ns) + CELL(0.275 ns) = 11.299 ns; Loc. = LCCOMB_X44_Y28_N26; Fanout = 1; COMB Node = 'Mux10~2'
    Info: 10: + IC(0.681 ns) + CELL(0.271 ns) = 12.251 ns; Loc. = LCCOMB_X44_Y28_N20; Fanout = 1; COMB Node = 'Mux10~3'
    Info: 11: + IC(0.662 ns) + CELL(0.150 ns) = 13.063 ns; Loc. = LCCOMB_X43_Y28_N8; Fanout = 2; COMB Node = 'Mux10~8'
    Info: 12: + IC(0.251 ns) + CELL(0.371 ns) = 13.685 ns; Loc. = LCCOMB_X43_Y28_N6; Fanout = 1; COMB Node = 'z_out~4'
    Info: 13: + IC(0.266 ns) + CELL(0.437 ns) = 14.388 ns; Loc. = LCCOMB_X43_Y28_N0; Fanout = 1; COMB Node = 'z_out~5'
    Info: 14: + IC(1.460 ns) + CELL(2.778 ns) = 18.626 ns; Loc. = PIN_H17; Fanout = 0; PIN Node = 'z_out'
    Info: Total cell delay = 6.782 ns ( 36.41 % )
    Info: Total interconnect delay = 11.844 ns ( 63.59 % )
Info: Quartus II Classic Timing Analyzer was successful. 0 errors, 0 warnings
    Info: Peak virtual memory: 174 megabytes
    Info: Processing ended: Thu Oct 19 22:11:30 2023
    Info: Elapsed time: 00:00:00
    Info: Total CPU time (on all processors): 00:00:00


