Classic Timing Analyzer report for W_reg
Sun Nov 12 14:41:04 2023
Quartus II Version 9.1 Build 350 03/24/2010 Service Pack 2 SJ Web Edition


---------------------
; Table of Contents ;
---------------------
  1. Legal Notice
  2. Timing Analyzer Summary
  3. Timing Analyzer Settings
  4. Clock Settings Summary
  5. Parallel Compilation
  6. tsu
  7. tco
  8. th
  9. Timing Analyzer Messages



----------------
; Legal Notice ;
----------------
Copyright (C) 1991-2010 Altera Corporation
Your use of Altera Corporation's design tools, logic functions 
and other software and tools, and its AMPP partner logic 
functions, and any output files from any of the foregoing 
(including device programming or simulation files), and any 
associated documentation or information are expressly subject 
to the terms and conditions of the Altera Program License 
Subscription Agreement, Altera MegaCore Function License 
Agreement, or other applicable license agreement, including, 
without limitation, that your use is for the sole purpose of 
programming logic devices manufactured by Altera and sold by 
Altera or its authorized distributors.  Please refer to the 
applicable agreement for further details.



+-----------------------------------------------------------------------------------------------------------------------------------+
; Timing Analyzer Summary                                                                                                           ;
+------------------------------+-------+---------------+-------------+-----------+-----------+------------+----------+--------------+
; Type                         ; Slack ; Required Time ; Actual Time ; From      ; To        ; From Clock ; To Clock ; Failed Paths ;
+------------------------------+-------+---------------+-------------+-----------+-----------+------------+----------+--------------+
; Worst-case tsu               ; N/A   ; None          ; 4.320 ns    ; d_in[1]   ; q_temp[1] ; --         ; clk_in   ; 0            ;
; Worst-case tco               ; N/A   ; None          ; 9.085 ns    ; q_temp[1] ; q_out[1]  ; clk_in     ; --       ; 0            ;
; Worst-case th                ; N/A   ; None          ; 0.899 ns    ; d_in[0]   ; q_temp[0] ; --         ; clk_in   ; 0            ;
; Total number of failed paths ;       ;               ;             ;           ;           ;            ;          ; 0            ;
+------------------------------+-------+---------------+-------------+-----------+-----------+------------+----------+--------------+


+-----------------------------------------------------------------------------------------------------------------------------------------------------+
; Timing Analyzer Settings                                                                                                                            ;
+------------------------------------------------------------------------------------------------------+--------------------+------+----+-------------+
; Option                                                                                               ; Setting            ; From ; To ; Entity Name ;
+------------------------------------------------------------------------------------------------------+--------------------+------+----+-------------+
; Device Name                                                                                          ; EP2C35F672C6       ;      ;    ;             ;
; Timing Models                                                                                        ; Final              ;      ;    ;             ;
; Default hold multicycle                                                                              ; Same as Multicycle ;      ;    ;             ;
; Cut paths between unrelated clock domains                                                            ; On                 ;      ;    ;             ;
; Cut off read during write signal paths                                                               ; On                 ;      ;    ;             ;
; Cut off feedback from I/O pins                                                                       ; On                 ;      ;    ;             ;
; Report Combined Fast/Slow Timing                                                                     ; Off                ;      ;    ;             ;
; Ignore Clock Settings                                                                                ; Off                ;      ;    ;             ;
; Analyze latches as synchronous elements                                                              ; On                 ;      ;    ;             ;
; Enable Recovery/Removal analysis                                                                     ; Off                ;      ;    ;             ;
; Enable Clock Latency                                                                                 ; Off                ;      ;    ;             ;
; Use TimeQuest Timing Analyzer                                                                        ; Off                ;      ;    ;             ;
; Minimum Core Junction Temperature                                                                    ; 0                  ;      ;    ;             ;
; Maximum Core Junction Temperature                                                                    ; 85                 ;      ;    ;             ;
; Number of source nodes to report per destination node                                                ; 10                 ;      ;    ;             ;
; Number of destination nodes to report                                                                ; 10                 ;      ;    ;             ;
; Number of paths to report                                                                            ; 200                ;      ;    ;             ;
; Report Minimum Timing Checks                                                                         ; Off                ;      ;    ;             ;
; Use Fast Timing Models                                                                               ; Off                ;      ;    ;             ;
; Report IO Paths Separately                                                                           ; Off                ;      ;    ;             ;
; Perform Multicorner Analysis                                                                         ; On                 ;      ;    ;             ;
; Reports the worst-case path for each clock domain and analysis                                       ; Off                ;      ;    ;             ;
; Reports worst-case timing paths for each clock domain and analysis                                   ; On                 ;      ;    ;             ;
; Specifies the maximum number of worst-case timing paths to report for each clock domain and analysis ; 100                ;      ;    ;             ;
; Removes common clock path pessimism (CCPP) during slack computation                                  ; Off                ;      ;    ;             ;
; Output I/O Timing Endpoint                                                                           ; Near End           ;      ;    ;             ;
+------------------------------------------------------------------------------------------------------+--------------------+------+----+-------------+


+------------------------------------------------------------------------------------------------------------------------------------------------------------------------------------+
; Clock Settings Summary                                                                                                                                                             ;
+-----------------+--------------------+----------+------------------+---------------+--------------+----------+-----------------------+---------------------+--------+--------------+
; Clock Node Name ; Clock Setting Name ; Type     ; Fmax Requirement ; Early Latency ; Late Latency ; Based on ; Multiply Base Fmax by ; Divide Base Fmax by ; Offset ; Phase offset ;
+-----------------+--------------------+----------+------------------+---------------+--------------+----------+-----------------------+---------------------+--------+--------------+
; clk_in          ;                    ; User Pin ; None             ; 0.000 ns      ; 0.000 ns     ; --       ; N/A                   ; N/A                 ; N/A    ;              ;
+-----------------+--------------------+----------+------------------+---------------+--------------+----------+-----------------------+---------------------+--------+--------------+


Parallel compilation was disabled, but you have multiple processors available. Enable parallel compilation to reduce compilation time.
+-------------------------------------+
; Parallel Compilation                ;
+----------------------------+--------+
; Processors                 ; Number ;
+----------------------------+--------+
; Number detected on machine ; 12     ;
; Maximum allowed            ; 1      ;
+----------------------------+--------+


+--------------------------------------------------------------------+
; tsu                                                                ;
+-------+--------------+------------+---------+-----------+----------+
; Slack ; Required tsu ; Actual tsu ; From    ; To        ; To Clock ;
+-------+--------------+------------+---------+-----------+----------+
; N/A   ; None         ; 4.320 ns   ; d_in[1] ; q_temp[1] ; clk_in   ;
; N/A   ; None         ; 4.240 ns   ; wr_en   ; q_temp[0] ; clk_in   ;
; N/A   ; None         ; 4.240 ns   ; wr_en   ; q_temp[1] ; clk_in   ;
; N/A   ; None         ; 4.240 ns   ; wr_en   ; q_temp[2] ; clk_in   ;
; N/A   ; None         ; 4.240 ns   ; wr_en   ; q_temp[3] ; clk_in   ;
; N/A   ; None         ; 4.240 ns   ; wr_en   ; q_temp[4] ; clk_in   ;
; N/A   ; None         ; 4.240 ns   ; wr_en   ; q_temp[5] ; clk_in   ;
; N/A   ; None         ; 4.240 ns   ; wr_en   ; q_temp[6] ; clk_in   ;
; N/A   ; None         ; 4.240 ns   ; wr_en   ; q_temp[7] ; clk_in   ;
; N/A   ; None         ; 3.975 ns   ; d_in[5] ; q_temp[5] ; clk_in   ;
; N/A   ; None         ; 3.749 ns   ; d_in[6] ; q_temp[6] ; clk_in   ;
; N/A   ; None         ; 3.667 ns   ; d_in[3] ; q_temp[3] ; clk_in   ;
; N/A   ; None         ; 3.414 ns   ; d_in[7] ; q_temp[7] ; clk_in   ;
; N/A   ; None         ; 3.354 ns   ; d_in[2] ; q_temp[2] ; clk_in   ;
; N/A   ; None         ; 3.309 ns   ; d_in[4] ; q_temp[4] ; clk_in   ;
; N/A   ; None         ; 0.340 ns   ; nrst    ; q_temp[0] ; clk_in   ;
; N/A   ; None         ; 0.340 ns   ; nrst    ; q_temp[1] ; clk_in   ;
; N/A   ; None         ; 0.340 ns   ; nrst    ; q_temp[2] ; clk_in   ;
; N/A   ; None         ; 0.340 ns   ; nrst    ; q_temp[3] ; clk_in   ;
; N/A   ; None         ; 0.340 ns   ; nrst    ; q_temp[4] ; clk_in   ;
; N/A   ; None         ; 0.340 ns   ; nrst    ; q_temp[5] ; clk_in   ;
; N/A   ; None         ; 0.340 ns   ; nrst    ; q_temp[6] ; clk_in   ;
; N/A   ; None         ; 0.340 ns   ; nrst    ; q_temp[7] ; clk_in   ;
; N/A   ; None         ; -0.669 ns  ; d_in[0] ; q_temp[0] ; clk_in   ;
+-------+--------------+------------+---------+-----------+----------+


+-----------------------------------------------------------------------+
; tco                                                                   ;
+-------+--------------+------------+-----------+----------+------------+
; Slack ; Required tco ; Actual tco ; From      ; To       ; From Clock ;
+-------+--------------+------------+-----------+----------+------------+
; N/A   ; None         ; 9.085 ns   ; q_temp[1] ; q_out[1] ; clk_in     ;
; N/A   ; None         ; 8.935 ns   ; q_temp[0] ; q_out[0] ; clk_in     ;
; N/A   ; None         ; 8.910 ns   ; q_temp[4] ; q_out[4] ; clk_in     ;
; N/A   ; None         ; 8.891 ns   ; q_temp[7] ; q_out[7] ; clk_in     ;
; N/A   ; None         ; 7.901 ns   ; q_temp[5] ; q_out[5] ; clk_in     ;
; N/A   ; None         ; 7.542 ns   ; q_temp[6] ; q_out[6] ; clk_in     ;
; N/A   ; None         ; 6.604 ns   ; q_temp[3] ; q_out[3] ; clk_in     ;
; N/A   ; None         ; 6.400 ns   ; q_temp[2] ; q_out[2] ; clk_in     ;
+-------+--------------+------------+-----------+----------+------------+


+--------------------------------------------------------------------------+
; th                                                                       ;
+---------------+-------------+-----------+---------+-----------+----------+
; Minimum Slack ; Required th ; Actual th ; From    ; To        ; To Clock ;
+---------------+-------------+-----------+---------+-----------+----------+
; N/A           ; None        ; 0.899 ns  ; d_in[0] ; q_temp[0] ; clk_in   ;
; N/A           ; None        ; 0.703 ns  ; nrst    ; q_temp[6] ; clk_in   ;
; N/A           ; None        ; 0.701 ns  ; nrst    ; q_temp[0] ; clk_in   ;
; N/A           ; None        ; 0.694 ns  ; nrst    ; q_temp[5] ; clk_in   ;
; N/A           ; None        ; 0.691 ns  ; nrst    ; q_temp[7] ; clk_in   ;
; N/A           ; None        ; 0.689 ns  ; nrst    ; q_temp[3] ; clk_in   ;
; N/A           ; None        ; 0.688 ns  ; nrst    ; q_temp[2] ; clk_in   ;
; N/A           ; None        ; 0.563 ns  ; nrst    ; q_temp[4] ; clk_in   ;
; N/A           ; None        ; 0.557 ns  ; nrst    ; q_temp[1] ; clk_in   ;
; N/A           ; None        ; -3.079 ns ; d_in[4] ; q_temp[4] ; clk_in   ;
; N/A           ; None        ; -3.124 ns ; d_in[2] ; q_temp[2] ; clk_in   ;
; N/A           ; None        ; -3.184 ns ; d_in[7] ; q_temp[7] ; clk_in   ;
; N/A           ; None        ; -3.437 ns ; d_in[3] ; q_temp[3] ; clk_in   ;
; N/A           ; None        ; -3.519 ns ; d_in[6] ; q_temp[6] ; clk_in   ;
; N/A           ; None        ; -3.745 ns ; d_in[5] ; q_temp[5] ; clk_in   ;
; N/A           ; None        ; -4.010 ns ; wr_en   ; q_temp[0] ; clk_in   ;
; N/A           ; None        ; -4.010 ns ; wr_en   ; q_temp[1] ; clk_in   ;
; N/A           ; None        ; -4.010 ns ; wr_en   ; q_temp[2] ; clk_in   ;
; N/A           ; None        ; -4.010 ns ; wr_en   ; q_temp[3] ; clk_in   ;
; N/A           ; None        ; -4.010 ns ; wr_en   ; q_temp[4] ; clk_in   ;
; N/A           ; None        ; -4.010 ns ; wr_en   ; q_temp[5] ; clk_in   ;
; N/A           ; None        ; -4.010 ns ; wr_en   ; q_temp[6] ; clk_in   ;
; N/A           ; None        ; -4.010 ns ; wr_en   ; q_temp[7] ; clk_in   ;
; N/A           ; None        ; -4.090 ns ; d_in[1] ; q_temp[1] ; clk_in   ;
+---------------+-------------+-----------+---------+-----------+----------+


+--------------------------+
; Timing Analyzer Messages ;
+--------------------------+
Info: *******************************************************************
Info: Running Quartus II Classic Timing Analyzer
    Info: Version 9.1 Build 350 03/24/2010 Service Pack 2 SJ Web Edition
    Info: Processing started: Sun Nov 12 14:41:04 2023
Info: Command: quartus_tan --read_settings_files=off --write_settings_files=off W_reg -c W_reg --timing_analysis_only
Warning: Found pins functioning as undefined clocks and/or memory enables
    Info: Assuming node "clk_in" is an undefined clock
Info: No valid register-to-register data paths exist for clock "clk_in"
Info: tsu for register "q_temp[1]" (data pin = "d_in[1]", clock pin = "clk_in") is 4.320 ns
    Info: + Longest pin to register delay is 7.054 ns
        Info: 1: + IC(0.000 ns) + CELL(0.850 ns) = 0.850 ns; Loc. = PIN_AD11; Fanout = 1; PIN Node = 'd_in[1]'
        Info: 2: + IC(5.845 ns) + CELL(0.275 ns) = 6.970 ns; Loc. = LCCOMB_X28_Y35_N10; Fanout = 1; COMB Node = 'q_temp~2'
        Info: 3: + IC(0.000 ns) + CELL(0.084 ns) = 7.054 ns; Loc. = LCFF_X28_Y35_N11; Fanout = 1; REG Node = 'q_temp[1]'
        Info: Total cell delay = 1.209 ns ( 17.14 % )
        Info: Total interconnect delay = 5.845 ns ( 82.86 % )
    Info: + Micro setup delay of destination is -0.036 ns
    Info: - Shortest clock path from clock "clk_in" to destination register is 2.698 ns
        Info: 1: + IC(0.000 ns) + CELL(0.999 ns) = 0.999 ns; Loc. = PIN_P2; Fanout = 1; CLK Node = 'clk_in'
        Info: 2: + IC(0.118 ns) + CELL(0.000 ns) = 1.117 ns; Loc. = CLKCTRL_G3; Fanout = 8; COMB Node = 'clk_in~clkctrl'
        Info: 3: + IC(1.044 ns) + CELL(0.537 ns) = 2.698 ns; Loc. = LCFF_X28_Y35_N11; Fanout = 1; REG Node = 'q_temp[1]'
        Info: Total cell delay = 1.536 ns ( 56.93 % )
        Info: Total interconnect delay = 1.162 ns ( 43.07 % )
Info: tco from clock "clk_in" to destination pin "q_out[1]" through register "q_temp[1]" is 9.085 ns
    Info: + Longest clock path from clock "clk_in" to source register is 2.698 ns
        Info: 1: + IC(0.000 ns) + CELL(0.999 ns) = 0.999 ns; Loc. = PIN_P2; Fanout = 1; CLK Node = 'clk_in'
        Info: 2: + IC(0.118 ns) + CELL(0.000 ns) = 1.117 ns; Loc. = CLKCTRL_G3; Fanout = 8; COMB Node = 'clk_in~clkctrl'
        Info: 3: + IC(1.044 ns) + CELL(0.537 ns) = 2.698 ns; Loc. = LCFF_X28_Y35_N11; Fanout = 1; REG Node = 'q_temp[1]'
        Info: Total cell delay = 1.536 ns ( 56.93 % )
        Info: Total interconnect delay = 1.162 ns ( 43.07 % )
    Info: + Micro clock to output delay of source is 0.250 ns
    Info: + Longest register to pin delay is 6.137 ns
        Info: 1: + IC(0.000 ns) + CELL(0.000 ns) = 0.000 ns; Loc. = LCFF_X28_Y35_N11; Fanout = 1; REG Node = 'q_temp[1]'
        Info: 2: + IC(3.369 ns) + CELL(2.768 ns) = 6.137 ns; Loc. = PIN_AA12; Fanout = 0; PIN Node = 'q_out[1]'
        Info: Total cell delay = 2.768 ns ( 45.10 % )
        Info: Total interconnect delay = 3.369 ns ( 54.90 % )
Info: th for register "q_temp[0]" (data pin = "d_in[0]", clock pin = "clk_in") is 0.899 ns
    Info: + Longest clock path from clock "clk_in" to destination register is 2.698 ns
        Info: 1: + IC(0.000 ns) + CELL(0.999 ns) = 0.999 ns; Loc. = PIN_P2; Fanout = 1; CLK Node = 'clk_in'
        Info: 2: + IC(0.118 ns) + CELL(0.000 ns) = 1.117 ns; Loc. = CLKCTRL_G3; Fanout = 8; COMB Node = 'clk_in~clkctrl'
        Info: 3: + IC(1.044 ns) + CELL(0.537 ns) = 2.698 ns; Loc. = LCFF_X28_Y35_N9; Fanout = 1; REG Node = 'q_temp[0]'
        Info: Total cell delay = 1.536 ns ( 56.93 % )
        Info: Total interconnect delay = 1.162 ns ( 43.07 % )
    Info: + Micro hold delay of destination is 0.266 ns
    Info: - Shortest pin to register delay is 2.065 ns
        Info: 1: + IC(0.000 ns) + CELL(0.979 ns) = 0.979 ns; Loc. = PIN_D13; Fanout = 1; PIN Node = 'd_in[0]'
        Info: 2: + IC(0.852 ns) + CELL(0.150 ns) = 1.981 ns; Loc. = LCCOMB_X28_Y35_N8; Fanout = 1; COMB Node = 'q_temp~0'
        Info: 3: + IC(0.000 ns) + CELL(0.084 ns) = 2.065 ns; Loc. = LCFF_X28_Y35_N9; Fanout = 1; REG Node = 'q_temp[0]'
        Info: Total cell delay = 1.213 ns ( 58.74 % )
        Info: Total interconnect delay = 0.852 ns ( 41.26 % )
Info: Quartus II Classic Timing Analyzer was successful. 0 errors, 1 warning
    Info: Peak virtual memory: 174 megabytes
    Info: Processing ended: Sun Nov 12 14:41:04 2023
    Info: Elapsed time: 00:00:00
    Info: Total CPU time (on all processors): 00:00:00


