Classic Timing Analyzer report for FSR_reg
Sun Nov 12 15:11:15 2023
Quartus II Version 9.1 Build 350 03/24/2010 Service Pack 2 SJ Web Edition


---------------------
; Table of Contents ;
---------------------
  1. Legal Notice
  2. Timing Analyzer Summary
  3. Timing Analyzer Settings
  4. Clock Settings Summary
  5. Parallel Compilation
  6. Clock Setup: 'clk_in'
  7. tsu
  8. tco
  9. th
 10. Timing Analyzer Messages



----------------
; Legal Notice ;
----------------
Copyright (C) 1991-2010 Altera Corporation
Your use of Altera Corporation's design tools, logic functions 
and other software and tools, and its AMPP partner logic 
functions, and any output files from any of the foregoing 
(including device programming or simulation files), and any 
associated documentation or information are expressly subject 
to the terms and conditions of the Altera Program License 
Subscription Agreement, Altera MegaCore Function License 
Agreement, or other applicable license agreement, including, 
without limitation, that your use is for the sole purpose of 
programming logic devices manufactured by Altera and sold by 
Altera or its authorized distributors.  Please refer to the 
applicable agreement for further details.



+------------------------------------------------------------------------------------------------------------------------------------------------------------------------------------+
; Timing Analyzer Summary                                                                                                                                                            ;
+------------------------------+-------+---------------+------------------------------------------------+------------------+------------------+------------+----------+--------------+
; Type                         ; Slack ; Required Time ; Actual Time                                    ; From             ; To               ; From Clock ; To Clock ; Failed Paths ;
+------------------------------+-------+---------------+------------------------------------------------+------------------+------------------+------------+----------+--------------+
; Worst-case tsu               ; N/A   ; None          ; 6.926 ns                                       ; abus_in[2]       ; temp[3]          ; --         ; clk_in   ; 0            ;
; Worst-case tco               ; N/A   ; None          ; 10.420 ns                                      ; dbus_out[3]~reg0 ; dbus_out[3]      ; clk_in     ; --       ; 0            ;
; Worst-case th                ; N/A   ; None          ; -0.680 ns                                      ; nrst             ; dbus_out[7]~reg0 ; --         ; clk_in   ; 0            ;
; Clock Setup: 'clk_in'        ; N/A   ; None          ; Restricted to 420.17 MHz ( period = 2.380 ns ) ; temp[4]          ; dbus_out[4]~reg0 ; clk_in     ; clk_in   ; 0            ;
; Total number of failed paths ;       ;               ;                                                ;                  ;                  ;            ;          ; 0            ;
+------------------------------+-------+---------------+------------------------------------------------+------------------+------------------+------------+----------+--------------+


+-----------------------------------------------------------------------------------------------------------------------------------------------------+
; Timing Analyzer Settings                                                                                                                            ;
+------------------------------------------------------------------------------------------------------+--------------------+------+----+-------------+
; Option                                                                                               ; Setting            ; From ; To ; Entity Name ;
+------------------------------------------------------------------------------------------------------+--------------------+------+----+-------------+
; Device Name                                                                                          ; EP2C35F672C6       ;      ;    ;             ;
; Timing Models                                                                                        ; Final              ;      ;    ;             ;
; Default hold multicycle                                                                              ; Same as Multicycle ;      ;    ;             ;
; Cut paths between unrelated clock domains                                                            ; On                 ;      ;    ;             ;
; Cut off read during write signal paths                                                               ; On                 ;      ;    ;             ;
; Cut off feedback from I/O pins                                                                       ; On                 ;      ;    ;             ;
; Report Combined Fast/Slow Timing                                                                     ; Off                ;      ;    ;             ;
; Ignore Clock Settings                                                                                ; Off                ;      ;    ;             ;
; Analyze latches as synchronous elements                                                              ; On                 ;      ;    ;             ;
; Enable Recovery/Removal analysis                                                                     ; Off                ;      ;    ;             ;
; Enable Clock Latency                                                                                 ; Off                ;      ;    ;             ;
; Use TimeQuest Timing Analyzer                                                                        ; Off                ;      ;    ;             ;
; Minimum Core Junction Temperature                                                                    ; 0                  ;      ;    ;             ;
; Maximum Core Junction Temperature                                                                    ; 85                 ;      ;    ;             ;
; Number of source nodes to report per destination node                                                ; 10                 ;      ;    ;             ;
; Number of destination nodes to report                                                                ; 10                 ;      ;    ;             ;
; Number of paths to report                                                                            ; 200                ;      ;    ;             ;
; Report Minimum Timing Checks                                                                         ; Off                ;      ;    ;             ;
; Use Fast Timing Models                                                                               ; Off                ;      ;    ;             ;
; Report IO Paths Separately                                                                           ; Off                ;      ;    ;             ;
; Perform Multicorner Analysis                                                                         ; On                 ;      ;    ;             ;
; Reports the worst-case path for each clock domain and analysis                                       ; Off                ;      ;    ;             ;
; Reports worst-case timing paths for each clock domain and analysis                                   ; On                 ;      ;    ;             ;
; Specifies the maximum number of worst-case timing paths to report for each clock domain and analysis ; 100                ;      ;    ;             ;
; Removes common clock path pessimism (CCPP) during slack computation                                  ; Off                ;      ;    ;             ;
; Output I/O Timing Endpoint                                                                           ; Near End           ;      ;    ;             ;
+------------------------------------------------------------------------------------------------------+--------------------+------+----+-------------+


+------------------------------------------------------------------------------------------------------------------------------------------------------------------------------------+
; Clock Settings Summary                                                                                                                                                             ;
+-----------------+--------------------+----------+------------------+---------------+--------------+----------+-----------------------+---------------------+--------+--------------+
; Clock Node Name ; Clock Setting Name ; Type     ; Fmax Requirement ; Early Latency ; Late Latency ; Based on ; Multiply Base Fmax by ; Divide Base Fmax by ; Offset ; Phase offset ;
+-----------------+--------------------+----------+------------------+---------------+--------------+----------+-----------------------+---------------------+--------+--------------+
; clk_in          ;                    ; User Pin ; None             ; 0.000 ns      ; 0.000 ns     ; --       ; N/A                   ; N/A                 ; N/A    ;              ;
+-----------------+--------------------+----------+------------------+---------------+--------------+----------+-----------------------+---------------------+--------+--------------+


Parallel compilation was disabled, but you have multiple processors available. Enable parallel compilation to reduce compilation time.
+-------------------------------------+
; Parallel Compilation                ;
+----------------------------+--------+
; Processors                 ; Number ;
+----------------------------+--------+
; Number detected on machine ; 12     ;
; Maximum allowed            ; 1      ;
+----------------------------+--------+


+-------------------------------------------------------------------------------------------------------------------------------------------------------------------------------------------------+
; Clock Setup: 'clk_in'                                                                                                                                                                           ;
+-------+------------------------------------------------+---------+------------------+------------+----------+-----------------------------+---------------------------+-------------------------+
; Slack ; Actual fmax (period)                           ; From    ; To               ; From Clock ; To Clock ; Required Setup Relationship ; Required Longest P2P Time ; Actual Longest P2P Time ;
+-------+------------------------------------------------+---------+------------------+------------+----------+-----------------------------+---------------------------+-------------------------+
; N/A   ; Restricted to 420.17 MHz ( period = 2.380 ns ) ; temp[4] ; dbus_out[4]~reg0 ; clk_in     ; clk_in   ; None                        ; None                      ; 0.550 ns                ;
; N/A   ; Restricted to 420.17 MHz ( period = 2.380 ns ) ; temp[6] ; dbus_out[6]~reg0 ; clk_in     ; clk_in   ; None                        ; None                      ; 0.546 ns                ;
; N/A   ; Restricted to 420.17 MHz ( period = 2.380 ns ) ; temp[1] ; dbus_out[1]~reg0 ; clk_in     ; clk_in   ; None                        ; None                      ; 0.544 ns                ;
; N/A   ; Restricted to 420.17 MHz ( period = 2.380 ns ) ; temp[5] ; dbus_out[5]~reg0 ; clk_in     ; clk_in   ; None                        ; None                      ; 0.544 ns                ;
; N/A   ; Restricted to 420.17 MHz ( period = 2.380 ns ) ; temp[2] ; dbus_out[2]~reg0 ; clk_in     ; clk_in   ; None                        ; None                      ; 0.543 ns                ;
; N/A   ; Restricted to 420.17 MHz ( period = 2.380 ns ) ; temp[7] ; dbus_out[7]~reg0 ; clk_in     ; clk_in   ; None                        ; None                      ; 0.543 ns                ;
; N/A   ; Restricted to 420.17 MHz ( period = 2.380 ns ) ; temp[0] ; dbus_out[0]~reg0 ; clk_in     ; clk_in   ; None                        ; None                      ; 0.541 ns                ;
; N/A   ; Restricted to 420.17 MHz ( period = 2.380 ns ) ; temp[3] ; dbus_out[3]~reg0 ; clk_in     ; clk_in   ; None                        ; None                      ; 0.539 ns                ;
+-------+------------------------------------------------+---------+------------------+------------+----------+-----------------------------+---------------------------+-------------------------+


+-------------------------------------------------------------------------------------------------------------------------------------------------------+
; tsu                                                                                                                                                   ;
+-----------------------------------------+-----------------------------------------------------+------------+------------+------------------+----------+
; Slack                                   ; Required tsu                                        ; Actual tsu ; From       ; To               ; To Clock ;
+-----------------------------------------+-----------------------------------------------------+------------+------------+------------------+----------+
; N/A                                     ; None                                                ; 6.926 ns   ; abus_in[2] ; temp[0]          ; clk_in   ;
; N/A                                     ; None                                                ; 6.926 ns   ; abus_in[2] ; temp[1]          ; clk_in   ;
; N/A                                     ; None                                                ; 6.926 ns   ; abus_in[2] ; temp[2]          ; clk_in   ;
; N/A                                     ; None                                                ; 6.926 ns   ; abus_in[2] ; temp[3]          ; clk_in   ;
; N/A                                     ; None                                                ; 6.820 ns   ; abus_in[5] ; temp[0]          ; clk_in   ;
; N/A                                     ; None                                                ; 6.820 ns   ; abus_in[5] ; temp[1]          ; clk_in   ;
; N/A                                     ; None                                                ; 6.820 ns   ; abus_in[5] ; temp[2]          ; clk_in   ;
; N/A                                     ; None                                                ; 6.820 ns   ; abus_in[5] ; temp[3]          ; clk_in   ;
; N/A                                     ; None                                                ; 6.814 ns   ; abus_in[2] ; dbus_out[0]~reg0 ; clk_in   ;
; N/A                                     ; None                                                ; 6.814 ns   ; abus_in[2] ; dbus_out[0]~en   ; clk_in   ;
; N/A                                     ; None                                                ; 6.814 ns   ; abus_in[2] ; dbus_out[1]~reg0 ; clk_in   ;
; N/A                                     ; None                                                ; 6.814 ns   ; abus_in[2] ; dbus_out[1]~en   ; clk_in   ;
; N/A                                     ; None                                                ; 6.814 ns   ; abus_in[2] ; dbus_out[2]~reg0 ; clk_in   ;
; N/A                                     ; None                                                ; 6.814 ns   ; abus_in[2] ; dbus_out[2]~en   ; clk_in   ;
; N/A                                     ; None                                                ; 6.814 ns   ; abus_in[2] ; dbus_out[3]~reg0 ; clk_in   ;
; N/A                                     ; None                                                ; 6.814 ns   ; abus_in[2] ; dbus_out[3]~en   ; clk_in   ;
; N/A                                     ; None                                                ; 6.814 ns   ; abus_in[2] ; dbus_out[4]~en   ; clk_in   ;
; N/A                                     ; None                                                ; 6.814 ns   ; abus_in[2] ; dbus_out[5]~en   ; clk_in   ;
; N/A                                     ; None                                                ; 6.814 ns   ; abus_in[2] ; dbus_out[6]~en   ; clk_in   ;
; N/A                                     ; None                                                ; 6.814 ns   ; abus_in[2] ; dbus_out[7]~en   ; clk_in   ;
; N/A                                     ; None                                                ; 6.708 ns   ; abus_in[5] ; dbus_out[0]~reg0 ; clk_in   ;
; N/A                                     ; None                                                ; 6.708 ns   ; abus_in[5] ; dbus_out[0]~en   ; clk_in   ;
; N/A                                     ; None                                                ; 6.708 ns   ; abus_in[5] ; dbus_out[1]~reg0 ; clk_in   ;
; N/A                                     ; None                                                ; 6.708 ns   ; abus_in[5] ; dbus_out[1]~en   ; clk_in   ;
; N/A                                     ; None                                                ; 6.708 ns   ; abus_in[5] ; dbus_out[2]~reg0 ; clk_in   ;
; N/A                                     ; None                                                ; 6.708 ns   ; abus_in[5] ; dbus_out[2]~en   ; clk_in   ;
; N/A                                     ; None                                                ; 6.708 ns   ; abus_in[5] ; dbus_out[3]~reg0 ; clk_in   ;
; N/A                                     ; None                                                ; 6.708 ns   ; abus_in[5] ; dbus_out[3]~en   ; clk_in   ;
; N/A                                     ; None                                                ; 6.708 ns   ; abus_in[5] ; dbus_out[4]~en   ; clk_in   ;
; N/A                                     ; None                                                ; 6.708 ns   ; abus_in[5] ; dbus_out[5]~en   ; clk_in   ;
; N/A                                     ; None                                                ; 6.708 ns   ; abus_in[5] ; dbus_out[6]~en   ; clk_in   ;
; N/A                                     ; None                                                ; 6.708 ns   ; abus_in[5] ; dbus_out[7]~en   ; clk_in   ;
; N/A                                     ; None                                                ; 6.605 ns   ; abus_in[4] ; temp[0]          ; clk_in   ;
; N/A                                     ; None                                                ; 6.605 ns   ; abus_in[4] ; temp[1]          ; clk_in   ;
; N/A                                     ; None                                                ; 6.605 ns   ; abus_in[4] ; temp[2]          ; clk_in   ;
; N/A                                     ; None                                                ; 6.605 ns   ; abus_in[4] ; temp[3]          ; clk_in   ;
; N/A                                     ; None                                                ; 6.516 ns   ; abus_in[3] ; temp[0]          ; clk_in   ;
; N/A                                     ; None                                                ; 6.516 ns   ; abus_in[3] ; temp[1]          ; clk_in   ;
; N/A                                     ; None                                                ; 6.516 ns   ; abus_in[3] ; temp[2]          ; clk_in   ;
; N/A                                     ; None                                                ; 6.516 ns   ; abus_in[3] ; temp[3]          ; clk_in   ;
; N/A                                     ; None                                                ; 6.493 ns   ; abus_in[4] ; dbus_out[0]~reg0 ; clk_in   ;
; N/A                                     ; None                                                ; 6.493 ns   ; abus_in[4] ; dbus_out[0]~en   ; clk_in   ;
; N/A                                     ; None                                                ; 6.493 ns   ; abus_in[4] ; dbus_out[1]~reg0 ; clk_in   ;
; N/A                                     ; None                                                ; 6.493 ns   ; abus_in[4] ; dbus_out[1]~en   ; clk_in   ;
; N/A                                     ; None                                                ; 6.493 ns   ; abus_in[4] ; dbus_out[2]~reg0 ; clk_in   ;
; N/A                                     ; None                                                ; 6.493 ns   ; abus_in[4] ; dbus_out[2]~en   ; clk_in   ;
; N/A                                     ; None                                                ; 6.493 ns   ; abus_in[4] ; dbus_out[3]~reg0 ; clk_in   ;
; N/A                                     ; None                                                ; 6.493 ns   ; abus_in[4] ; dbus_out[3]~en   ; clk_in   ;
; N/A                                     ; None                                                ; 6.493 ns   ; abus_in[4] ; dbus_out[4]~en   ; clk_in   ;
; N/A                                     ; None                                                ; 6.493 ns   ; abus_in[4] ; dbus_out[5]~en   ; clk_in   ;
; N/A                                     ; None                                                ; 6.493 ns   ; abus_in[4] ; dbus_out[6]~en   ; clk_in   ;
; N/A                                     ; None                                                ; 6.493 ns   ; abus_in[4] ; dbus_out[7]~en   ; clk_in   ;
; N/A                                     ; None                                                ; 6.404 ns   ; abus_in[3] ; dbus_out[0]~reg0 ; clk_in   ;
; N/A                                     ; None                                                ; 6.404 ns   ; abus_in[3] ; dbus_out[0]~en   ; clk_in   ;
; N/A                                     ; None                                                ; 6.404 ns   ; abus_in[3] ; dbus_out[1]~reg0 ; clk_in   ;
; N/A                                     ; None                                                ; 6.404 ns   ; abus_in[3] ; dbus_out[1]~en   ; clk_in   ;
; N/A                                     ; None                                                ; 6.404 ns   ; abus_in[3] ; dbus_out[2]~reg0 ; clk_in   ;
; N/A                                     ; None                                                ; 6.404 ns   ; abus_in[3] ; dbus_out[2]~en   ; clk_in   ;
; N/A                                     ; None                                                ; 6.404 ns   ; abus_in[3] ; dbus_out[3]~reg0 ; clk_in   ;
; N/A                                     ; None                                                ; 6.404 ns   ; abus_in[3] ; dbus_out[3]~en   ; clk_in   ;
; N/A                                     ; None                                                ; 6.404 ns   ; abus_in[3] ; dbus_out[4]~en   ; clk_in   ;
; N/A                                     ; None                                                ; 6.404 ns   ; abus_in[3] ; dbus_out[5]~en   ; clk_in   ;
; N/A                                     ; None                                                ; 6.404 ns   ; abus_in[3] ; dbus_out[6]~en   ; clk_in   ;
; N/A                                     ; None                                                ; 6.404 ns   ; abus_in[3] ; dbus_out[7]~en   ; clk_in   ;
; N/A                                     ; None                                                ; 6.267 ns   ; abus_in[8] ; dbus_out[0]~reg0 ; clk_in   ;
; N/A                                     ; None                                                ; 6.267 ns   ; abus_in[8] ; dbus_out[0]~en   ; clk_in   ;
; N/A                                     ; None                                                ; 6.267 ns   ; abus_in[8] ; dbus_out[1]~reg0 ; clk_in   ;
; N/A                                     ; None                                                ; 6.267 ns   ; abus_in[8] ; dbus_out[1]~en   ; clk_in   ;
; N/A                                     ; None                                                ; 6.267 ns   ; abus_in[8] ; dbus_out[2]~reg0 ; clk_in   ;
; N/A                                     ; None                                                ; 6.267 ns   ; abus_in[8] ; dbus_out[2]~en   ; clk_in   ;
; N/A                                     ; None                                                ; 6.267 ns   ; abus_in[8] ; dbus_out[3]~reg0 ; clk_in   ;
; N/A                                     ; None                                                ; 6.267 ns   ; abus_in[8] ; dbus_out[3]~en   ; clk_in   ;
; N/A                                     ; None                                                ; 6.267 ns   ; abus_in[8] ; dbus_out[4]~en   ; clk_in   ;
; N/A                                     ; None                                                ; 6.267 ns   ; abus_in[8] ; dbus_out[5]~en   ; clk_in   ;
; N/A                                     ; None                                                ; 6.267 ns   ; abus_in[8] ; dbus_out[6]~en   ; clk_in   ;
; N/A                                     ; None                                                ; 6.267 ns   ; abus_in[8] ; dbus_out[7]~en   ; clk_in   ;
; N/A                                     ; None                                                ; 6.263 ns   ; abus_in[8] ; temp[0]          ; clk_in   ;
; N/A                                     ; None                                                ; 6.263 ns   ; abus_in[8] ; temp[1]          ; clk_in   ;
; N/A                                     ; None                                                ; 6.263 ns   ; abus_in[8] ; temp[2]          ; clk_in   ;
; N/A                                     ; None                                                ; 6.263 ns   ; abus_in[8] ; temp[3]          ; clk_in   ;
; N/A                                     ; None                                                ; 6.244 ns   ; abus_in[6] ; dbus_out[0]~reg0 ; clk_in   ;
; N/A                                     ; None                                                ; 6.244 ns   ; abus_in[6] ; dbus_out[0]~en   ; clk_in   ;
; N/A                                     ; None                                                ; 6.244 ns   ; abus_in[6] ; dbus_out[1]~reg0 ; clk_in   ;
; N/A                                     ; None                                                ; 6.244 ns   ; abus_in[6] ; dbus_out[1]~en   ; clk_in   ;
; N/A                                     ; None                                                ; 6.244 ns   ; abus_in[6] ; dbus_out[2]~reg0 ; clk_in   ;
; N/A                                     ; None                                                ; 6.244 ns   ; abus_in[6] ; dbus_out[2]~en   ; clk_in   ;
; N/A                                     ; None                                                ; 6.244 ns   ; abus_in[6] ; dbus_out[3]~reg0 ; clk_in   ;
; N/A                                     ; None                                                ; 6.244 ns   ; abus_in[6] ; dbus_out[3]~en   ; clk_in   ;
; N/A                                     ; None                                                ; 6.244 ns   ; abus_in[6] ; dbus_out[4]~en   ; clk_in   ;
; N/A                                     ; None                                                ; 6.244 ns   ; abus_in[6] ; dbus_out[5]~en   ; clk_in   ;
; N/A                                     ; None                                                ; 6.244 ns   ; abus_in[6] ; dbus_out[6]~en   ; clk_in   ;
; N/A                                     ; None                                                ; 6.244 ns   ; abus_in[6] ; dbus_out[7]~en   ; clk_in   ;
; N/A                                     ; None                                                ; 6.240 ns   ; abus_in[6] ; temp[0]          ; clk_in   ;
; N/A                                     ; None                                                ; 6.240 ns   ; abus_in[6] ; temp[1]          ; clk_in   ;
; N/A                                     ; None                                                ; 6.240 ns   ; abus_in[6] ; temp[2]          ; clk_in   ;
; N/A                                     ; None                                                ; 6.240 ns   ; abus_in[6] ; temp[3]          ; clk_in   ;
; N/A                                     ; None                                                ; 6.181 ns   ; abus_in[7] ; dbus_out[0]~reg0 ; clk_in   ;
; N/A                                     ; None                                                ; 6.181 ns   ; abus_in[7] ; dbus_out[0]~en   ; clk_in   ;
; N/A                                     ; None                                                ; 6.181 ns   ; abus_in[7] ; dbus_out[1]~reg0 ; clk_in   ;
; N/A                                     ; None                                                ; 6.181 ns   ; abus_in[7] ; dbus_out[1]~en   ; clk_in   ;
; N/A                                     ; None                                                ; 6.181 ns   ; abus_in[7] ; dbus_out[2]~reg0 ; clk_in   ;
; N/A                                     ; None                                                ; 6.181 ns   ; abus_in[7] ; dbus_out[2]~en   ; clk_in   ;
; N/A                                     ; None                                                ; 6.181 ns   ; abus_in[7] ; dbus_out[3]~reg0 ; clk_in   ;
; N/A                                     ; None                                                ; 6.181 ns   ; abus_in[7] ; dbus_out[3]~en   ; clk_in   ;
; N/A                                     ; None                                                ; 6.181 ns   ; abus_in[7] ; dbus_out[4]~en   ; clk_in   ;
; N/A                                     ; None                                                ; 6.181 ns   ; abus_in[7] ; dbus_out[5]~en   ; clk_in   ;
; N/A                                     ; None                                                ; 6.181 ns   ; abus_in[7] ; dbus_out[6]~en   ; clk_in   ;
; N/A                                     ; None                                                ; 6.181 ns   ; abus_in[7] ; dbus_out[7]~en   ; clk_in   ;
; N/A                                     ; None                                                ; 6.177 ns   ; abus_in[7] ; temp[0]          ; clk_in   ;
; N/A                                     ; None                                                ; 6.177 ns   ; abus_in[7] ; temp[1]          ; clk_in   ;
; N/A                                     ; None                                                ; 6.177 ns   ; abus_in[7] ; temp[2]          ; clk_in   ;
; N/A                                     ; None                                                ; 6.177 ns   ; abus_in[7] ; temp[3]          ; clk_in   ;
; N/A                                     ; None                                                ; 6.030 ns   ; wr_en      ; temp[0]          ; clk_in   ;
; N/A                                     ; None                                                ; 6.030 ns   ; wr_en      ; temp[1]          ; clk_in   ;
; N/A                                     ; None                                                ; 6.030 ns   ; wr_en      ; temp[2]          ; clk_in   ;
; N/A                                     ; None                                                ; 6.030 ns   ; wr_en      ; temp[3]          ; clk_in   ;
; N/A                                     ; None                                                ; 5.685 ns   ; abus_in[2] ; temp[4]          ; clk_in   ;
; N/A                                     ; None                                                ; 5.685 ns   ; abus_in[2] ; temp[5]          ; clk_in   ;
; N/A                                     ; None                                                ; 5.685 ns   ; abus_in[2] ; temp[6]          ; clk_in   ;
; N/A                                     ; None                                                ; 5.685 ns   ; abus_in[2] ; temp[7]          ; clk_in   ;
; N/A                                     ; None                                                ; 5.579 ns   ; abus_in[5] ; temp[4]          ; clk_in   ;
; N/A                                     ; None                                                ; 5.579 ns   ; abus_in[5] ; temp[5]          ; clk_in   ;
; N/A                                     ; None                                                ; 5.579 ns   ; abus_in[5] ; temp[6]          ; clk_in   ;
; N/A                                     ; None                                                ; 5.579 ns   ; abus_in[5] ; temp[7]          ; clk_in   ;
; N/A                                     ; None                                                ; 5.565 ns   ; abus_in[2] ; dbus_out[4]~reg0 ; clk_in   ;
; N/A                                     ; None                                                ; 5.565 ns   ; abus_in[2] ; dbus_out[5]~reg0 ; clk_in   ;
; N/A                                     ; None                                                ; 5.565 ns   ; abus_in[2] ; dbus_out[6]~reg0 ; clk_in   ;
; N/A                                     ; None                                                ; 5.565 ns   ; abus_in[2] ; dbus_out[7]~reg0 ; clk_in   ;
; N/A                                     ; None                                                ; 5.459 ns   ; abus_in[5] ; dbus_out[4]~reg0 ; clk_in   ;
; N/A                                     ; None                                                ; 5.459 ns   ; abus_in[5] ; dbus_out[5]~reg0 ; clk_in   ;
; N/A                                     ; None                                                ; 5.459 ns   ; abus_in[5] ; dbus_out[6]~reg0 ; clk_in   ;
; N/A                                     ; None                                                ; 5.459 ns   ; abus_in[5] ; dbus_out[7]~reg0 ; clk_in   ;
; N/A                                     ; None                                                ; 5.364 ns   ; abus_in[4] ; temp[4]          ; clk_in   ;
; N/A                                     ; None                                                ; 5.364 ns   ; abus_in[4] ; temp[5]          ; clk_in   ;
; N/A                                     ; None                                                ; 5.364 ns   ; abus_in[4] ; temp[6]          ; clk_in   ;
; N/A                                     ; None                                                ; 5.364 ns   ; abus_in[4] ; temp[7]          ; clk_in   ;
; N/A                                     ; None                                                ; 5.275 ns   ; abus_in[3] ; temp[4]          ; clk_in   ;
; N/A                                     ; None                                                ; 5.275 ns   ; abus_in[3] ; temp[5]          ; clk_in   ;
; N/A                                     ; None                                                ; 5.275 ns   ; abus_in[3] ; temp[6]          ; clk_in   ;
; N/A                                     ; None                                                ; 5.275 ns   ; abus_in[3] ; temp[7]          ; clk_in   ;
; N/A                                     ; None                                                ; 5.244 ns   ; abus_in[4] ; dbus_out[4]~reg0 ; clk_in   ;
; N/A                                     ; None                                                ; 5.244 ns   ; abus_in[4] ; dbus_out[5]~reg0 ; clk_in   ;
; N/A                                     ; None                                                ; 5.244 ns   ; abus_in[4] ; dbus_out[6]~reg0 ; clk_in   ;
; N/A                                     ; None                                                ; 5.244 ns   ; abus_in[4] ; dbus_out[7]~reg0 ; clk_in   ;
; N/A                                     ; None                                                ; 5.155 ns   ; abus_in[3] ; dbus_out[4]~reg0 ; clk_in   ;
; N/A                                     ; None                                                ; 5.155 ns   ; abus_in[3] ; dbus_out[5]~reg0 ; clk_in   ;
; N/A                                     ; None                                                ; 5.155 ns   ; abus_in[3] ; dbus_out[6]~reg0 ; clk_in   ;
; N/A                                     ; None                                                ; 5.155 ns   ; abus_in[3] ; dbus_out[7]~reg0 ; clk_in   ;
; N/A                                     ; None                                                ; 5.022 ns   ; abus_in[8] ; temp[4]          ; clk_in   ;
; N/A                                     ; None                                                ; 5.022 ns   ; abus_in[8] ; temp[5]          ; clk_in   ;
; N/A                                     ; None                                                ; 5.022 ns   ; abus_in[8] ; temp[6]          ; clk_in   ;
; N/A                                     ; None                                                ; 5.022 ns   ; abus_in[8] ; temp[7]          ; clk_in   ;
; N/A                                     ; None                                                ; 5.018 ns   ; abus_in[8] ; dbus_out[4]~reg0 ; clk_in   ;
; N/A                                     ; None                                                ; 5.018 ns   ; abus_in[8] ; dbus_out[5]~reg0 ; clk_in   ;
; N/A                                     ; None                                                ; 5.018 ns   ; abus_in[8] ; dbus_out[6]~reg0 ; clk_in   ;
; N/A                                     ; None                                                ; 5.018 ns   ; abus_in[8] ; dbus_out[7]~reg0 ; clk_in   ;
; N/A                                     ; None                                                ; 4.999 ns   ; abus_in[6] ; temp[4]          ; clk_in   ;
; N/A                                     ; None                                                ; 4.999 ns   ; abus_in[6] ; temp[5]          ; clk_in   ;
; N/A                                     ; None                                                ; 4.999 ns   ; abus_in[6] ; temp[6]          ; clk_in   ;
; N/A                                     ; None                                                ; 4.999 ns   ; abus_in[6] ; temp[7]          ; clk_in   ;
; N/A                                     ; None                                                ; 4.995 ns   ; abus_in[6] ; dbus_out[4]~reg0 ; clk_in   ;
; N/A                                     ; None                                                ; 4.995 ns   ; abus_in[6] ; dbus_out[5]~reg0 ; clk_in   ;
; N/A                                     ; None                                                ; 4.995 ns   ; abus_in[6] ; dbus_out[6]~reg0 ; clk_in   ;
; N/A                                     ; None                                                ; 4.995 ns   ; abus_in[6] ; dbus_out[7]~reg0 ; clk_in   ;
; N/A                                     ; None                                                ; 4.936 ns   ; abus_in[7] ; temp[4]          ; clk_in   ;
; N/A                                     ; None                                                ; 4.936 ns   ; abus_in[7] ; temp[5]          ; clk_in   ;
; N/A                                     ; None                                                ; 4.936 ns   ; abus_in[7] ; temp[6]          ; clk_in   ;
; N/A                                     ; None                                                ; 4.936 ns   ; abus_in[7] ; temp[7]          ; clk_in   ;
; N/A                                     ; None                                                ; 4.932 ns   ; abus_in[7] ; dbus_out[4]~reg0 ; clk_in   ;
; N/A                                     ; None                                                ; 4.932 ns   ; abus_in[7] ; dbus_out[5]~reg0 ; clk_in   ;
; N/A                                     ; None                                                ; 4.932 ns   ; abus_in[7] ; dbus_out[6]~reg0 ; clk_in   ;
; N/A                                     ; None                                                ; 4.932 ns   ; abus_in[7] ; dbus_out[7]~reg0 ; clk_in   ;
; N/A                                     ; None                                                ; 4.789 ns   ; wr_en      ; temp[4]          ; clk_in   ;
; N/A                                     ; None                                                ; 4.789 ns   ; wr_en      ; temp[5]          ; clk_in   ;
; N/A                                     ; None                                                ; 4.789 ns   ; wr_en      ; temp[6]          ; clk_in   ;
; N/A                                     ; None                                                ; 4.789 ns   ; wr_en      ; temp[7]          ; clk_in   ;
; N/A                                     ; None                                                ; 4.345 ns   ; dbus_in[1] ; temp[1]          ; clk_in   ;
; N/A                                     ; None                                                ; 4.334 ns   ; dbus_in[0] ; temp[0]          ; clk_in   ;
; N/A                                     ; None                                                ; 4.044 ns   ; dbus_in[7] ; temp[7]          ; clk_in   ;
; N/A                                     ; None                                                ; 4.015 ns   ; dbus_in[6] ; temp[6]          ; clk_in   ;
; N/A                                     ; None                                                ; 3.973 ns   ; dbus_in[3] ; temp[3]          ; clk_in   ;
; N/A                                     ; None                                                ; 3.873 ns   ; dbus_in[5] ; temp[5]          ; clk_in   ;
; N/A                                     ; None                                                ; 3.750 ns   ; dbus_in[2] ; temp[2]          ; clk_in   ;
; N/A                                     ; None                                                ; 3.707 ns   ; rd_en      ; dbus_out[1]~en   ; clk_in   ;
; N/A                                     ; None                                                ; 3.707 ns   ; rd_en      ; dbus_out[2]~en   ; clk_in   ;
; N/A                                     ; None                                                ; 3.705 ns   ; rd_en      ; dbus_out[0]~en   ; clk_in   ;
; N/A                                     ; None                                                ; 3.704 ns   ; rd_en      ; dbus_out[3]~en   ; clk_in   ;
; N/A                                     ; None                                                ; 3.704 ns   ; rd_en      ; dbus_out[5]~en   ; clk_in   ;
; N/A                                     ; None                                                ; 3.703 ns   ; rd_en      ; dbus_out[6]~en   ; clk_in   ;
; N/A                                     ; None                                                ; 3.703 ns   ; rd_en      ; dbus_out[7]~en   ; clk_in   ;
; N/A                                     ; None                                                ; 3.702 ns   ; rd_en      ; dbus_out[4]~en   ; clk_in   ;
; N/A                                     ; None                                                ; 3.602 ns   ; dbus_in[4] ; temp[4]          ; clk_in   ;
; N/A                                     ; None                                                ; 2.159 ns   ; nrst       ; dbus_out[0]~reg0 ; clk_in   ;
; N/A                                     ; None                                                ; 2.159 ns   ; nrst       ; dbus_out[0]~en   ; clk_in   ;
; N/A                                     ; None                                                ; 2.159 ns   ; nrst       ; dbus_out[1]~reg0 ; clk_in   ;
; N/A                                     ; None                                                ; 2.159 ns   ; nrst       ; dbus_out[1]~en   ; clk_in   ;
; N/A                                     ; None                                                ; 2.159 ns   ; nrst       ; dbus_out[2]~reg0 ; clk_in   ;
; N/A                                     ; None                                                ; 2.159 ns   ; nrst       ; dbus_out[2]~en   ; clk_in   ;
; N/A                                     ; None                                                ; 2.159 ns   ; nrst       ; dbus_out[3]~reg0 ; clk_in   ;
; N/A                                     ; None                                                ; 2.159 ns   ; nrst       ; dbus_out[3]~en   ; clk_in   ;
; Timing analysis restricted to 200 rows. ; To change the limit use Settings (Assignments menu) ;            ;            ;                  ;          ;
+-----------------------------------------+-----------------------------------------------------+------------+------------+------------------+----------+


+---------------------------------------------------------------------------------+
; tco                                                                             ;
+-------+--------------+------------+------------------+-------------+------------+
; Slack ; Required tco ; Actual tco ; From             ; To          ; From Clock ;
+-------+--------------+------------+------------------+-------------+------------+
; N/A   ; None         ; 10.420 ns  ; dbus_out[3]~reg0 ; dbus_out[3] ; clk_in     ;
; N/A   ; None         ; 9.192 ns   ; dbus_out[3]~en   ; dbus_out[3] ; clk_in     ;
; N/A   ; None         ; 9.049 ns   ; temp[7]          ; fsr_out[7]  ; clk_in     ;
; N/A   ; None         ; 8.348 ns   ; temp[2]          ; fsr_out[2]  ; clk_in     ;
; N/A   ; None         ; 8.276 ns   ; dbus_out[4]~reg0 ; dbus_out[4] ; clk_in     ;
; N/A   ; None         ; 8.126 ns   ; dbus_out[2]~reg0 ; dbus_out[2] ; clk_in     ;
; N/A   ; None         ; 8.088 ns   ; dbus_out[2]~en   ; dbus_out[2] ; clk_in     ;
; N/A   ; None         ; 8.020 ns   ; dbus_out[4]~en   ; dbus_out[4] ; clk_in     ;
; N/A   ; None         ; 7.981 ns   ; temp[4]          ; fsr_out[4]  ; clk_in     ;
; N/A   ; None         ; 7.781 ns   ; dbus_out[7]~en   ; dbus_out[7] ; clk_in     ;
; N/A   ; None         ; 7.619 ns   ; temp[1]          ; fsr_out[1]  ; clk_in     ;
; N/A   ; None         ; 7.596 ns   ; dbus_out[1]~reg0 ; dbus_out[1] ; clk_in     ;
; N/A   ; None         ; 7.590 ns   ; dbus_out[6]~en   ; dbus_out[6] ; clk_in     ;
; N/A   ; None         ; 7.577 ns   ; temp[0]          ; fsr_out[0]  ; clk_in     ;
; N/A   ; None         ; 7.563 ns   ; dbus_out[0]~reg0 ; dbus_out[0] ; clk_in     ;
; N/A   ; None         ; 7.548 ns   ; dbus_out[6]~reg0 ; dbus_out[6] ; clk_in     ;
; N/A   ; None         ; 7.540 ns   ; dbus_out[1]~en   ; dbus_out[1] ; clk_in     ;
; N/A   ; None         ; 7.534 ns   ; dbus_out[0]~en   ; dbus_out[0] ; clk_in     ;
; N/A   ; None         ; 7.512 ns   ; dbus_out[5]~reg0 ; dbus_out[5] ; clk_in     ;
; N/A   ; None         ; 7.506 ns   ; temp[3]          ; fsr_out[3]  ; clk_in     ;
; N/A   ; None         ; 7.327 ns   ; temp[6]          ; fsr_out[6]  ; clk_in     ;
; N/A   ; None         ; 7.319 ns   ; dbus_out[5]~en   ; dbus_out[5] ; clk_in     ;
; N/A   ; None         ; 7.190 ns   ; dbus_out[7]~reg0 ; dbus_out[7] ; clk_in     ;
; N/A   ; None         ; 7.078 ns   ; temp[5]          ; fsr_out[5]  ; clk_in     ;
+-------+--------------+------------+------------------+-------------+------------+


+------------------------------------------------------------------------------------------------------------------------------------------------------+
; th                                                                                                                                                   ;
+-----------------------------------------+-----------------------------------------------------+-----------+------------+------------------+----------+
; Minimum Slack                           ; Required th                                         ; Actual th ; From       ; To               ; To Clock ;
+-----------------------------------------+-----------------------------------------------------+-----------+------------+------------------+----------+
; N/A                                     ; None                                                ; -0.680 ns ; nrst       ; dbus_out[4]~reg0 ; clk_in   ;
; N/A                                     ; None                                                ; -0.680 ns ; nrst       ; dbus_out[5]~reg0 ; clk_in   ;
; N/A                                     ; None                                                ; -0.680 ns ; nrst       ; dbus_out[6]~reg0 ; clk_in   ;
; N/A                                     ; None                                                ; -0.680 ns ; nrst       ; dbus_out[7]~reg0 ; clk_in   ;
; N/A                                     ; None                                                ; -1.929 ns ; nrst       ; dbus_out[0]~reg0 ; clk_in   ;
; N/A                                     ; None                                                ; -1.929 ns ; nrst       ; dbus_out[0]~en   ; clk_in   ;
; N/A                                     ; None                                                ; -1.929 ns ; nrst       ; dbus_out[1]~reg0 ; clk_in   ;
; N/A                                     ; None                                                ; -1.929 ns ; nrst       ; dbus_out[1]~en   ; clk_in   ;
; N/A                                     ; None                                                ; -1.929 ns ; nrst       ; dbus_out[2]~reg0 ; clk_in   ;
; N/A                                     ; None                                                ; -1.929 ns ; nrst       ; dbus_out[2]~en   ; clk_in   ;
; N/A                                     ; None                                                ; -1.929 ns ; nrst       ; dbus_out[3]~reg0 ; clk_in   ;
; N/A                                     ; None                                                ; -1.929 ns ; nrst       ; dbus_out[3]~en   ; clk_in   ;
; N/A                                     ; None                                                ; -1.929 ns ; nrst       ; dbus_out[4]~en   ; clk_in   ;
; N/A                                     ; None                                                ; -1.929 ns ; nrst       ; dbus_out[5]~en   ; clk_in   ;
; N/A                                     ; None                                                ; -1.929 ns ; nrst       ; dbus_out[6]~en   ; clk_in   ;
; N/A                                     ; None                                                ; -1.929 ns ; nrst       ; dbus_out[7]~en   ; clk_in   ;
; N/A                                     ; None                                                ; -3.372 ns ; dbus_in[4] ; temp[4]          ; clk_in   ;
; N/A                                     ; None                                                ; -3.472 ns ; rd_en      ; dbus_out[4]~en   ; clk_in   ;
; N/A                                     ; None                                                ; -3.473 ns ; rd_en      ; dbus_out[6]~en   ; clk_in   ;
; N/A                                     ; None                                                ; -3.473 ns ; rd_en      ; dbus_out[7]~en   ; clk_in   ;
; N/A                                     ; None                                                ; -3.474 ns ; rd_en      ; dbus_out[3]~en   ; clk_in   ;
; N/A                                     ; None                                                ; -3.474 ns ; rd_en      ; dbus_out[5]~en   ; clk_in   ;
; N/A                                     ; None                                                ; -3.475 ns ; rd_en      ; dbus_out[0]~en   ; clk_in   ;
; N/A                                     ; None                                                ; -3.477 ns ; rd_en      ; dbus_out[1]~en   ; clk_in   ;
; N/A                                     ; None                                                ; -3.477 ns ; rd_en      ; dbus_out[2]~en   ; clk_in   ;
; N/A                                     ; None                                                ; -3.520 ns ; dbus_in[2] ; temp[2]          ; clk_in   ;
; N/A                                     ; None                                                ; -3.643 ns ; dbus_in[5] ; temp[5]          ; clk_in   ;
; N/A                                     ; None                                                ; -3.743 ns ; dbus_in[3] ; temp[3]          ; clk_in   ;
; N/A                                     ; None                                                ; -3.785 ns ; dbus_in[6] ; temp[6]          ; clk_in   ;
; N/A                                     ; None                                                ; -3.814 ns ; dbus_in[7] ; temp[7]          ; clk_in   ;
; N/A                                     ; None                                                ; -4.104 ns ; dbus_in[0] ; temp[0]          ; clk_in   ;
; N/A                                     ; None                                                ; -4.115 ns ; dbus_in[1] ; temp[1]          ; clk_in   ;
; N/A                                     ; None                                                ; -4.559 ns ; wr_en      ; temp[4]          ; clk_in   ;
; N/A                                     ; None                                                ; -4.559 ns ; wr_en      ; temp[5]          ; clk_in   ;
; N/A                                     ; None                                                ; -4.559 ns ; wr_en      ; temp[6]          ; clk_in   ;
; N/A                                     ; None                                                ; -4.559 ns ; wr_en      ; temp[7]          ; clk_in   ;
; N/A                                     ; None                                                ; -4.702 ns ; abus_in[7] ; dbus_out[4]~reg0 ; clk_in   ;
; N/A                                     ; None                                                ; -4.702 ns ; abus_in[7] ; dbus_out[5]~reg0 ; clk_in   ;
; N/A                                     ; None                                                ; -4.702 ns ; abus_in[7] ; dbus_out[6]~reg0 ; clk_in   ;
; N/A                                     ; None                                                ; -4.702 ns ; abus_in[7] ; dbus_out[7]~reg0 ; clk_in   ;
; N/A                                     ; None                                                ; -4.706 ns ; abus_in[7] ; temp[4]          ; clk_in   ;
; N/A                                     ; None                                                ; -4.706 ns ; abus_in[7] ; temp[5]          ; clk_in   ;
; N/A                                     ; None                                                ; -4.706 ns ; abus_in[7] ; temp[6]          ; clk_in   ;
; N/A                                     ; None                                                ; -4.706 ns ; abus_in[7] ; temp[7]          ; clk_in   ;
; N/A                                     ; None                                                ; -4.765 ns ; abus_in[6] ; dbus_out[4]~reg0 ; clk_in   ;
; N/A                                     ; None                                                ; -4.765 ns ; abus_in[6] ; dbus_out[5]~reg0 ; clk_in   ;
; N/A                                     ; None                                                ; -4.765 ns ; abus_in[6] ; dbus_out[6]~reg0 ; clk_in   ;
; N/A                                     ; None                                                ; -4.765 ns ; abus_in[6] ; dbus_out[7]~reg0 ; clk_in   ;
; N/A                                     ; None                                                ; -4.769 ns ; abus_in[6] ; temp[4]          ; clk_in   ;
; N/A                                     ; None                                                ; -4.769 ns ; abus_in[6] ; temp[5]          ; clk_in   ;
; N/A                                     ; None                                                ; -4.769 ns ; abus_in[6] ; temp[6]          ; clk_in   ;
; N/A                                     ; None                                                ; -4.769 ns ; abus_in[6] ; temp[7]          ; clk_in   ;
; N/A                                     ; None                                                ; -4.788 ns ; abus_in[8] ; dbus_out[4]~reg0 ; clk_in   ;
; N/A                                     ; None                                                ; -4.788 ns ; abus_in[8] ; dbus_out[5]~reg0 ; clk_in   ;
; N/A                                     ; None                                                ; -4.788 ns ; abus_in[8] ; dbus_out[6]~reg0 ; clk_in   ;
; N/A                                     ; None                                                ; -4.788 ns ; abus_in[8] ; dbus_out[7]~reg0 ; clk_in   ;
; N/A                                     ; None                                                ; -4.792 ns ; abus_in[8] ; temp[4]          ; clk_in   ;
; N/A                                     ; None                                                ; -4.792 ns ; abus_in[8] ; temp[5]          ; clk_in   ;
; N/A                                     ; None                                                ; -4.792 ns ; abus_in[8] ; temp[6]          ; clk_in   ;
; N/A                                     ; None                                                ; -4.792 ns ; abus_in[8] ; temp[7]          ; clk_in   ;
; N/A                                     ; None                                                ; -4.925 ns ; abus_in[3] ; dbus_out[4]~reg0 ; clk_in   ;
; N/A                                     ; None                                                ; -4.925 ns ; abus_in[3] ; dbus_out[5]~reg0 ; clk_in   ;
; N/A                                     ; None                                                ; -4.925 ns ; abus_in[3] ; dbus_out[6]~reg0 ; clk_in   ;
; N/A                                     ; None                                                ; -4.925 ns ; abus_in[3] ; dbus_out[7]~reg0 ; clk_in   ;
; N/A                                     ; None                                                ; -5.014 ns ; abus_in[4] ; dbus_out[4]~reg0 ; clk_in   ;
; N/A                                     ; None                                                ; -5.014 ns ; abus_in[4] ; dbus_out[5]~reg0 ; clk_in   ;
; N/A                                     ; None                                                ; -5.014 ns ; abus_in[4] ; dbus_out[6]~reg0 ; clk_in   ;
; N/A                                     ; None                                                ; -5.014 ns ; abus_in[4] ; dbus_out[7]~reg0 ; clk_in   ;
; N/A                                     ; None                                                ; -5.045 ns ; abus_in[3] ; temp[4]          ; clk_in   ;
; N/A                                     ; None                                                ; -5.045 ns ; abus_in[3] ; temp[5]          ; clk_in   ;
; N/A                                     ; None                                                ; -5.045 ns ; abus_in[3] ; temp[6]          ; clk_in   ;
; N/A                                     ; None                                                ; -5.045 ns ; abus_in[3] ; temp[7]          ; clk_in   ;
; N/A                                     ; None                                                ; -5.134 ns ; abus_in[4] ; temp[4]          ; clk_in   ;
; N/A                                     ; None                                                ; -5.134 ns ; abus_in[4] ; temp[5]          ; clk_in   ;
; N/A                                     ; None                                                ; -5.134 ns ; abus_in[4] ; temp[6]          ; clk_in   ;
; N/A                                     ; None                                                ; -5.134 ns ; abus_in[4] ; temp[7]          ; clk_in   ;
; N/A                                     ; None                                                ; -5.229 ns ; abus_in[5] ; dbus_out[4]~reg0 ; clk_in   ;
; N/A                                     ; None                                                ; -5.229 ns ; abus_in[5] ; dbus_out[5]~reg0 ; clk_in   ;
; N/A                                     ; None                                                ; -5.229 ns ; abus_in[5] ; dbus_out[6]~reg0 ; clk_in   ;
; N/A                                     ; None                                                ; -5.229 ns ; abus_in[5] ; dbus_out[7]~reg0 ; clk_in   ;
; N/A                                     ; None                                                ; -5.335 ns ; abus_in[2] ; dbus_out[4]~reg0 ; clk_in   ;
; N/A                                     ; None                                                ; -5.335 ns ; abus_in[2] ; dbus_out[5]~reg0 ; clk_in   ;
; N/A                                     ; None                                                ; -5.335 ns ; abus_in[2] ; dbus_out[6]~reg0 ; clk_in   ;
; N/A                                     ; None                                                ; -5.335 ns ; abus_in[2] ; dbus_out[7]~reg0 ; clk_in   ;
; N/A                                     ; None                                                ; -5.349 ns ; abus_in[5] ; temp[4]          ; clk_in   ;
; N/A                                     ; None                                                ; -5.349 ns ; abus_in[5] ; temp[5]          ; clk_in   ;
; N/A                                     ; None                                                ; -5.349 ns ; abus_in[5] ; temp[6]          ; clk_in   ;
; N/A                                     ; None                                                ; -5.349 ns ; abus_in[5] ; temp[7]          ; clk_in   ;
; N/A                                     ; None                                                ; -5.455 ns ; abus_in[2] ; temp[4]          ; clk_in   ;
; N/A                                     ; None                                                ; -5.455 ns ; abus_in[2] ; temp[5]          ; clk_in   ;
; N/A                                     ; None                                                ; -5.455 ns ; abus_in[2] ; temp[6]          ; clk_in   ;
; N/A                                     ; None                                                ; -5.455 ns ; abus_in[2] ; temp[7]          ; clk_in   ;
; N/A                                     ; None                                                ; -5.800 ns ; wr_en      ; temp[0]          ; clk_in   ;
; N/A                                     ; None                                                ; -5.800 ns ; wr_en      ; temp[1]          ; clk_in   ;
; N/A                                     ; None                                                ; -5.800 ns ; wr_en      ; temp[2]          ; clk_in   ;
; N/A                                     ; None                                                ; -5.800 ns ; wr_en      ; temp[3]          ; clk_in   ;
; N/A                                     ; None                                                ; -5.947 ns ; abus_in[7] ; temp[0]          ; clk_in   ;
; N/A                                     ; None                                                ; -5.947 ns ; abus_in[7] ; temp[1]          ; clk_in   ;
; N/A                                     ; None                                                ; -5.947 ns ; abus_in[7] ; temp[2]          ; clk_in   ;
; N/A                                     ; None                                                ; -5.947 ns ; abus_in[7] ; temp[3]          ; clk_in   ;
; N/A                                     ; None                                                ; -5.951 ns ; abus_in[7] ; dbus_out[0]~reg0 ; clk_in   ;
; N/A                                     ; None                                                ; -5.951 ns ; abus_in[7] ; dbus_out[0]~en   ; clk_in   ;
; N/A                                     ; None                                                ; -5.951 ns ; abus_in[7] ; dbus_out[1]~reg0 ; clk_in   ;
; N/A                                     ; None                                                ; -5.951 ns ; abus_in[7] ; dbus_out[1]~en   ; clk_in   ;
; N/A                                     ; None                                                ; -5.951 ns ; abus_in[7] ; dbus_out[2]~reg0 ; clk_in   ;
; N/A                                     ; None                                                ; -5.951 ns ; abus_in[7] ; dbus_out[2]~en   ; clk_in   ;
; N/A                                     ; None                                                ; -5.951 ns ; abus_in[7] ; dbus_out[3]~reg0 ; clk_in   ;
; N/A                                     ; None                                                ; -5.951 ns ; abus_in[7] ; dbus_out[3]~en   ; clk_in   ;
; N/A                                     ; None                                                ; -5.951 ns ; abus_in[7] ; dbus_out[4]~en   ; clk_in   ;
; N/A                                     ; None                                                ; -5.951 ns ; abus_in[7] ; dbus_out[5]~en   ; clk_in   ;
; N/A                                     ; None                                                ; -5.951 ns ; abus_in[7] ; dbus_out[6]~en   ; clk_in   ;
; N/A                                     ; None                                                ; -5.951 ns ; abus_in[7] ; dbus_out[7]~en   ; clk_in   ;
; N/A                                     ; None                                                ; -6.010 ns ; abus_in[6] ; temp[0]          ; clk_in   ;
; N/A                                     ; None                                                ; -6.010 ns ; abus_in[6] ; temp[1]          ; clk_in   ;
; N/A                                     ; None                                                ; -6.010 ns ; abus_in[6] ; temp[2]          ; clk_in   ;
; N/A                                     ; None                                                ; -6.010 ns ; abus_in[6] ; temp[3]          ; clk_in   ;
; N/A                                     ; None                                                ; -6.014 ns ; abus_in[6] ; dbus_out[0]~reg0 ; clk_in   ;
; N/A                                     ; None                                                ; -6.014 ns ; abus_in[6] ; dbus_out[0]~en   ; clk_in   ;
; N/A                                     ; None                                                ; -6.014 ns ; abus_in[6] ; dbus_out[1]~reg0 ; clk_in   ;
; N/A                                     ; None                                                ; -6.014 ns ; abus_in[6] ; dbus_out[1]~en   ; clk_in   ;
; N/A                                     ; None                                                ; -6.014 ns ; abus_in[6] ; dbus_out[2]~reg0 ; clk_in   ;
; N/A                                     ; None                                                ; -6.014 ns ; abus_in[6] ; dbus_out[2]~en   ; clk_in   ;
; N/A                                     ; None                                                ; -6.014 ns ; abus_in[6] ; dbus_out[3]~reg0 ; clk_in   ;
; N/A                                     ; None                                                ; -6.014 ns ; abus_in[6] ; dbus_out[3]~en   ; clk_in   ;
; N/A                                     ; None                                                ; -6.014 ns ; abus_in[6] ; dbus_out[4]~en   ; clk_in   ;
; N/A                                     ; None                                                ; -6.014 ns ; abus_in[6] ; dbus_out[5]~en   ; clk_in   ;
; N/A                                     ; None                                                ; -6.014 ns ; abus_in[6] ; dbus_out[6]~en   ; clk_in   ;
; N/A                                     ; None                                                ; -6.014 ns ; abus_in[6] ; dbus_out[7]~en   ; clk_in   ;
; N/A                                     ; None                                                ; -6.033 ns ; abus_in[8] ; temp[0]          ; clk_in   ;
; N/A                                     ; None                                                ; -6.033 ns ; abus_in[8] ; temp[1]          ; clk_in   ;
; N/A                                     ; None                                                ; -6.033 ns ; abus_in[8] ; temp[2]          ; clk_in   ;
; N/A                                     ; None                                                ; -6.033 ns ; abus_in[8] ; temp[3]          ; clk_in   ;
; N/A                                     ; None                                                ; -6.037 ns ; abus_in[8] ; dbus_out[0]~reg0 ; clk_in   ;
; N/A                                     ; None                                                ; -6.037 ns ; abus_in[8] ; dbus_out[0]~en   ; clk_in   ;
; N/A                                     ; None                                                ; -6.037 ns ; abus_in[8] ; dbus_out[1]~reg0 ; clk_in   ;
; N/A                                     ; None                                                ; -6.037 ns ; abus_in[8] ; dbus_out[1]~en   ; clk_in   ;
; N/A                                     ; None                                                ; -6.037 ns ; abus_in[8] ; dbus_out[2]~reg0 ; clk_in   ;
; N/A                                     ; None                                                ; -6.037 ns ; abus_in[8] ; dbus_out[2]~en   ; clk_in   ;
; N/A                                     ; None                                                ; -6.037 ns ; abus_in[8] ; dbus_out[3]~reg0 ; clk_in   ;
; N/A                                     ; None                                                ; -6.037 ns ; abus_in[8] ; dbus_out[3]~en   ; clk_in   ;
; N/A                                     ; None                                                ; -6.037 ns ; abus_in[8] ; dbus_out[4]~en   ; clk_in   ;
; N/A                                     ; None                                                ; -6.037 ns ; abus_in[8] ; dbus_out[5]~en   ; clk_in   ;
; N/A                                     ; None                                                ; -6.037 ns ; abus_in[8] ; dbus_out[6]~en   ; clk_in   ;
; N/A                                     ; None                                                ; -6.037 ns ; abus_in[8] ; dbus_out[7]~en   ; clk_in   ;
; N/A                                     ; None                                                ; -6.174 ns ; abus_in[3] ; dbus_out[0]~reg0 ; clk_in   ;
; N/A                                     ; None                                                ; -6.174 ns ; abus_in[3] ; dbus_out[0]~en   ; clk_in   ;
; N/A                                     ; None                                                ; -6.174 ns ; abus_in[3] ; dbus_out[1]~reg0 ; clk_in   ;
; N/A                                     ; None                                                ; -6.174 ns ; abus_in[3] ; dbus_out[1]~en   ; clk_in   ;
; N/A                                     ; None                                                ; -6.174 ns ; abus_in[3] ; dbus_out[2]~reg0 ; clk_in   ;
; N/A                                     ; None                                                ; -6.174 ns ; abus_in[3] ; dbus_out[2]~en   ; clk_in   ;
; N/A                                     ; None                                                ; -6.174 ns ; abus_in[3] ; dbus_out[3]~reg0 ; clk_in   ;
; N/A                                     ; None                                                ; -6.174 ns ; abus_in[3] ; dbus_out[3]~en   ; clk_in   ;
; N/A                                     ; None                                                ; -6.174 ns ; abus_in[3] ; dbus_out[4]~en   ; clk_in   ;
; N/A                                     ; None                                                ; -6.174 ns ; abus_in[3] ; dbus_out[5]~en   ; clk_in   ;
; N/A                                     ; None                                                ; -6.174 ns ; abus_in[3] ; dbus_out[6]~en   ; clk_in   ;
; N/A                                     ; None                                                ; -6.174 ns ; abus_in[3] ; dbus_out[7]~en   ; clk_in   ;
; N/A                                     ; None                                                ; -6.263 ns ; abus_in[4] ; dbus_out[0]~reg0 ; clk_in   ;
; N/A                                     ; None                                                ; -6.263 ns ; abus_in[4] ; dbus_out[0]~en   ; clk_in   ;
; N/A                                     ; None                                                ; -6.263 ns ; abus_in[4] ; dbus_out[1]~reg0 ; clk_in   ;
; N/A                                     ; None                                                ; -6.263 ns ; abus_in[4] ; dbus_out[1]~en   ; clk_in   ;
; N/A                                     ; None                                                ; -6.263 ns ; abus_in[4] ; dbus_out[2]~reg0 ; clk_in   ;
; N/A                                     ; None                                                ; -6.263 ns ; abus_in[4] ; dbus_out[2]~en   ; clk_in   ;
; N/A                                     ; None                                                ; -6.263 ns ; abus_in[4] ; dbus_out[3]~reg0 ; clk_in   ;
; N/A                                     ; None                                                ; -6.263 ns ; abus_in[4] ; dbus_out[3]~en   ; clk_in   ;
; N/A                                     ; None                                                ; -6.263 ns ; abus_in[4] ; dbus_out[4]~en   ; clk_in   ;
; N/A                                     ; None                                                ; -6.263 ns ; abus_in[4] ; dbus_out[5]~en   ; clk_in   ;
; N/A                                     ; None                                                ; -6.263 ns ; abus_in[4] ; dbus_out[6]~en   ; clk_in   ;
; N/A                                     ; None                                                ; -6.263 ns ; abus_in[4] ; dbus_out[7]~en   ; clk_in   ;
; N/A                                     ; None                                                ; -6.286 ns ; abus_in[3] ; temp[0]          ; clk_in   ;
; N/A                                     ; None                                                ; -6.286 ns ; abus_in[3] ; temp[1]          ; clk_in   ;
; N/A                                     ; None                                                ; -6.286 ns ; abus_in[3] ; temp[2]          ; clk_in   ;
; N/A                                     ; None                                                ; -6.286 ns ; abus_in[3] ; temp[3]          ; clk_in   ;
; N/A                                     ; None                                                ; -6.375 ns ; abus_in[4] ; temp[0]          ; clk_in   ;
; N/A                                     ; None                                                ; -6.375 ns ; abus_in[4] ; temp[1]          ; clk_in   ;
; N/A                                     ; None                                                ; -6.375 ns ; abus_in[4] ; temp[2]          ; clk_in   ;
; N/A                                     ; None                                                ; -6.375 ns ; abus_in[4] ; temp[3]          ; clk_in   ;
; N/A                                     ; None                                                ; -6.478 ns ; abus_in[5] ; dbus_out[0]~reg0 ; clk_in   ;
; N/A                                     ; None                                                ; -6.478 ns ; abus_in[5] ; dbus_out[0]~en   ; clk_in   ;
; N/A                                     ; None                                                ; -6.478 ns ; abus_in[5] ; dbus_out[1]~reg0 ; clk_in   ;
; N/A                                     ; None                                                ; -6.478 ns ; abus_in[5] ; dbus_out[1]~en   ; clk_in   ;
; N/A                                     ; None                                                ; -6.478 ns ; abus_in[5] ; dbus_out[2]~reg0 ; clk_in   ;
; N/A                                     ; None                                                ; -6.478 ns ; abus_in[5] ; dbus_out[2]~en   ; clk_in   ;
; N/A                                     ; None                                                ; -6.478 ns ; abus_in[5] ; dbus_out[3]~reg0 ; clk_in   ;
; N/A                                     ; None                                                ; -6.478 ns ; abus_in[5] ; dbus_out[3]~en   ; clk_in   ;
; N/A                                     ; None                                                ; -6.478 ns ; abus_in[5] ; dbus_out[4]~en   ; clk_in   ;
; N/A                                     ; None                                                ; -6.478 ns ; abus_in[5] ; dbus_out[5]~en   ; clk_in   ;
; N/A                                     ; None                                                ; -6.478 ns ; abus_in[5] ; dbus_out[6]~en   ; clk_in   ;
; N/A                                     ; None                                                ; -6.478 ns ; abus_in[5] ; dbus_out[7]~en   ; clk_in   ;
; N/A                                     ; None                                                ; -6.584 ns ; abus_in[2] ; dbus_out[0]~reg0 ; clk_in   ;
; N/A                                     ; None                                                ; -6.584 ns ; abus_in[2] ; dbus_out[0]~en   ; clk_in   ;
; N/A                                     ; None                                                ; -6.584 ns ; abus_in[2] ; dbus_out[1]~reg0 ; clk_in   ;
; N/A                                     ; None                                                ; -6.584 ns ; abus_in[2] ; dbus_out[1]~en   ; clk_in   ;
; N/A                                     ; None                                                ; -6.584 ns ; abus_in[2] ; dbus_out[2]~reg0 ; clk_in   ;
; N/A                                     ; None                                                ; -6.584 ns ; abus_in[2] ; dbus_out[2]~en   ; clk_in   ;
; N/A                                     ; None                                                ; -6.584 ns ; abus_in[2] ; dbus_out[3]~reg0 ; clk_in   ;
; N/A                                     ; None                                                ; -6.584 ns ; abus_in[2] ; dbus_out[3]~en   ; clk_in   ;
; N/A                                     ; None                                                ; -6.584 ns ; abus_in[2] ; dbus_out[4]~en   ; clk_in   ;
; N/A                                     ; None                                                ; -6.584 ns ; abus_in[2] ; dbus_out[5]~en   ; clk_in   ;
; N/A                                     ; None                                                ; -6.584 ns ; abus_in[2] ; dbus_out[6]~en   ; clk_in   ;
; N/A                                     ; None                                                ; -6.584 ns ; abus_in[2] ; dbus_out[7]~en   ; clk_in   ;
; Timing analysis restricted to 200 rows. ; To change the limit use Settings (Assignments menu) ;           ;            ;                  ;          ;
+-----------------------------------------+-----------------------------------------------------+-----------+------------+------------------+----------+


+--------------------------+
; Timing Analyzer Messages ;
+--------------------------+
Info: *******************************************************************
Info: Running Quartus II Classic Timing Analyzer
    Info: Version 9.1 Build 350 03/24/2010 Service Pack 2 SJ Web Edition
    Info: Processing started: Sun Nov 12 15:11:15 2023
Info: Command: quartus_tan --read_settings_files=off --write_settings_files=off FSR_reg -c FSR_reg --timing_analysis_only
Warning: Found pins functioning as undefined clocks and/or memory enables
    Info: Assuming node "clk_in" is an undefined clock
Info: Clock "clk_in" Internal fmax is restricted to 420.17 MHz between source register "temp[4]" and destination register "dbus_out[4]~reg0"
    Info: fmax restricted to clock pin edge rate 2.38 ns. Expand message to see actual delay path.
        Info: + Longest register to register delay is 0.550 ns
            Info: 1: + IC(0.000 ns) + CELL(0.000 ns) = 0.000 ns; Loc. = LCFF_X11_Y25_N1; Fanout = 2; REG Node = 'temp[4]'
            Info: 2: + IC(0.317 ns) + CELL(0.149 ns) = 0.466 ns; Loc. = LCCOMB_X11_Y25_N16; Fanout = 1; COMB Node = 'dbus_out[4]~reg0feeder'
            Info: 3: + IC(0.000 ns) + CELL(0.084 ns) = 0.550 ns; Loc. = LCFF_X11_Y25_N17; Fanout = 1; REG Node = 'dbus_out[4]~reg0'
            Info: Total cell delay = 0.233 ns ( 42.36 % )
            Info: Total interconnect delay = 0.317 ns ( 57.64 % )
        Info: - Smallest clock skew is 0.000 ns
            Info: + Shortest clock path from clock "clk_in" to destination register is 2.667 ns
                Info: 1: + IC(0.000 ns) + CELL(0.999 ns) = 0.999 ns; Loc. = PIN_P2; Fanout = 1; CLK Node = 'clk_in'
                Info: 2: + IC(0.118 ns) + CELL(0.000 ns) = 1.117 ns; Loc. = CLKCTRL_G3; Fanout = 24; COMB Node = 'clk_in~clkctrl'
                Info: 3: + IC(1.013 ns) + CELL(0.537 ns) = 2.667 ns; Loc. = LCFF_X11_Y25_N17; Fanout = 1; REG Node = 'dbus_out[4]~reg0'
                Info: Total cell delay = 1.536 ns ( 57.59 % )
                Info: Total interconnect delay = 1.131 ns ( 42.41 % )
            Info: - Longest clock path from clock "clk_in" to source register is 2.667 ns
                Info: 1: + IC(0.000 ns) + CELL(0.999 ns) = 0.999 ns; Loc. = PIN_P2; Fanout = 1; CLK Node = 'clk_in'
                Info: 2: + IC(0.118 ns) + CELL(0.000 ns) = 1.117 ns; Loc. = CLKCTRL_G3; Fanout = 24; COMB Node = 'clk_in~clkctrl'
                Info: 3: + IC(1.013 ns) + CELL(0.537 ns) = 2.667 ns; Loc. = LCFF_X11_Y25_N1; Fanout = 2; REG Node = 'temp[4]'
                Info: Total cell delay = 1.536 ns ( 57.59 % )
                Info: Total interconnect delay = 1.131 ns ( 42.41 % )
        Info: + Micro clock to output delay of source is 0.250 ns
        Info: + Micro setup delay of destination is -0.036 ns
Info: tsu for register "temp[0]" (data pin = "abus_in[2]", clock pin = "clk_in") is 6.926 ns
    Info: + Longest pin to register delay is 9.642 ns
        Info: 1: + IC(0.000 ns) + CELL(0.860 ns) = 0.860 ns; Loc. = PIN_AF6; Fanout = 1; PIN Node = 'abus_in[2]'
        Info: 2: + IC(5.706 ns) + CELL(0.275 ns) = 6.841 ns; Loc. = LCCOMB_X11_Y25_N8; Fanout = 2; COMB Node = 'dbus_out[0]~8'
        Info: 3: + IC(0.255 ns) + CELL(0.393 ns) = 7.489 ns; Loc. = LCCOMB_X11_Y25_N4; Fanout = 8; COMB Node = 'temp[0]~0'
        Info: 4: + IC(1.493 ns) + CELL(0.660 ns) = 9.642 ns; Loc. = LCFF_X18_Y20_N1; Fanout = 2; REG Node = 'temp[0]'
        Info: Total cell delay = 2.188 ns ( 22.69 % )
        Info: Total interconnect delay = 7.454 ns ( 77.31 % )
    Info: + Micro setup delay of destination is -0.036 ns
    Info: - Shortest clock path from clock "clk_in" to destination register is 2.680 ns
        Info: 1: + IC(0.000 ns) + CELL(0.999 ns) = 0.999 ns; Loc. = PIN_P2; Fanout = 1; CLK Node = 'clk_in'
        Info: 2: + IC(0.118 ns) + CELL(0.000 ns) = 1.117 ns; Loc. = CLKCTRL_G3; Fanout = 24; COMB Node = 'clk_in~clkctrl'
        Info: 3: + IC(1.026 ns) + CELL(0.537 ns) = 2.680 ns; Loc. = LCFF_X18_Y20_N1; Fanout = 2; REG Node = 'temp[0]'
        Info: Total cell delay = 1.536 ns ( 57.31 % )
        Info: Total interconnect delay = 1.144 ns ( 42.69 % )
Info: tco from clock "clk_in" to destination pin "dbus_out[3]" through register "dbus_out[3]~reg0" is 10.420 ns
    Info: + Longest clock path from clock "clk_in" to source register is 2.680 ns
        Info: 1: + IC(0.000 ns) + CELL(0.999 ns) = 0.999 ns; Loc. = PIN_P2; Fanout = 1; CLK Node = 'clk_in'
        Info: 2: + IC(0.118 ns) + CELL(0.000 ns) = 1.117 ns; Loc. = CLKCTRL_G3; Fanout = 24; COMB Node = 'clk_in~clkctrl'
        Info: 3: + IC(1.026 ns) + CELL(0.537 ns) = 2.680 ns; Loc. = LCFF_X18_Y20_N29; Fanout = 1; REG Node = 'dbus_out[3]~reg0'
        Info: Total cell delay = 1.536 ns ( 57.31 % )
        Info: Total interconnect delay = 1.144 ns ( 42.69 % )
    Info: + Micro clock to output delay of source is 0.250 ns
    Info: + Longest register to pin delay is 7.490 ns
        Info: 1: + IC(0.000 ns) + CELL(0.000 ns) = 0.000 ns; Loc. = LCFF_X18_Y20_N29; Fanout = 1; REG Node = 'dbus_out[3]~reg0'
        Info: 2: + IC(4.858 ns) + CELL(2.632 ns) = 7.490 ns; Loc. = PIN_W23; Fanout = 0; PIN Node = 'dbus_out[3]'
        Info: Total cell delay = 2.632 ns ( 35.14 % )
        Info: Total interconnect delay = 4.858 ns ( 64.86 % )
Info: th for register "dbus_out[4]~reg0" (data pin = "nrst", clock pin = "clk_in") is -0.680 ns
    Info: + Longest clock path from clock "clk_in" to destination register is 2.667 ns
        Info: 1: + IC(0.000 ns) + CELL(0.999 ns) = 0.999 ns; Loc. = PIN_P2; Fanout = 1; CLK Node = 'clk_in'
        Info: 2: + IC(0.118 ns) + CELL(0.000 ns) = 1.117 ns; Loc. = CLKCTRL_G3; Fanout = 24; COMB Node = 'clk_in~clkctrl'
        Info: 3: + IC(1.013 ns) + CELL(0.537 ns) = 2.667 ns; Loc. = LCFF_X11_Y25_N17; Fanout = 1; REG Node = 'dbus_out[4]~reg0'
        Info: Total cell delay = 1.536 ns ( 57.59 % )
        Info: Total interconnect delay = 1.131 ns ( 42.41 % )
    Info: + Micro hold delay of destination is 0.266 ns
    Info: - Shortest pin to register delay is 3.613 ns
        Info: 1: + IC(0.000 ns) + CELL(0.999 ns) = 0.999 ns; Loc. = PIN_P1; Fanout = 2; PIN Node = 'nrst'
        Info: 2: + IC(1.329 ns) + CELL(0.393 ns) = 2.721 ns; Loc. = LCCOMB_X11_Y25_N22; Fanout = 16; COMB Node = 'dbus_out[0]~10'
        Info: 3: + IC(0.232 ns) + CELL(0.660 ns) = 3.613 ns; Loc. = LCFF_X11_Y25_N17; Fanout = 1; REG Node = 'dbus_out[4]~reg0'
        Info: Total cell delay = 2.052 ns ( 56.79 % )
        Info: Total interconnect delay = 1.561 ns ( 43.21 % )
Info: Quartus II Classic Timing Analyzer was successful. 0 errors, 1 warning
    Info: Peak virtual memory: 174 megabytes
    Info: Processing ended: Sun Nov 12 15:11:15 2023
    Info: Elapsed time: 00:00:00
    Info: Total CPU time (on all processors): 00:00:00


