Classic Timing Analyzer report for Stack
Sun Nov 12 19:30:11 2023
Quartus II Version 9.1 Build 350 03/24/2010 Service Pack 2 SJ Web Edition


---------------------
; Table of Contents ;
---------------------
  1. Legal Notice
  2. Timing Analyzer Summary
  3. Timing Analyzer Settings
  4. Clock Settings Summary
  5. Parallel Compilation
  6. Clock Setup: 'clk_in'
  7. tsu
  8. tco
  9. th
 10. Timing Analyzer Messages



----------------
; Legal Notice ;
----------------
Copyright (C) 1991-2010 Altera Corporation
Your use of Altera Corporation's design tools, logic functions 
and other software and tools, and its AMPP partner logic 
functions, and any output files from any of the foregoing 
(including device programming or simulation files), and any 
associated documentation or information are expressly subject 
to the terms and conditions of the Altera Program License 
Subscription Agreement, Altera MegaCore Function License 
Agreement, or other applicable license agreement, including, 
without limitation, that your use is for the sole purpose of 
programming logic devices manufactured by Altera and sold by 
Altera or its authorized distributors.  Please refer to the 
applicable agreement for further details.



+---------------------------------------------------------------------------------------------------------------------------------------------------------------------------+
; Timing Analyzer Summary                                                                                                                                                   ;
+------------------------------+-------+---------------+------------------------------------------------+-------------+--------------+------------+----------+--------------+
; Type                         ; Slack ; Required Time ; Actual Time                                    ; From        ; To           ; From Clock ; To Clock ; Failed Paths ;
+------------------------------+-------+---------------+------------------------------------------------+-------------+--------------+------------+----------+--------------+
; Worst-case tsu               ; N/A   ; None          ; 4.347 ns                                       ; stack_in[8] ; Regs[0][8]   ; --         ; clk_in   ; 0            ;
; Worst-case tco               ; N/A   ; None          ; 8.296 ns                                       ; Regs[7][9]  ; stack_out[9] ; clk_in     ; --       ; 0            ;
; Worst-case th                ; N/A   ; None          ; 0.487 ns                                       ; stack_push  ; Regs[0][7]   ; --         ; clk_in   ; 0            ;
; Clock Setup: 'clk_in'        ; N/A   ; None          ; Restricted to 420.17 MHz ( period = 2.380 ns ) ; Regs[1][8]  ; Regs[2][8]   ; clk_in     ; clk_in   ; 0            ;
; Total number of failed paths ;       ;               ;                                                ;             ;              ;            ;          ; 0            ;
+------------------------------+-------+---------------+------------------------------------------------+-------------+--------------+------------+----------+--------------+


+-----------------------------------------------------------------------------------------------------------------------------------------------------+
; Timing Analyzer Settings                                                                                                                            ;
+------------------------------------------------------------------------------------------------------+--------------------+------+----+-------------+
; Option                                                                                               ; Setting            ; From ; To ; Entity Name ;
+------------------------------------------------------------------------------------------------------+--------------------+------+----+-------------+
; Device Name                                                                                          ; EP2C35F672C6       ;      ;    ;             ;
; Timing Models                                                                                        ; Final              ;      ;    ;             ;
; Default hold multicycle                                                                              ; Same as Multicycle ;      ;    ;             ;
; Cut paths between unrelated clock domains                                                            ; On                 ;      ;    ;             ;
; Cut off read during write signal paths                                                               ; On                 ;      ;    ;             ;
; Cut off feedback from I/O pins                                                                       ; On                 ;      ;    ;             ;
; Report Combined Fast/Slow Timing                                                                     ; Off                ;      ;    ;             ;
; Ignore Clock Settings                                                                                ; Off                ;      ;    ;             ;
; Analyze latches as synchronous elements                                                              ; On                 ;      ;    ;             ;
; Enable Recovery/Removal analysis                                                                     ; Off                ;      ;    ;             ;
; Enable Clock Latency                                                                                 ; Off                ;      ;    ;             ;
; Use TimeQuest Timing Analyzer                                                                        ; Off                ;      ;    ;             ;
; Minimum Core Junction Temperature                                                                    ; 0                  ;      ;    ;             ;
; Maximum Core Junction Temperature                                                                    ; 85                 ;      ;    ;             ;
; Number of source nodes to report per destination node                                                ; 10                 ;      ;    ;             ;
; Number of destination nodes to report                                                                ; 10                 ;      ;    ;             ;
; Number of paths to report                                                                            ; 200                ;      ;    ;             ;
; Report Minimum Timing Checks                                                                         ; Off                ;      ;    ;             ;
; Use Fast Timing Models                                                                               ; Off                ;      ;    ;             ;
; Report IO Paths Separately                                                                           ; Off                ;      ;    ;             ;
; Perform Multicorner Analysis                                                                         ; On                 ;      ;    ;             ;
; Reports the worst-case path for each clock domain and analysis                                       ; Off                ;      ;    ;             ;
; Reports worst-case timing paths for each clock domain and analysis                                   ; On                 ;      ;    ;             ;
; Specifies the maximum number of worst-case timing paths to report for each clock domain and analysis ; 100                ;      ;    ;             ;
; Removes common clock path pessimism (CCPP) during slack computation                                  ; Off                ;      ;    ;             ;
; Output I/O Timing Endpoint                                                                           ; Near End           ;      ;    ;             ;
+------------------------------------------------------------------------------------------------------+--------------------+------+----+-------------+


+------------------------------------------------------------------------------------------------------------------------------------------------------------------------------------+
; Clock Settings Summary                                                                                                                                                             ;
+-----------------+--------------------+----------+------------------+---------------+--------------+----------+-----------------------+---------------------+--------+--------------+
; Clock Node Name ; Clock Setting Name ; Type     ; Fmax Requirement ; Early Latency ; Late Latency ; Based on ; Multiply Base Fmax by ; Divide Base Fmax by ; Offset ; Phase offset ;
+-----------------+--------------------+----------+------------------+---------------+--------------+----------+-----------------------+---------------------+--------+--------------+
; clk_in          ;                    ; User Pin ; None             ; 0.000 ns      ; 0.000 ns     ; --       ; N/A                   ; N/A                 ; N/A    ;              ;
+-----------------+--------------------+----------+------------------+---------------+--------------+----------+-----------------------+---------------------+--------+--------------+


Parallel compilation was disabled, but you have multiple processors available. Enable parallel compilation to reduce compilation time.
+-------------------------------------+
; Parallel Compilation                ;
+----------------------------+--------+
; Processors                 ; Number ;
+----------------------------+--------+
; Number detected on machine ; 12     ;
; Maximum allowed            ; 1      ;
+----------------------------+--------+


+------------------------------------------------------------------------------------------------------------------------------------------------------------------------------------------------+
; Clock Setup: 'clk_in'                                                                                                                                                                          ;
+-------+------------------------------------------------+-------------+-------------+------------+----------+-----------------------------+---------------------------+-------------------------+
; Slack ; Actual fmax (period)                           ; From        ; To          ; From Clock ; To Clock ; Required Setup Relationship ; Required Longest P2P Time ; Actual Longest P2P Time ;
+-------+------------------------------------------------+-------------+-------------+------------+----------+-----------------------------+---------------------------+-------------------------+
; N/A   ; Restricted to 420.17 MHz ( period = 2.380 ns ) ; Regs[6][4]  ; Regs[7][4]  ; clk_in     ; clk_in   ; None                        ; None                      ; 0.683 ns                ;
; N/A   ; Restricted to 420.17 MHz ( period = 2.380 ns ) ; Regs[4][8]  ; Regs[5][8]  ; clk_in     ; clk_in   ; None                        ; None                      ; 0.683 ns                ;
; N/A   ; Restricted to 420.17 MHz ( period = 2.380 ns ) ; Regs[1][8]  ; Regs[2][8]  ; clk_in     ; clk_in   ; None                        ; None                      ; 0.683 ns                ;
; N/A   ; Restricted to 420.17 MHz ( period = 2.380 ns ) ; Regs[0][5]  ; Regs[1][5]  ; clk_in     ; clk_in   ; None                        ; None                      ; 0.682 ns                ;
; N/A   ; Restricted to 420.17 MHz ( period = 2.380 ns ) ; Regs[5][6]  ; Regs[6][6]  ; clk_in     ; clk_in   ; None                        ; None                      ; 0.682 ns                ;
; N/A   ; Restricted to 420.17 MHz ( period = 2.380 ns ) ; Regs[6][7]  ; Regs[7][7]  ; clk_in     ; clk_in   ; None                        ; None                      ; 0.682 ns                ;
; N/A   ; Restricted to 420.17 MHz ( period = 2.380 ns ) ; Regs[3][0]  ; Regs[4][0]  ; clk_in     ; clk_in   ; None                        ; None                      ; 0.681 ns                ;
; N/A   ; Restricted to 420.17 MHz ( period = 2.380 ns ) ; Regs[1][0]  ; Regs[2][0]  ; clk_in     ; clk_in   ; None                        ; None                      ; 0.681 ns                ;
; N/A   ; Restricted to 420.17 MHz ( period = 2.380 ns ) ; Regs[3][4]  ; Regs[4][4]  ; clk_in     ; clk_in   ; None                        ; None                      ; 0.681 ns                ;
; N/A   ; Restricted to 420.17 MHz ( period = 2.380 ns ) ; Regs[3][5]  ; Regs[4][5]  ; clk_in     ; clk_in   ; None                        ; None                      ; 0.681 ns                ;
; N/A   ; Restricted to 420.17 MHz ( period = 2.380 ns ) ; Regs[0][0]  ; Regs[1][0]  ; clk_in     ; clk_in   ; None                        ; None                      ; 0.680 ns                ;
; N/A   ; Restricted to 420.17 MHz ( period = 2.380 ns ) ; Regs[2][10] ; Regs[3][10] ; clk_in     ; clk_in   ; None                        ; None                      ; 0.680 ns                ;
; N/A   ; Restricted to 420.17 MHz ( period = 2.380 ns ) ; Regs[4][11] ; Regs[5][11] ; clk_in     ; clk_in   ; None                        ; None                      ; 0.680 ns                ;
; N/A   ; Restricted to 420.17 MHz ( period = 2.380 ns ) ; Regs[0][3]  ; Regs[1][3]  ; clk_in     ; clk_in   ; None                        ; None                      ; 0.678 ns                ;
; N/A   ; Restricted to 420.17 MHz ( period = 2.380 ns ) ; Regs[0][6]  ; Regs[1][6]  ; clk_in     ; clk_in   ; None                        ; None                      ; 0.679 ns                ;
; N/A   ; Restricted to 420.17 MHz ( period = 2.380 ns ) ; Regs[3][8]  ; Regs[4][8]  ; clk_in     ; clk_in   ; None                        ; None                      ; 0.679 ns                ;
; N/A   ; Restricted to 420.17 MHz ( period = 2.380 ns ) ; Regs[3][3]  ; Regs[4][3]  ; clk_in     ; clk_in   ; None                        ; None                      ; 0.678 ns                ;
; N/A   ; Restricted to 420.17 MHz ( period = 2.380 ns ) ; Regs[2][5]  ; Regs[3][5]  ; clk_in     ; clk_in   ; None                        ; None                      ; 0.678 ns                ;
; N/A   ; Restricted to 420.17 MHz ( period = 2.380 ns ) ; Regs[2][8]  ; Regs[3][8]  ; clk_in     ; clk_in   ; None                        ; None                      ; 0.678 ns                ;
; N/A   ; Restricted to 420.17 MHz ( period = 2.380 ns ) ; Regs[2][2]  ; Regs[3][2]  ; clk_in     ; clk_in   ; None                        ; None                      ; 0.677 ns                ;
; N/A   ; Restricted to 420.17 MHz ( period = 2.380 ns ) ; Regs[4][3]  ; Regs[5][3]  ; clk_in     ; clk_in   ; None                        ; None                      ; 0.677 ns                ;
; N/A   ; Restricted to 420.17 MHz ( period = 2.380 ns ) ; Regs[1][4]  ; Regs[2][4]  ; clk_in     ; clk_in   ; None                        ; None                      ; 0.677 ns                ;
; N/A   ; Restricted to 420.17 MHz ( period = 2.380 ns ) ; Regs[3][6]  ; Regs[4][6]  ; clk_in     ; clk_in   ; None                        ; None                      ; 0.677 ns                ;
; N/A   ; Restricted to 420.17 MHz ( period = 2.380 ns ) ; Regs[2][12] ; Regs[3][12] ; clk_in     ; clk_in   ; None                        ; None                      ; 0.677 ns                ;
; N/A   ; Restricted to 420.17 MHz ( period = 2.380 ns ) ; Regs[2][3]  ; Regs[3][3]  ; clk_in     ; clk_in   ; None                        ; None                      ; 0.676 ns                ;
; N/A   ; Restricted to 420.17 MHz ( period = 2.380 ns ) ; Regs[0][4]  ; Regs[1][4]  ; clk_in     ; clk_in   ; None                        ; None                      ; 0.676 ns                ;
; N/A   ; Restricted to 420.17 MHz ( period = 2.380 ns ) ; Regs[1][5]  ; Regs[2][5]  ; clk_in     ; clk_in   ; None                        ; None                      ; 0.676 ns                ;
; N/A   ; Restricted to 420.17 MHz ( period = 2.380 ns ) ; Regs[6][6]  ; Regs[7][6]  ; clk_in     ; clk_in   ; None                        ; None                      ; 0.676 ns                ;
; N/A   ; Restricted to 420.17 MHz ( period = 2.380 ns ) ; Regs[0][9]  ; Regs[1][9]  ; clk_in     ; clk_in   ; None                        ; None                      ; 0.673 ns                ;
; N/A   ; Restricted to 420.17 MHz ( period = 2.380 ns ) ; Regs[6][1]  ; Regs[7][1]  ; clk_in     ; clk_in   ; None                        ; None                      ; 0.672 ns                ;
; N/A   ; Restricted to 420.17 MHz ( period = 2.380 ns ) ; Regs[6][0]  ; Regs[7][0]  ; clk_in     ; clk_in   ; None                        ; None                      ; 0.541 ns                ;
; N/A   ; Restricted to 420.17 MHz ( period = 2.380 ns ) ; Regs[0][2]  ; Regs[1][2]  ; clk_in     ; clk_in   ; None                        ; None                      ; 0.541 ns                ;
; N/A   ; Restricted to 420.17 MHz ( period = 2.380 ns ) ; Regs[5][3]  ; Regs[6][3]  ; clk_in     ; clk_in   ; None                        ; None                      ; 0.541 ns                ;
; N/A   ; Restricted to 420.17 MHz ( period = 2.380 ns ) ; Regs[4][4]  ; Regs[5][4]  ; clk_in     ; clk_in   ; None                        ; None                      ; 0.541 ns                ;
; N/A   ; Restricted to 420.17 MHz ( period = 2.380 ns ) ; Regs[0][11] ; Regs[1][11] ; clk_in     ; clk_in   ; None                        ; None                      ; 0.541 ns                ;
; N/A   ; Restricted to 420.17 MHz ( period = 2.380 ns ) ; Regs[4][0]  ; Regs[5][0]  ; clk_in     ; clk_in   ; None                        ; None                      ; 0.540 ns                ;
; N/A   ; Restricted to 420.17 MHz ( period = 2.380 ns ) ; Regs[2][0]  ; Regs[3][0]  ; clk_in     ; clk_in   ; None                        ; None                      ; 0.540 ns                ;
; N/A   ; Restricted to 420.17 MHz ( period = 2.380 ns ) ; Regs[4][1]  ; Regs[5][1]  ; clk_in     ; clk_in   ; None                        ; None                      ; 0.540 ns                ;
; N/A   ; Restricted to 420.17 MHz ( period = 2.380 ns ) ; Regs[1][1]  ; Regs[2][1]  ; clk_in     ; clk_in   ; None                        ; None                      ; 0.540 ns                ;
; N/A   ; Restricted to 420.17 MHz ( period = 2.380 ns ) ; Regs[6][2]  ; Regs[7][2]  ; clk_in     ; clk_in   ; None                        ; None                      ; 0.540 ns                ;
; N/A   ; Restricted to 420.17 MHz ( period = 2.380 ns ) ; Regs[1][3]  ; Regs[2][3]  ; clk_in     ; clk_in   ; None                        ; None                      ; 0.540 ns                ;
; N/A   ; Restricted to 420.17 MHz ( period = 2.380 ns ) ; Regs[6][5]  ; Regs[7][5]  ; clk_in     ; clk_in   ; None                        ; None                      ; 0.540 ns                ;
; N/A   ; Restricted to 420.17 MHz ( period = 2.380 ns ) ; Regs[4][5]  ; Regs[5][5]  ; clk_in     ; clk_in   ; None                        ; None                      ; 0.540 ns                ;
; N/A   ; Restricted to 420.17 MHz ( period = 2.380 ns ) ; Regs[3][7]  ; Regs[4][7]  ; clk_in     ; clk_in   ; None                        ; None                      ; 0.540 ns                ;
; N/A   ; Restricted to 420.17 MHz ( period = 2.380 ns ) ; Regs[0][7]  ; Regs[1][7]  ; clk_in     ; clk_in   ; None                        ; None                      ; 0.540 ns                ;
; N/A   ; Restricted to 420.17 MHz ( period = 2.380 ns ) ; Regs[5][11] ; Regs[6][11] ; clk_in     ; clk_in   ; None                        ; None                      ; 0.540 ns                ;
; N/A   ; Restricted to 420.17 MHz ( period = 2.380 ns ) ; Regs[5][12] ; Regs[6][12] ; clk_in     ; clk_in   ; None                        ; None                      ; 0.540 ns                ;
; N/A   ; Restricted to 420.17 MHz ( period = 2.380 ns ) ; Regs[5][2]  ; Regs[6][2]  ; clk_in     ; clk_in   ; None                        ; None                      ; 0.539 ns                ;
; N/A   ; Restricted to 420.17 MHz ( period = 2.380 ns ) ; Regs[2][7]  ; Regs[3][7]  ; clk_in     ; clk_in   ; None                        ; None                      ; 0.539 ns                ;
; N/A   ; Restricted to 420.17 MHz ( period = 2.380 ns ) ; Regs[0][8]  ; Regs[1][8]  ; clk_in     ; clk_in   ; None                        ; None                      ; 0.539 ns                ;
; N/A   ; Restricted to 420.17 MHz ( period = 2.380 ns ) ; Regs[4][10] ; Regs[5][10] ; clk_in     ; clk_in   ; None                        ; None                      ; 0.539 ns                ;
; N/A   ; Restricted to 420.17 MHz ( period = 2.380 ns ) ; Regs[3][10] ; Regs[4][10] ; clk_in     ; clk_in   ; None                        ; None                      ; 0.539 ns                ;
; N/A   ; Restricted to 420.17 MHz ( period = 2.380 ns ) ; Regs[1][10] ; Regs[2][10] ; clk_in     ; clk_in   ; None                        ; None                      ; 0.539 ns                ;
; N/A   ; Restricted to 420.17 MHz ( period = 2.380 ns ) ; Regs[3][11] ; Regs[4][11] ; clk_in     ; clk_in   ; None                        ; None                      ; 0.539 ns                ;
; N/A   ; Restricted to 420.17 MHz ( period = 2.380 ns ) ; Regs[4][12] ; Regs[5][12] ; clk_in     ; clk_in   ; None                        ; None                      ; 0.539 ns                ;
; N/A   ; Restricted to 420.17 MHz ( period = 2.380 ns ) ; Regs[5][1]  ; Regs[6][1]  ; clk_in     ; clk_in   ; None                        ; None                      ; 0.538 ns                ;
; N/A   ; Restricted to 420.17 MHz ( period = 2.380 ns ) ; Regs[3][1]  ; Regs[4][1]  ; clk_in     ; clk_in   ; None                        ; None                      ; 0.538 ns                ;
; N/A   ; Restricted to 420.17 MHz ( period = 2.380 ns ) ; Regs[2][1]  ; Regs[3][1]  ; clk_in     ; clk_in   ; None                        ; None                      ; 0.538 ns                ;
; N/A   ; Restricted to 420.17 MHz ( period = 2.380 ns ) ; Regs[3][2]  ; Regs[4][2]  ; clk_in     ; clk_in   ; None                        ; None                      ; 0.538 ns                ;
; N/A   ; Restricted to 420.17 MHz ( period = 2.380 ns ) ; Regs[2][4]  ; Regs[3][4]  ; clk_in     ; clk_in   ; None                        ; None                      ; 0.538 ns                ;
; N/A   ; Restricted to 420.17 MHz ( period = 2.380 ns ) ; Regs[4][6]  ; Regs[5][6]  ; clk_in     ; clk_in   ; None                        ; None                      ; 0.538 ns                ;
; N/A   ; Restricted to 420.17 MHz ( period = 2.380 ns ) ; Regs[2][6]  ; Regs[3][6]  ; clk_in     ; clk_in   ; None                        ; None                      ; 0.538 ns                ;
; N/A   ; Restricted to 420.17 MHz ( period = 2.380 ns ) ; Regs[1][7]  ; Regs[2][7]  ; clk_in     ; clk_in   ; None                        ; None                      ; 0.538 ns                ;
; N/A   ; Restricted to 420.17 MHz ( period = 2.380 ns ) ; Regs[6][8]  ; Regs[7][8]  ; clk_in     ; clk_in   ; None                        ; None                      ; 0.538 ns                ;
; N/A   ; Restricted to 420.17 MHz ( period = 2.380 ns ) ; Regs[2][11] ; Regs[3][11] ; clk_in     ; clk_in   ; None                        ; None                      ; 0.538 ns                ;
; N/A   ; Restricted to 420.17 MHz ( period = 2.380 ns ) ; Regs[3][12] ; Regs[4][12] ; clk_in     ; clk_in   ; None                        ; None                      ; 0.538 ns                ;
; N/A   ; Restricted to 420.17 MHz ( period = 2.380 ns ) ; Regs[0][12] ; Regs[1][12] ; clk_in     ; clk_in   ; None                        ; None                      ; 0.538 ns                ;
; N/A   ; Restricted to 420.17 MHz ( period = 2.380 ns ) ; Regs[0][1]  ; Regs[1][1]  ; clk_in     ; clk_in   ; None                        ; None                      ; 0.537 ns                ;
; N/A   ; Restricted to 420.17 MHz ( period = 2.380 ns ) ; Regs[4][7]  ; Regs[5][7]  ; clk_in     ; clk_in   ; None                        ; None                      ; 0.537 ns                ;
; N/A   ; Restricted to 420.17 MHz ( period = 2.380 ns ) ; Regs[6][10] ; Regs[7][10] ; clk_in     ; clk_in   ; None                        ; None                      ; 0.537 ns                ;
; N/A   ; Restricted to 420.17 MHz ( period = 2.380 ns ) ; Regs[5][10] ; Regs[6][10] ; clk_in     ; clk_in   ; None                        ; None                      ; 0.537 ns                ;
; N/A   ; Restricted to 420.17 MHz ( period = 2.380 ns ) ; Regs[6][11] ; Regs[7][11] ; clk_in     ; clk_in   ; None                        ; None                      ; 0.537 ns                ;
; N/A   ; Restricted to 420.17 MHz ( period = 2.380 ns ) ; Regs[4][2]  ; Regs[5][2]  ; clk_in     ; clk_in   ; None                        ; None                      ; 0.536 ns                ;
; N/A   ; Restricted to 420.17 MHz ( period = 2.380 ns ) ; Regs[1][2]  ; Regs[2][2]  ; clk_in     ; clk_in   ; None                        ; None                      ; 0.536 ns                ;
; N/A   ; Restricted to 420.17 MHz ( period = 2.380 ns ) ; Regs[5][7]  ; Regs[6][7]  ; clk_in     ; clk_in   ; None                        ; None                      ; 0.536 ns                ;
; N/A   ; Restricted to 420.17 MHz ( period = 2.380 ns ) ; Regs[6][9]  ; Regs[7][9]  ; clk_in     ; clk_in   ; None                        ; None                      ; 0.536 ns                ;
; N/A   ; Restricted to 420.17 MHz ( period = 2.380 ns ) ; Regs[4][9]  ; Regs[5][9]  ; clk_in     ; clk_in   ; None                        ; None                      ; 0.536 ns                ;
; N/A   ; Restricted to 420.17 MHz ( period = 2.380 ns ) ; Regs[1][11] ; Regs[2][11] ; clk_in     ; clk_in   ; None                        ; None                      ; 0.536 ns                ;
; N/A   ; Restricted to 420.17 MHz ( period = 2.380 ns ) ; Regs[5][9]  ; Regs[6][9]  ; clk_in     ; clk_in   ; None                        ; None                      ; 0.535 ns                ;
; N/A   ; Restricted to 420.17 MHz ( period = 2.380 ns ) ; Regs[1][9]  ; Regs[2][9]  ; clk_in     ; clk_in   ; None                        ; None                      ; 0.535 ns                ;
; N/A   ; Restricted to 420.17 MHz ( period = 2.380 ns ) ; Regs[1][12] ; Regs[2][12] ; clk_in     ; clk_in   ; None                        ; None                      ; 0.535 ns                ;
; N/A   ; Restricted to 420.17 MHz ( period = 2.380 ns ) ; Regs[5][4]  ; Regs[6][4]  ; clk_in     ; clk_in   ; None                        ; None                      ; 0.534 ns                ;
; N/A   ; Restricted to 420.17 MHz ( period = 2.380 ns ) ; Regs[0][10] ; Regs[1][10] ; clk_in     ; clk_in   ; None                        ; None                      ; 0.534 ns                ;
; N/A   ; Restricted to 420.17 MHz ( period = 2.380 ns ) ; Regs[6][12] ; Regs[7][12] ; clk_in     ; clk_in   ; None                        ; None                      ; 0.534 ns                ;
; N/A   ; Restricted to 420.17 MHz ( period = 2.380 ns ) ; Regs[5][0]  ; Regs[6][0]  ; clk_in     ; clk_in   ; None                        ; None                      ; 0.533 ns                ;
; N/A   ; Restricted to 420.17 MHz ( period = 2.380 ns ) ; Regs[1][6]  ; Regs[2][6]  ; clk_in     ; clk_in   ; None                        ; None                      ; 0.533 ns                ;
; N/A   ; Restricted to 420.17 MHz ( period = 2.380 ns ) ; Regs[6][3]  ; Regs[7][3]  ; clk_in     ; clk_in   ; None                        ; None                      ; 0.531 ns                ;
; N/A   ; Restricted to 420.17 MHz ( period = 2.380 ns ) ; Regs[5][5]  ; Regs[6][5]  ; clk_in     ; clk_in   ; None                        ; None                      ; 0.531 ns                ;
; N/A   ; Restricted to 420.17 MHz ( period = 2.380 ns ) ; Regs[5][8]  ; Regs[6][8]  ; clk_in     ; clk_in   ; None                        ; None                      ; 0.531 ns                ;
; N/A   ; Restricted to 420.17 MHz ( period = 2.380 ns ) ; Regs[3][9]  ; Regs[4][9]  ; clk_in     ; clk_in   ; None                        ; None                      ; 0.531 ns                ;
; N/A   ; Restricted to 420.17 MHz ( period = 2.380 ns ) ; Regs[2][9]  ; Regs[3][9]  ; clk_in     ; clk_in   ; None                        ; None                      ; 0.528 ns                ;
+-------+------------------------------------------------+-------------+-------------+------------+----------+-----------------------------+---------------------------+-------------------------+


+----------------------------------------------------------------------------------------------------------------------------------------------------+
; tsu                                                                                                                                                ;
+-----------------------------------------+-----------------------------------------------------+------------+--------------+-------------+----------+
; Slack                                   ; Required tsu                                        ; Actual tsu ; From         ; To          ; To Clock ;
+-----------------------------------------+-----------------------------------------------------+------------+--------------+-------------+----------+
; N/A                                     ; None                                                ; 4.347 ns   ; stack_in[8]  ; Regs[0][8]  ; clk_in   ;
; N/A                                     ; None                                                ; 4.151 ns   ; stack_in[5]  ; Regs[0][5]  ; clk_in   ;
; N/A                                     ; None                                                ; 4.135 ns   ; stack_in[1]  ; Regs[0][1]  ; clk_in   ;
; N/A                                     ; None                                                ; 3.923 ns   ; stack_push   ; Regs[7][8]  ; clk_in   ;
; N/A                                     ; None                                                ; 3.923 ns   ; stack_push   ; Regs[6][8]  ; clk_in   ;
; N/A                                     ; None                                                ; 3.923 ns   ; stack_push   ; Regs[5][8]  ; clk_in   ;
; N/A                                     ; None                                                ; 3.923 ns   ; stack_push   ; Regs[4][8]  ; clk_in   ;
; N/A                                     ; None                                                ; 3.923 ns   ; stack_push   ; Regs[3][8]  ; clk_in   ;
; N/A                                     ; None                                                ; 3.923 ns   ; stack_push   ; Regs[2][8]  ; clk_in   ;
; N/A                                     ; None                                                ; 3.923 ns   ; stack_push   ; Regs[1][8]  ; clk_in   ;
; N/A                                     ; None                                                ; 3.923 ns   ; stack_push   ; Regs[7][12] ; clk_in   ;
; N/A                                     ; None                                                ; 3.923 ns   ; stack_push   ; Regs[6][12] ; clk_in   ;
; N/A                                     ; None                                                ; 3.923 ns   ; stack_push   ; Regs[5][12] ; clk_in   ;
; N/A                                     ; None                                                ; 3.923 ns   ; stack_push   ; Regs[4][12] ; clk_in   ;
; N/A                                     ; None                                                ; 3.923 ns   ; stack_push   ; Regs[3][12] ; clk_in   ;
; N/A                                     ; None                                                ; 3.923 ns   ; stack_push   ; Regs[2][12] ; clk_in   ;
; N/A                                     ; None                                                ; 3.923 ns   ; stack_push   ; Regs[1][12] ; clk_in   ;
; N/A                                     ; None                                                ; 3.764 ns   ; stack_in[6]  ; Regs[0][6]  ; clk_in   ;
; N/A                                     ; None                                                ; 3.660 ns   ; stack_push   ; Regs[7][6]  ; clk_in   ;
; N/A                                     ; None                                                ; 3.660 ns   ; stack_push   ; Regs[6][6]  ; clk_in   ;
; N/A                                     ; None                                                ; 3.660 ns   ; stack_push   ; Regs[5][6]  ; clk_in   ;
; N/A                                     ; None                                                ; 3.660 ns   ; stack_push   ; Regs[4][6]  ; clk_in   ;
; N/A                                     ; None                                                ; 3.660 ns   ; stack_push   ; Regs[3][6]  ; clk_in   ;
; N/A                                     ; None                                                ; 3.660 ns   ; stack_push   ; Regs[2][6]  ; clk_in   ;
; N/A                                     ; None                                                ; 3.660 ns   ; stack_push   ; Regs[1][6]  ; clk_in   ;
; N/A                                     ; None                                                ; 3.660 ns   ; stack_push   ; Regs[7][11] ; clk_in   ;
; N/A                                     ; None                                                ; 3.660 ns   ; stack_push   ; Regs[6][11] ; clk_in   ;
; N/A                                     ; None                                                ; 3.660 ns   ; stack_push   ; Regs[5][11] ; clk_in   ;
; N/A                                     ; None                                                ; 3.660 ns   ; stack_push   ; Regs[4][11] ; clk_in   ;
; N/A                                     ; None                                                ; 3.660 ns   ; stack_push   ; Regs[3][11] ; clk_in   ;
; N/A                                     ; None                                                ; 3.660 ns   ; stack_push   ; Regs[2][11] ; clk_in   ;
; N/A                                     ; None                                                ; 3.660 ns   ; stack_push   ; Regs[1][11] ; clk_in   ;
; N/A                                     ; None                                                ; 3.658 ns   ; stack_in[2]  ; Regs[0][2]  ; clk_in   ;
; N/A                                     ; None                                                ; 3.623 ns   ; stack_in[3]  ; Regs[0][3]  ; clk_in   ;
; N/A                                     ; None                                                ; 3.552 ns   ; stack_in[9]  ; Regs[0][9]  ; clk_in   ;
; N/A                                     ; None                                                ; 3.532 ns   ; stack_in[0]  ; Regs[0][0]  ; clk_in   ;
; N/A                                     ; None                                                ; 3.394 ns   ; stack_pop    ; Regs[7][8]  ; clk_in   ;
; N/A                                     ; None                                                ; 3.394 ns   ; stack_pop    ; Regs[6][8]  ; clk_in   ;
; N/A                                     ; None                                                ; 3.394 ns   ; stack_pop    ; Regs[5][8]  ; clk_in   ;
; N/A                                     ; None                                                ; 3.394 ns   ; stack_pop    ; Regs[4][8]  ; clk_in   ;
; N/A                                     ; None                                                ; 3.394 ns   ; stack_pop    ; Regs[3][8]  ; clk_in   ;
; N/A                                     ; None                                                ; 3.394 ns   ; stack_pop    ; Regs[2][8]  ; clk_in   ;
; N/A                                     ; None                                                ; 3.394 ns   ; stack_pop    ; Regs[1][8]  ; clk_in   ;
; N/A                                     ; None                                                ; 3.394 ns   ; stack_pop    ; Regs[7][12] ; clk_in   ;
; N/A                                     ; None                                                ; 3.394 ns   ; stack_pop    ; Regs[6][12] ; clk_in   ;
; N/A                                     ; None                                                ; 3.394 ns   ; stack_pop    ; Regs[5][12] ; clk_in   ;
; N/A                                     ; None                                                ; 3.394 ns   ; stack_pop    ; Regs[4][12] ; clk_in   ;
; N/A                                     ; None                                                ; 3.394 ns   ; stack_pop    ; Regs[3][12] ; clk_in   ;
; N/A                                     ; None                                                ; 3.394 ns   ; stack_pop    ; Regs[2][12] ; clk_in   ;
; N/A                                     ; None                                                ; 3.394 ns   ; stack_pop    ; Regs[1][12] ; clk_in   ;
; N/A                                     ; None                                                ; 3.378 ns   ; stack_push   ; Regs[7][4]  ; clk_in   ;
; N/A                                     ; None                                                ; 3.378 ns   ; stack_push   ; Regs[6][4]  ; clk_in   ;
; N/A                                     ; None                                                ; 3.378 ns   ; stack_push   ; Regs[5][4]  ; clk_in   ;
; N/A                                     ; None                                                ; 3.378 ns   ; stack_push   ; Regs[4][4]  ; clk_in   ;
; N/A                                     ; None                                                ; 3.378 ns   ; stack_push   ; Regs[3][4]  ; clk_in   ;
; N/A                                     ; None                                                ; 3.378 ns   ; stack_push   ; Regs[2][4]  ; clk_in   ;
; N/A                                     ; None                                                ; 3.378 ns   ; stack_push   ; Regs[1][4]  ; clk_in   ;
; N/A                                     ; None                                                ; 3.378 ns   ; stack_push   ; Regs[7][7]  ; clk_in   ;
; N/A                                     ; None                                                ; 3.378 ns   ; stack_push   ; Regs[6][7]  ; clk_in   ;
; N/A                                     ; None                                                ; 3.378 ns   ; stack_push   ; Regs[5][7]  ; clk_in   ;
; N/A                                     ; None                                                ; 3.378 ns   ; stack_push   ; Regs[4][7]  ; clk_in   ;
; N/A                                     ; None                                                ; 3.378 ns   ; stack_push   ; Regs[3][7]  ; clk_in   ;
; N/A                                     ; None                                                ; 3.378 ns   ; stack_push   ; Regs[2][7]  ; clk_in   ;
; N/A                                     ; None                                                ; 3.378 ns   ; stack_push   ; Regs[1][7]  ; clk_in   ;
; N/A                                     ; None                                                ; 3.311 ns   ; stack_in[12] ; Regs[0][12] ; clk_in   ;
; N/A                                     ; None                                                ; 3.251 ns   ; stack_in[4]  ; Regs[0][4]  ; clk_in   ;
; N/A                                     ; None                                                ; 3.171 ns   ; stack_in[7]  ; Regs[0][7]  ; clk_in   ;
; N/A                                     ; None                                                ; 3.163 ns   ; stack_in[11] ; Regs[0][11] ; clk_in   ;
; N/A                                     ; None                                                ; 3.148 ns   ; stack_in[10] ; Regs[0][10] ; clk_in   ;
; N/A                                     ; None                                                ; 3.131 ns   ; stack_pop    ; Regs[7][6]  ; clk_in   ;
; N/A                                     ; None                                                ; 3.131 ns   ; stack_pop    ; Regs[6][6]  ; clk_in   ;
; N/A                                     ; None                                                ; 3.131 ns   ; stack_pop    ; Regs[5][6]  ; clk_in   ;
; N/A                                     ; None                                                ; 3.131 ns   ; stack_pop    ; Regs[4][6]  ; clk_in   ;
; N/A                                     ; None                                                ; 3.131 ns   ; stack_pop    ; Regs[3][6]  ; clk_in   ;
; N/A                                     ; None                                                ; 3.131 ns   ; stack_pop    ; Regs[2][6]  ; clk_in   ;
; N/A                                     ; None                                                ; 3.131 ns   ; stack_pop    ; Regs[1][6]  ; clk_in   ;
; N/A                                     ; None                                                ; 3.131 ns   ; stack_pop    ; Regs[7][11] ; clk_in   ;
; N/A                                     ; None                                                ; 3.131 ns   ; stack_pop    ; Regs[6][11] ; clk_in   ;
; N/A                                     ; None                                                ; 3.131 ns   ; stack_pop    ; Regs[5][11] ; clk_in   ;
; N/A                                     ; None                                                ; 3.131 ns   ; stack_pop    ; Regs[4][11] ; clk_in   ;
; N/A                                     ; None                                                ; 3.131 ns   ; stack_pop    ; Regs[3][11] ; clk_in   ;
; N/A                                     ; None                                                ; 3.131 ns   ; stack_pop    ; Regs[2][11] ; clk_in   ;
; N/A                                     ; None                                                ; 3.131 ns   ; stack_pop    ; Regs[1][11] ; clk_in   ;
; N/A                                     ; None                                                ; 2.849 ns   ; stack_pop    ; Regs[7][4]  ; clk_in   ;
; N/A                                     ; None                                                ; 2.849 ns   ; stack_pop    ; Regs[6][4]  ; clk_in   ;
; N/A                                     ; None                                                ; 2.849 ns   ; stack_pop    ; Regs[5][4]  ; clk_in   ;
; N/A                                     ; None                                                ; 2.849 ns   ; stack_pop    ; Regs[4][4]  ; clk_in   ;
; N/A                                     ; None                                                ; 2.849 ns   ; stack_pop    ; Regs[3][4]  ; clk_in   ;
; N/A                                     ; None                                                ; 2.849 ns   ; stack_pop    ; Regs[2][4]  ; clk_in   ;
; N/A                                     ; None                                                ; 2.849 ns   ; stack_pop    ; Regs[1][4]  ; clk_in   ;
; N/A                                     ; None                                                ; 2.849 ns   ; stack_pop    ; Regs[7][7]  ; clk_in   ;
; N/A                                     ; None                                                ; 2.849 ns   ; stack_pop    ; Regs[6][7]  ; clk_in   ;
; N/A                                     ; None                                                ; 2.849 ns   ; stack_pop    ; Regs[5][7]  ; clk_in   ;
; N/A                                     ; None                                                ; 2.849 ns   ; stack_pop    ; Regs[4][7]  ; clk_in   ;
; N/A                                     ; None                                                ; 2.849 ns   ; stack_pop    ; Regs[3][7]  ; clk_in   ;
; N/A                                     ; None                                                ; 2.849 ns   ; stack_pop    ; Regs[2][7]  ; clk_in   ;
; N/A                                     ; None                                                ; 2.849 ns   ; stack_pop    ; Regs[1][7]  ; clk_in   ;
; N/A                                     ; None                                                ; 2.672 ns   ; stack_push   ; Regs[7][5]  ; clk_in   ;
; N/A                                     ; None                                                ; 2.672 ns   ; stack_push   ; Regs[6][5]  ; clk_in   ;
; N/A                                     ; None                                                ; 2.672 ns   ; stack_push   ; Regs[5][5]  ; clk_in   ;
; N/A                                     ; None                                                ; 2.672 ns   ; stack_push   ; Regs[4][5]  ; clk_in   ;
; N/A                                     ; None                                                ; 2.672 ns   ; stack_push   ; Regs[3][5]  ; clk_in   ;
; N/A                                     ; None                                                ; 2.672 ns   ; stack_push   ; Regs[2][5]  ; clk_in   ;
; N/A                                     ; None                                                ; 2.672 ns   ; stack_push   ; Regs[1][5]  ; clk_in   ;
; N/A                                     ; None                                                ; 2.672 ns   ; stack_push   ; Regs[7][10] ; clk_in   ;
; N/A                                     ; None                                                ; 2.672 ns   ; stack_push   ; Regs[6][10] ; clk_in   ;
; N/A                                     ; None                                                ; 2.672 ns   ; stack_push   ; Regs[5][10] ; clk_in   ;
; N/A                                     ; None                                                ; 2.672 ns   ; stack_push   ; Regs[4][10] ; clk_in   ;
; N/A                                     ; None                                                ; 2.672 ns   ; stack_push   ; Regs[3][10] ; clk_in   ;
; N/A                                     ; None                                                ; 2.672 ns   ; stack_push   ; Regs[2][10] ; clk_in   ;
; N/A                                     ; None                                                ; 2.672 ns   ; stack_push   ; Regs[1][10] ; clk_in   ;
; N/A                                     ; None                                                ; 2.143 ns   ; stack_pop    ; Regs[7][5]  ; clk_in   ;
; N/A                                     ; None                                                ; 2.143 ns   ; stack_pop    ; Regs[6][5]  ; clk_in   ;
; N/A                                     ; None                                                ; 2.143 ns   ; stack_pop    ; Regs[5][5]  ; clk_in   ;
; N/A                                     ; None                                                ; 2.143 ns   ; stack_pop    ; Regs[4][5]  ; clk_in   ;
; N/A                                     ; None                                                ; 2.143 ns   ; stack_pop    ; Regs[3][5]  ; clk_in   ;
; N/A                                     ; None                                                ; 2.143 ns   ; stack_pop    ; Regs[2][5]  ; clk_in   ;
; N/A                                     ; None                                                ; 2.143 ns   ; stack_pop    ; Regs[1][5]  ; clk_in   ;
; N/A                                     ; None                                                ; 2.143 ns   ; stack_pop    ; Regs[7][10] ; clk_in   ;
; N/A                                     ; None                                                ; 2.143 ns   ; stack_pop    ; Regs[6][10] ; clk_in   ;
; N/A                                     ; None                                                ; 2.143 ns   ; stack_pop    ; Regs[5][10] ; clk_in   ;
; N/A                                     ; None                                                ; 2.143 ns   ; stack_pop    ; Regs[4][10] ; clk_in   ;
; N/A                                     ; None                                                ; 2.143 ns   ; stack_pop    ; Regs[3][10] ; clk_in   ;
; N/A                                     ; None                                                ; 2.143 ns   ; stack_pop    ; Regs[2][10] ; clk_in   ;
; N/A                                     ; None                                                ; 2.143 ns   ; stack_pop    ; Regs[1][10] ; clk_in   ;
; N/A                                     ; None                                                ; 1.862 ns   ; stack_push   ; Regs[7][9]  ; clk_in   ;
; N/A                                     ; None                                                ; 1.862 ns   ; stack_push   ; Regs[6][9]  ; clk_in   ;
; N/A                                     ; None                                                ; 1.862 ns   ; stack_push   ; Regs[5][9]  ; clk_in   ;
; N/A                                     ; None                                                ; 1.862 ns   ; stack_push   ; Regs[4][9]  ; clk_in   ;
; N/A                                     ; None                                                ; 1.862 ns   ; stack_push   ; Regs[3][9]  ; clk_in   ;
; N/A                                     ; None                                                ; 1.862 ns   ; stack_push   ; Regs[2][9]  ; clk_in   ;
; N/A                                     ; None                                                ; 1.862 ns   ; stack_push   ; Regs[1][9]  ; clk_in   ;
; N/A                                     ; None                                                ; 1.646 ns   ; stack_push   ; Regs[7][1]  ; clk_in   ;
; N/A                                     ; None                                                ; 1.646 ns   ; stack_push   ; Regs[7][2]  ; clk_in   ;
; N/A                                     ; None                                                ; 1.646 ns   ; stack_push   ; Regs[6][2]  ; clk_in   ;
; N/A                                     ; None                                                ; 1.646 ns   ; stack_push   ; Regs[5][2]  ; clk_in   ;
; N/A                                     ; None                                                ; 1.646 ns   ; stack_push   ; Regs[4][2]  ; clk_in   ;
; N/A                                     ; None                                                ; 1.646 ns   ; stack_push   ; Regs[3][2]  ; clk_in   ;
; N/A                                     ; None                                                ; 1.646 ns   ; stack_push   ; Regs[2][2]  ; clk_in   ;
; N/A                                     ; None                                                ; 1.646 ns   ; stack_push   ; Regs[1][2]  ; clk_in   ;
; N/A                                     ; None                                                ; 1.646 ns   ; stack_push   ; Regs[7][3]  ; clk_in   ;
; N/A                                     ; None                                                ; 1.646 ns   ; stack_push   ; Regs[6][3]  ; clk_in   ;
; N/A                                     ; None                                                ; 1.646 ns   ; stack_push   ; Regs[5][3]  ; clk_in   ;
; N/A                                     ; None                                                ; 1.646 ns   ; stack_push   ; Regs[4][3]  ; clk_in   ;
; N/A                                     ; None                                                ; 1.646 ns   ; stack_push   ; Regs[3][3]  ; clk_in   ;
; N/A                                     ; None                                                ; 1.646 ns   ; stack_push   ; Regs[2][3]  ; clk_in   ;
; N/A                                     ; None                                                ; 1.646 ns   ; stack_push   ; Regs[1][3]  ; clk_in   ;
; N/A                                     ; None                                                ; 1.448 ns   ; stack_push   ; Regs[7][0]  ; clk_in   ;
; N/A                                     ; None                                                ; 1.448 ns   ; stack_push   ; Regs[6][0]  ; clk_in   ;
; N/A                                     ; None                                                ; 1.448 ns   ; stack_push   ; Regs[5][0]  ; clk_in   ;
; N/A                                     ; None                                                ; 1.448 ns   ; stack_push   ; Regs[4][0]  ; clk_in   ;
; N/A                                     ; None                                                ; 1.448 ns   ; stack_push   ; Regs[3][0]  ; clk_in   ;
; N/A                                     ; None                                                ; 1.448 ns   ; stack_push   ; Regs[2][0]  ; clk_in   ;
; N/A                                     ; None                                                ; 1.448 ns   ; stack_push   ; Regs[1][0]  ; clk_in   ;
; N/A                                     ; None                                                ; 1.448 ns   ; stack_push   ; Regs[6][1]  ; clk_in   ;
; N/A                                     ; None                                                ; 1.448 ns   ; stack_push   ; Regs[5][1]  ; clk_in   ;
; N/A                                     ; None                                                ; 1.448 ns   ; stack_push   ; Regs[4][1]  ; clk_in   ;
; N/A                                     ; None                                                ; 1.448 ns   ; stack_push   ; Regs[3][1]  ; clk_in   ;
; N/A                                     ; None                                                ; 1.448 ns   ; stack_push   ; Regs[2][1]  ; clk_in   ;
; N/A                                     ; None                                                ; 1.448 ns   ; stack_push   ; Regs[1][1]  ; clk_in   ;
; N/A                                     ; None                                                ; 1.333 ns   ; stack_pop    ; Regs[7][9]  ; clk_in   ;
; N/A                                     ; None                                                ; 1.333 ns   ; stack_pop    ; Regs[6][9]  ; clk_in   ;
; N/A                                     ; None                                                ; 1.333 ns   ; stack_pop    ; Regs[5][9]  ; clk_in   ;
; N/A                                     ; None                                                ; 1.333 ns   ; stack_pop    ; Regs[4][9]  ; clk_in   ;
; N/A                                     ; None                                                ; 1.333 ns   ; stack_pop    ; Regs[3][9]  ; clk_in   ;
; N/A                                     ; None                                                ; 1.333 ns   ; stack_pop    ; Regs[2][9]  ; clk_in   ;
; N/A                                     ; None                                                ; 1.333 ns   ; stack_pop    ; Regs[1][9]  ; clk_in   ;
; N/A                                     ; None                                                ; 1.117 ns   ; stack_pop    ; Regs[7][1]  ; clk_in   ;
; N/A                                     ; None                                                ; 1.117 ns   ; stack_pop    ; Regs[7][2]  ; clk_in   ;
; N/A                                     ; None                                                ; 1.117 ns   ; stack_pop    ; Regs[6][2]  ; clk_in   ;
; N/A                                     ; None                                                ; 1.117 ns   ; stack_pop    ; Regs[5][2]  ; clk_in   ;
; N/A                                     ; None                                                ; 1.117 ns   ; stack_pop    ; Regs[4][2]  ; clk_in   ;
; N/A                                     ; None                                                ; 1.117 ns   ; stack_pop    ; Regs[3][2]  ; clk_in   ;
; N/A                                     ; None                                                ; 1.117 ns   ; stack_pop    ; Regs[2][2]  ; clk_in   ;
; N/A                                     ; None                                                ; 1.117 ns   ; stack_pop    ; Regs[1][2]  ; clk_in   ;
; N/A                                     ; None                                                ; 1.117 ns   ; stack_pop    ; Regs[7][3]  ; clk_in   ;
; N/A                                     ; None                                                ; 1.117 ns   ; stack_pop    ; Regs[6][3]  ; clk_in   ;
; N/A                                     ; None                                                ; 1.117 ns   ; stack_pop    ; Regs[5][3]  ; clk_in   ;
; N/A                                     ; None                                                ; 1.117 ns   ; stack_pop    ; Regs[4][3]  ; clk_in   ;
; N/A                                     ; None                                                ; 1.117 ns   ; stack_pop    ; Regs[3][3]  ; clk_in   ;
; N/A                                     ; None                                                ; 1.117 ns   ; stack_pop    ; Regs[2][3]  ; clk_in   ;
; N/A                                     ; None                                                ; 1.117 ns   ; stack_pop    ; Regs[1][3]  ; clk_in   ;
; N/A                                     ; None                                                ; 0.919 ns   ; stack_pop    ; Regs[7][0]  ; clk_in   ;
; N/A                                     ; None                                                ; 0.919 ns   ; stack_pop    ; Regs[6][0]  ; clk_in   ;
; N/A                                     ; None                                                ; 0.919 ns   ; stack_pop    ; Regs[5][0]  ; clk_in   ;
; N/A                                     ; None                                                ; 0.919 ns   ; stack_pop    ; Regs[4][0]  ; clk_in   ;
; N/A                                     ; None                                                ; 0.919 ns   ; stack_pop    ; Regs[3][0]  ; clk_in   ;
; N/A                                     ; None                                                ; 0.919 ns   ; stack_pop    ; Regs[2][0]  ; clk_in   ;
; N/A                                     ; None                                                ; 0.919 ns   ; stack_pop    ; Regs[1][0]  ; clk_in   ;
; N/A                                     ; None                                                ; 0.919 ns   ; stack_pop    ; Regs[6][1]  ; clk_in   ;
; N/A                                     ; None                                                ; 0.919 ns   ; stack_pop    ; Regs[5][1]  ; clk_in   ;
; N/A                                     ; None                                                ; 0.919 ns   ; stack_pop    ; Regs[4][1]  ; clk_in   ;
; N/A                                     ; None                                                ; 0.919 ns   ; stack_pop    ; Regs[3][1]  ; clk_in   ;
; N/A                                     ; None                                                ; 0.919 ns   ; stack_pop    ; Regs[2][1]  ; clk_in   ;
; N/A                                     ; None                                                ; 0.919 ns   ; stack_pop    ; Regs[1][1]  ; clk_in   ;
; N/A                                     ; None                                                ; 0.768 ns   ; stack_push   ; Regs[0][5]  ; clk_in   ;
; N/A                                     ; None                                                ; 0.768 ns   ; stack_push   ; Regs[0][10] ; clk_in   ;
; N/A                                     ; None                                                ; 0.745 ns   ; stack_push   ; Regs[0][0]  ; clk_in   ;
; N/A                                     ; None                                                ; 0.745 ns   ; stack_push   ; Regs[0][1]  ; clk_in   ;
; N/A                                     ; None                                                ; 0.510 ns   ; stack_push   ; Regs[0][3]  ; clk_in   ;
; Timing analysis restricted to 200 rows. ; To change the limit use Settings (Assignments menu) ;            ;              ;             ;          ;
+-----------------------------------------+-----------------------------------------------------+------------+--------------+-------------+----------+


+------------------------------------------------------------------------------+
; tco                                                                          ;
+-------+--------------+------------+-------------+---------------+------------+
; Slack ; Required tco ; Actual tco ; From        ; To            ; From Clock ;
+-------+--------------+------------+-------------+---------------+------------+
; N/A   ; None         ; 8.296 ns   ; Regs[7][9]  ; stack_out[9]  ; clk_in     ;
; N/A   ; None         ; 7.789 ns   ; Regs[7][4]  ; stack_out[4]  ; clk_in     ;
; N/A   ; None         ; 7.196 ns   ; Regs[7][3]  ; stack_out[3]  ; clk_in     ;
; N/A   ; None         ; 7.131 ns   ; Regs[7][1]  ; stack_out[1]  ; clk_in     ;
; N/A   ; None         ; 6.923 ns   ; Regs[7][2]  ; stack_out[2]  ; clk_in     ;
; N/A   ; None         ; 6.921 ns   ; Regs[7][0]  ; stack_out[0]  ; clk_in     ;
; N/A   ; None         ; 6.360 ns   ; Regs[7][12] ; stack_out[12] ; clk_in     ;
; N/A   ; None         ; 6.354 ns   ; Regs[7][6]  ; stack_out[6]  ; clk_in     ;
; N/A   ; None         ; 6.344 ns   ; Regs[7][11] ; stack_out[11] ; clk_in     ;
; N/A   ; None         ; 6.334 ns   ; Regs[7][10] ; stack_out[10] ; clk_in     ;
; N/A   ; None         ; 6.334 ns   ; Regs[7][5]  ; stack_out[5]  ; clk_in     ;
; N/A   ; None         ; 6.331 ns   ; Regs[7][8]  ; stack_out[8]  ; clk_in     ;
; N/A   ; None         ; 6.330 ns   ; Regs[7][7]  ; stack_out[7]  ; clk_in     ;
+-------+--------------+------------+-------------+---------------+------------+


+---------------------------------------------------------------------------------------------------------------------------------------------------+
; th                                                                                                                                                ;
+-----------------------------------------+-----------------------------------------------------+-----------+--------------+-------------+----------+
; Minimum Slack                           ; Required th                                         ; Actual th ; From         ; To          ; To Clock ;
+-----------------------------------------+-----------------------------------------------------+-----------+--------------+-------------+----------+
; N/A                                     ; None                                                ; 0.487 ns  ; stack_push   ; Regs[0][4]  ; clk_in   ;
; N/A                                     ; None                                                ; 0.487 ns  ; stack_push   ; Regs[0][7]  ; clk_in   ;
; N/A                                     ; None                                                ; 0.209 ns  ; stack_push   ; Regs[0][6]  ; clk_in   ;
; N/A                                     ; None                                                ; 0.209 ns  ; stack_push   ; Regs[0][11] ; clk_in   ;
; N/A                                     ; None                                                ; -0.017 ns ; stack_push   ; Regs[0][8]  ; clk_in   ;
; N/A                                     ; None                                                ; -0.017 ns ; stack_push   ; Regs[0][12] ; clk_in   ;
; N/A                                     ; None                                                ; -0.276 ns ; stack_push   ; Regs[0][2]  ; clk_in   ;
; N/A                                     ; None                                                ; -0.280 ns ; stack_push   ; Regs[0][3]  ; clk_in   ;
; N/A                                     ; None                                                ; -0.280 ns ; stack_push   ; Regs[0][9]  ; clk_in   ;
; N/A                                     ; None                                                ; -0.515 ns ; stack_push   ; Regs[0][0]  ; clk_in   ;
; N/A                                     ; None                                                ; -0.515 ns ; stack_push   ; Regs[0][1]  ; clk_in   ;
; N/A                                     ; None                                                ; -0.538 ns ; stack_push   ; Regs[0][5]  ; clk_in   ;
; N/A                                     ; None                                                ; -0.538 ns ; stack_push   ; Regs[0][10] ; clk_in   ;
; N/A                                     ; None                                                ; -0.689 ns ; stack_pop    ; Regs[7][0]  ; clk_in   ;
; N/A                                     ; None                                                ; -0.689 ns ; stack_pop    ; Regs[6][0]  ; clk_in   ;
; N/A                                     ; None                                                ; -0.689 ns ; stack_pop    ; Regs[5][0]  ; clk_in   ;
; N/A                                     ; None                                                ; -0.689 ns ; stack_pop    ; Regs[4][0]  ; clk_in   ;
; N/A                                     ; None                                                ; -0.689 ns ; stack_pop    ; Regs[3][0]  ; clk_in   ;
; N/A                                     ; None                                                ; -0.689 ns ; stack_pop    ; Regs[2][0]  ; clk_in   ;
; N/A                                     ; None                                                ; -0.689 ns ; stack_pop    ; Regs[1][0]  ; clk_in   ;
; N/A                                     ; None                                                ; -0.689 ns ; stack_pop    ; Regs[6][1]  ; clk_in   ;
; N/A                                     ; None                                                ; -0.689 ns ; stack_pop    ; Regs[5][1]  ; clk_in   ;
; N/A                                     ; None                                                ; -0.689 ns ; stack_pop    ; Regs[4][1]  ; clk_in   ;
; N/A                                     ; None                                                ; -0.689 ns ; stack_pop    ; Regs[3][1]  ; clk_in   ;
; N/A                                     ; None                                                ; -0.689 ns ; stack_pop    ; Regs[2][1]  ; clk_in   ;
; N/A                                     ; None                                                ; -0.689 ns ; stack_pop    ; Regs[1][1]  ; clk_in   ;
; N/A                                     ; None                                                ; -0.887 ns ; stack_pop    ; Regs[7][1]  ; clk_in   ;
; N/A                                     ; None                                                ; -0.887 ns ; stack_pop    ; Regs[7][2]  ; clk_in   ;
; N/A                                     ; None                                                ; -0.887 ns ; stack_pop    ; Regs[6][2]  ; clk_in   ;
; N/A                                     ; None                                                ; -0.887 ns ; stack_pop    ; Regs[5][2]  ; clk_in   ;
; N/A                                     ; None                                                ; -0.887 ns ; stack_pop    ; Regs[4][2]  ; clk_in   ;
; N/A                                     ; None                                                ; -0.887 ns ; stack_pop    ; Regs[3][2]  ; clk_in   ;
; N/A                                     ; None                                                ; -0.887 ns ; stack_pop    ; Regs[2][2]  ; clk_in   ;
; N/A                                     ; None                                                ; -0.887 ns ; stack_pop    ; Regs[1][2]  ; clk_in   ;
; N/A                                     ; None                                                ; -0.887 ns ; stack_pop    ; Regs[7][3]  ; clk_in   ;
; N/A                                     ; None                                                ; -0.887 ns ; stack_pop    ; Regs[6][3]  ; clk_in   ;
; N/A                                     ; None                                                ; -0.887 ns ; stack_pop    ; Regs[5][3]  ; clk_in   ;
; N/A                                     ; None                                                ; -0.887 ns ; stack_pop    ; Regs[4][3]  ; clk_in   ;
; N/A                                     ; None                                                ; -0.887 ns ; stack_pop    ; Regs[3][3]  ; clk_in   ;
; N/A                                     ; None                                                ; -0.887 ns ; stack_pop    ; Regs[2][3]  ; clk_in   ;
; N/A                                     ; None                                                ; -0.887 ns ; stack_pop    ; Regs[1][3]  ; clk_in   ;
; N/A                                     ; None                                                ; -1.103 ns ; stack_pop    ; Regs[7][9]  ; clk_in   ;
; N/A                                     ; None                                                ; -1.103 ns ; stack_pop    ; Regs[6][9]  ; clk_in   ;
; N/A                                     ; None                                                ; -1.103 ns ; stack_pop    ; Regs[5][9]  ; clk_in   ;
; N/A                                     ; None                                                ; -1.103 ns ; stack_pop    ; Regs[4][9]  ; clk_in   ;
; N/A                                     ; None                                                ; -1.103 ns ; stack_pop    ; Regs[3][9]  ; clk_in   ;
; N/A                                     ; None                                                ; -1.103 ns ; stack_pop    ; Regs[2][9]  ; clk_in   ;
; N/A                                     ; None                                                ; -1.103 ns ; stack_pop    ; Regs[1][9]  ; clk_in   ;
; N/A                                     ; None                                                ; -1.218 ns ; stack_push   ; Regs[7][0]  ; clk_in   ;
; N/A                                     ; None                                                ; -1.218 ns ; stack_push   ; Regs[6][0]  ; clk_in   ;
; N/A                                     ; None                                                ; -1.218 ns ; stack_push   ; Regs[5][0]  ; clk_in   ;
; N/A                                     ; None                                                ; -1.218 ns ; stack_push   ; Regs[4][0]  ; clk_in   ;
; N/A                                     ; None                                                ; -1.218 ns ; stack_push   ; Regs[3][0]  ; clk_in   ;
; N/A                                     ; None                                                ; -1.218 ns ; stack_push   ; Regs[2][0]  ; clk_in   ;
; N/A                                     ; None                                                ; -1.218 ns ; stack_push   ; Regs[1][0]  ; clk_in   ;
; N/A                                     ; None                                                ; -1.218 ns ; stack_push   ; Regs[6][1]  ; clk_in   ;
; N/A                                     ; None                                                ; -1.218 ns ; stack_push   ; Regs[5][1]  ; clk_in   ;
; N/A                                     ; None                                                ; -1.218 ns ; stack_push   ; Regs[4][1]  ; clk_in   ;
; N/A                                     ; None                                                ; -1.218 ns ; stack_push   ; Regs[3][1]  ; clk_in   ;
; N/A                                     ; None                                                ; -1.218 ns ; stack_push   ; Regs[2][1]  ; clk_in   ;
; N/A                                     ; None                                                ; -1.218 ns ; stack_push   ; Regs[1][1]  ; clk_in   ;
; N/A                                     ; None                                                ; -1.416 ns ; stack_push   ; Regs[7][1]  ; clk_in   ;
; N/A                                     ; None                                                ; -1.416 ns ; stack_push   ; Regs[7][2]  ; clk_in   ;
; N/A                                     ; None                                                ; -1.416 ns ; stack_push   ; Regs[6][2]  ; clk_in   ;
; N/A                                     ; None                                                ; -1.416 ns ; stack_push   ; Regs[5][2]  ; clk_in   ;
; N/A                                     ; None                                                ; -1.416 ns ; stack_push   ; Regs[4][2]  ; clk_in   ;
; N/A                                     ; None                                                ; -1.416 ns ; stack_push   ; Regs[3][2]  ; clk_in   ;
; N/A                                     ; None                                                ; -1.416 ns ; stack_push   ; Regs[2][2]  ; clk_in   ;
; N/A                                     ; None                                                ; -1.416 ns ; stack_push   ; Regs[1][2]  ; clk_in   ;
; N/A                                     ; None                                                ; -1.416 ns ; stack_push   ; Regs[7][3]  ; clk_in   ;
; N/A                                     ; None                                                ; -1.416 ns ; stack_push   ; Regs[6][3]  ; clk_in   ;
; N/A                                     ; None                                                ; -1.416 ns ; stack_push   ; Regs[5][3]  ; clk_in   ;
; N/A                                     ; None                                                ; -1.416 ns ; stack_push   ; Regs[4][3]  ; clk_in   ;
; N/A                                     ; None                                                ; -1.416 ns ; stack_push   ; Regs[3][3]  ; clk_in   ;
; N/A                                     ; None                                                ; -1.416 ns ; stack_push   ; Regs[2][3]  ; clk_in   ;
; N/A                                     ; None                                                ; -1.416 ns ; stack_push   ; Regs[1][3]  ; clk_in   ;
; N/A                                     ; None                                                ; -1.632 ns ; stack_push   ; Regs[7][9]  ; clk_in   ;
; N/A                                     ; None                                                ; -1.632 ns ; stack_push   ; Regs[6][9]  ; clk_in   ;
; N/A                                     ; None                                                ; -1.632 ns ; stack_push   ; Regs[5][9]  ; clk_in   ;
; N/A                                     ; None                                                ; -1.632 ns ; stack_push   ; Regs[4][9]  ; clk_in   ;
; N/A                                     ; None                                                ; -1.632 ns ; stack_push   ; Regs[3][9]  ; clk_in   ;
; N/A                                     ; None                                                ; -1.632 ns ; stack_push   ; Regs[2][9]  ; clk_in   ;
; N/A                                     ; None                                                ; -1.632 ns ; stack_push   ; Regs[1][9]  ; clk_in   ;
; N/A                                     ; None                                                ; -1.913 ns ; stack_pop    ; Regs[7][5]  ; clk_in   ;
; N/A                                     ; None                                                ; -1.913 ns ; stack_pop    ; Regs[6][5]  ; clk_in   ;
; N/A                                     ; None                                                ; -1.913 ns ; stack_pop    ; Regs[5][5]  ; clk_in   ;
; N/A                                     ; None                                                ; -1.913 ns ; stack_pop    ; Regs[4][5]  ; clk_in   ;
; N/A                                     ; None                                                ; -1.913 ns ; stack_pop    ; Regs[3][5]  ; clk_in   ;
; N/A                                     ; None                                                ; -1.913 ns ; stack_pop    ; Regs[2][5]  ; clk_in   ;
; N/A                                     ; None                                                ; -1.913 ns ; stack_pop    ; Regs[1][5]  ; clk_in   ;
; N/A                                     ; None                                                ; -1.913 ns ; stack_pop    ; Regs[7][10] ; clk_in   ;
; N/A                                     ; None                                                ; -1.913 ns ; stack_pop    ; Regs[6][10] ; clk_in   ;
; N/A                                     ; None                                                ; -1.913 ns ; stack_pop    ; Regs[5][10] ; clk_in   ;
; N/A                                     ; None                                                ; -1.913 ns ; stack_pop    ; Regs[4][10] ; clk_in   ;
; N/A                                     ; None                                                ; -1.913 ns ; stack_pop    ; Regs[3][10] ; clk_in   ;
; N/A                                     ; None                                                ; -1.913 ns ; stack_pop    ; Regs[2][10] ; clk_in   ;
; N/A                                     ; None                                                ; -1.913 ns ; stack_pop    ; Regs[1][10] ; clk_in   ;
; N/A                                     ; None                                                ; -2.442 ns ; stack_push   ; Regs[7][5]  ; clk_in   ;
; N/A                                     ; None                                                ; -2.442 ns ; stack_push   ; Regs[6][5]  ; clk_in   ;
; N/A                                     ; None                                                ; -2.442 ns ; stack_push   ; Regs[5][5]  ; clk_in   ;
; N/A                                     ; None                                                ; -2.442 ns ; stack_push   ; Regs[4][5]  ; clk_in   ;
; N/A                                     ; None                                                ; -2.442 ns ; stack_push   ; Regs[3][5]  ; clk_in   ;
; N/A                                     ; None                                                ; -2.442 ns ; stack_push   ; Regs[2][5]  ; clk_in   ;
; N/A                                     ; None                                                ; -2.442 ns ; stack_push   ; Regs[1][5]  ; clk_in   ;
; N/A                                     ; None                                                ; -2.442 ns ; stack_push   ; Regs[7][10] ; clk_in   ;
; N/A                                     ; None                                                ; -2.442 ns ; stack_push   ; Regs[6][10] ; clk_in   ;
; N/A                                     ; None                                                ; -2.442 ns ; stack_push   ; Regs[5][10] ; clk_in   ;
; N/A                                     ; None                                                ; -2.442 ns ; stack_push   ; Regs[4][10] ; clk_in   ;
; N/A                                     ; None                                                ; -2.442 ns ; stack_push   ; Regs[3][10] ; clk_in   ;
; N/A                                     ; None                                                ; -2.442 ns ; stack_push   ; Regs[2][10] ; clk_in   ;
; N/A                                     ; None                                                ; -2.442 ns ; stack_push   ; Regs[1][10] ; clk_in   ;
; N/A                                     ; None                                                ; -2.619 ns ; stack_pop    ; Regs[7][4]  ; clk_in   ;
; N/A                                     ; None                                                ; -2.619 ns ; stack_pop    ; Regs[6][4]  ; clk_in   ;
; N/A                                     ; None                                                ; -2.619 ns ; stack_pop    ; Regs[5][4]  ; clk_in   ;
; N/A                                     ; None                                                ; -2.619 ns ; stack_pop    ; Regs[4][4]  ; clk_in   ;
; N/A                                     ; None                                                ; -2.619 ns ; stack_pop    ; Regs[3][4]  ; clk_in   ;
; N/A                                     ; None                                                ; -2.619 ns ; stack_pop    ; Regs[2][4]  ; clk_in   ;
; N/A                                     ; None                                                ; -2.619 ns ; stack_pop    ; Regs[1][4]  ; clk_in   ;
; N/A                                     ; None                                                ; -2.619 ns ; stack_pop    ; Regs[7][7]  ; clk_in   ;
; N/A                                     ; None                                                ; -2.619 ns ; stack_pop    ; Regs[6][7]  ; clk_in   ;
; N/A                                     ; None                                                ; -2.619 ns ; stack_pop    ; Regs[5][7]  ; clk_in   ;
; N/A                                     ; None                                                ; -2.619 ns ; stack_pop    ; Regs[4][7]  ; clk_in   ;
; N/A                                     ; None                                                ; -2.619 ns ; stack_pop    ; Regs[3][7]  ; clk_in   ;
; N/A                                     ; None                                                ; -2.619 ns ; stack_pop    ; Regs[2][7]  ; clk_in   ;
; N/A                                     ; None                                                ; -2.619 ns ; stack_pop    ; Regs[1][7]  ; clk_in   ;
; N/A                                     ; None                                                ; -2.901 ns ; stack_pop    ; Regs[7][6]  ; clk_in   ;
; N/A                                     ; None                                                ; -2.901 ns ; stack_pop    ; Regs[6][6]  ; clk_in   ;
; N/A                                     ; None                                                ; -2.901 ns ; stack_pop    ; Regs[5][6]  ; clk_in   ;
; N/A                                     ; None                                                ; -2.901 ns ; stack_pop    ; Regs[4][6]  ; clk_in   ;
; N/A                                     ; None                                                ; -2.901 ns ; stack_pop    ; Regs[3][6]  ; clk_in   ;
; N/A                                     ; None                                                ; -2.901 ns ; stack_pop    ; Regs[2][6]  ; clk_in   ;
; N/A                                     ; None                                                ; -2.901 ns ; stack_pop    ; Regs[1][6]  ; clk_in   ;
; N/A                                     ; None                                                ; -2.901 ns ; stack_pop    ; Regs[7][11] ; clk_in   ;
; N/A                                     ; None                                                ; -2.901 ns ; stack_pop    ; Regs[6][11] ; clk_in   ;
; N/A                                     ; None                                                ; -2.901 ns ; stack_pop    ; Regs[5][11] ; clk_in   ;
; N/A                                     ; None                                                ; -2.901 ns ; stack_pop    ; Regs[4][11] ; clk_in   ;
; N/A                                     ; None                                                ; -2.901 ns ; stack_pop    ; Regs[3][11] ; clk_in   ;
; N/A                                     ; None                                                ; -2.901 ns ; stack_pop    ; Regs[2][11] ; clk_in   ;
; N/A                                     ; None                                                ; -2.901 ns ; stack_pop    ; Regs[1][11] ; clk_in   ;
; N/A                                     ; None                                                ; -2.918 ns ; stack_in[10] ; Regs[0][10] ; clk_in   ;
; N/A                                     ; None                                                ; -2.933 ns ; stack_in[11] ; Regs[0][11] ; clk_in   ;
; N/A                                     ; None                                                ; -2.941 ns ; stack_in[7]  ; Regs[0][7]  ; clk_in   ;
; N/A                                     ; None                                                ; -3.021 ns ; stack_in[4]  ; Regs[0][4]  ; clk_in   ;
; N/A                                     ; None                                                ; -3.081 ns ; stack_in[12] ; Regs[0][12] ; clk_in   ;
; N/A                                     ; None                                                ; -3.148 ns ; stack_push   ; Regs[7][4]  ; clk_in   ;
; N/A                                     ; None                                                ; -3.148 ns ; stack_push   ; Regs[6][4]  ; clk_in   ;
; N/A                                     ; None                                                ; -3.148 ns ; stack_push   ; Regs[5][4]  ; clk_in   ;
; N/A                                     ; None                                                ; -3.148 ns ; stack_push   ; Regs[4][4]  ; clk_in   ;
; N/A                                     ; None                                                ; -3.148 ns ; stack_push   ; Regs[3][4]  ; clk_in   ;
; N/A                                     ; None                                                ; -3.148 ns ; stack_push   ; Regs[2][4]  ; clk_in   ;
; N/A                                     ; None                                                ; -3.148 ns ; stack_push   ; Regs[1][4]  ; clk_in   ;
; N/A                                     ; None                                                ; -3.148 ns ; stack_push   ; Regs[7][7]  ; clk_in   ;
; N/A                                     ; None                                                ; -3.148 ns ; stack_push   ; Regs[6][7]  ; clk_in   ;
; N/A                                     ; None                                                ; -3.148 ns ; stack_push   ; Regs[5][7]  ; clk_in   ;
; N/A                                     ; None                                                ; -3.148 ns ; stack_push   ; Regs[4][7]  ; clk_in   ;
; N/A                                     ; None                                                ; -3.148 ns ; stack_push   ; Regs[3][7]  ; clk_in   ;
; N/A                                     ; None                                                ; -3.148 ns ; stack_push   ; Regs[2][7]  ; clk_in   ;
; N/A                                     ; None                                                ; -3.148 ns ; stack_push   ; Regs[1][7]  ; clk_in   ;
; N/A                                     ; None                                                ; -3.164 ns ; stack_pop    ; Regs[7][8]  ; clk_in   ;
; N/A                                     ; None                                                ; -3.164 ns ; stack_pop    ; Regs[6][8]  ; clk_in   ;
; N/A                                     ; None                                                ; -3.164 ns ; stack_pop    ; Regs[5][8]  ; clk_in   ;
; N/A                                     ; None                                                ; -3.164 ns ; stack_pop    ; Regs[4][8]  ; clk_in   ;
; N/A                                     ; None                                                ; -3.164 ns ; stack_pop    ; Regs[3][8]  ; clk_in   ;
; N/A                                     ; None                                                ; -3.164 ns ; stack_pop    ; Regs[2][8]  ; clk_in   ;
; N/A                                     ; None                                                ; -3.164 ns ; stack_pop    ; Regs[1][8]  ; clk_in   ;
; N/A                                     ; None                                                ; -3.164 ns ; stack_pop    ; Regs[7][12] ; clk_in   ;
; N/A                                     ; None                                                ; -3.164 ns ; stack_pop    ; Regs[6][12] ; clk_in   ;
; N/A                                     ; None                                                ; -3.164 ns ; stack_pop    ; Regs[5][12] ; clk_in   ;
; N/A                                     ; None                                                ; -3.164 ns ; stack_pop    ; Regs[4][12] ; clk_in   ;
; N/A                                     ; None                                                ; -3.164 ns ; stack_pop    ; Regs[3][12] ; clk_in   ;
; N/A                                     ; None                                                ; -3.164 ns ; stack_pop    ; Regs[2][12] ; clk_in   ;
; N/A                                     ; None                                                ; -3.164 ns ; stack_pop    ; Regs[1][12] ; clk_in   ;
; N/A                                     ; None                                                ; -3.302 ns ; stack_in[0]  ; Regs[0][0]  ; clk_in   ;
; N/A                                     ; None                                                ; -3.322 ns ; stack_in[9]  ; Regs[0][9]  ; clk_in   ;
; N/A                                     ; None                                                ; -3.393 ns ; stack_in[3]  ; Regs[0][3]  ; clk_in   ;
; N/A                                     ; None                                                ; -3.428 ns ; stack_in[2]  ; Regs[0][2]  ; clk_in   ;
; N/A                                     ; None                                                ; -3.430 ns ; stack_push   ; Regs[7][6]  ; clk_in   ;
; N/A                                     ; None                                                ; -3.430 ns ; stack_push   ; Regs[6][6]  ; clk_in   ;
; N/A                                     ; None                                                ; -3.430 ns ; stack_push   ; Regs[5][6]  ; clk_in   ;
; N/A                                     ; None                                                ; -3.430 ns ; stack_push   ; Regs[4][6]  ; clk_in   ;
; N/A                                     ; None                                                ; -3.430 ns ; stack_push   ; Regs[3][6]  ; clk_in   ;
; N/A                                     ; None                                                ; -3.430 ns ; stack_push   ; Regs[2][6]  ; clk_in   ;
; N/A                                     ; None                                                ; -3.430 ns ; stack_push   ; Regs[1][6]  ; clk_in   ;
; N/A                                     ; None                                                ; -3.430 ns ; stack_push   ; Regs[7][11] ; clk_in   ;
; N/A                                     ; None                                                ; -3.430 ns ; stack_push   ; Regs[6][11] ; clk_in   ;
; N/A                                     ; None                                                ; -3.430 ns ; stack_push   ; Regs[5][11] ; clk_in   ;
; N/A                                     ; None                                                ; -3.430 ns ; stack_push   ; Regs[4][11] ; clk_in   ;
; N/A                                     ; None                                                ; -3.430 ns ; stack_push   ; Regs[3][11] ; clk_in   ;
; N/A                                     ; None                                                ; -3.430 ns ; stack_push   ; Regs[2][11] ; clk_in   ;
; N/A                                     ; None                                                ; -3.430 ns ; stack_push   ; Regs[1][11] ; clk_in   ;
; N/A                                     ; None                                                ; -3.534 ns ; stack_in[6]  ; Regs[0][6]  ; clk_in   ;
; N/A                                     ; None                                                ; -3.693 ns ; stack_push   ; Regs[7][8]  ; clk_in   ;
; N/A                                     ; None                                                ; -3.693 ns ; stack_push   ; Regs[6][8]  ; clk_in   ;
; N/A                                     ; None                                                ; -3.693 ns ; stack_push   ; Regs[5][8]  ; clk_in   ;
; N/A                                     ; None                                                ; -3.693 ns ; stack_push   ; Regs[4][8]  ; clk_in   ;
; N/A                                     ; None                                                ; -3.693 ns ; stack_push   ; Regs[3][8]  ; clk_in   ;
; N/A                                     ; None                                                ; -3.693 ns ; stack_push   ; Regs[2][8]  ; clk_in   ;
; N/A                                     ; None                                                ; -3.693 ns ; stack_push   ; Regs[1][8]  ; clk_in   ;
; N/A                                     ; None                                                ; -3.693 ns ; stack_push   ; Regs[7][12] ; clk_in   ;
; N/A                                     ; None                                                ; -3.693 ns ; stack_push   ; Regs[6][12] ; clk_in   ;
; Timing analysis restricted to 200 rows. ; To change the limit use Settings (Assignments menu) ;           ;              ;             ;          ;
+-----------------------------------------+-----------------------------------------------------+-----------+--------------+-------------+----------+


+--------------------------+
; Timing Analyzer Messages ;
+--------------------------+
Info: *******************************************************************
Info: Running Quartus II Classic Timing Analyzer
    Info: Version 9.1 Build 350 03/24/2010 Service Pack 2 SJ Web Edition
    Info: Processing started: Sun Nov 12 19:30:11 2023
Info: Command: quartus_tan --read_settings_files=off --write_settings_files=off Stack -c Stack --timing_analysis_only
Warning: Found pins functioning as undefined clocks and/or memory enables
    Info: Assuming node "clk_in" is an undefined clock
Info: Clock "clk_in" Internal fmax is restricted to 420.17 MHz between source register "Regs[6][4]" and destination register "Regs[7][4]"
    Info: fmax restricted to clock pin edge rate 2.38 ns. Expand message to see actual delay path.
        Info: + Longest register to register delay is 0.683 ns
            Info: 1: + IC(0.000 ns) + CELL(0.000 ns) = 0.000 ns; Loc. = LCFF_X27_Y35_N5; Fanout = 1; REG Node = 'Regs[6][4]'
            Info: 2: + IC(0.317 ns) + CELL(0.366 ns) = 0.683 ns; Loc. = LCFF_X27_Y35_N17; Fanout = 1; REG Node = 'Regs[7][4]'
            Info: Total cell delay = 0.366 ns ( 53.59 % )
            Info: Total interconnect delay = 0.317 ns ( 46.41 % )
        Info: - Smallest clock skew is 0.000 ns
            Info: + Shortest clock path from clock "clk_in" to destination register is 2.697 ns
                Info: 1: + IC(0.000 ns) + CELL(0.999 ns) = 0.999 ns; Loc. = PIN_P2; Fanout = 1; CLK Node = 'clk_in'
                Info: 2: + IC(0.118 ns) + CELL(0.000 ns) = 1.117 ns; Loc. = CLKCTRL_G3; Fanout = 104; COMB Node = 'clk_in~clkctrl'
                Info: 3: + IC(1.043 ns) + CELL(0.537 ns) = 2.697 ns; Loc. = LCFF_X27_Y35_N17; Fanout = 1; REG Node = 'Regs[7][4]'
                Info: Total cell delay = 1.536 ns ( 56.95 % )
                Info: Total interconnect delay = 1.161 ns ( 43.05 % )
            Info: - Longest clock path from clock "clk_in" to source register is 2.697 ns
                Info: 1: + IC(0.000 ns) + CELL(0.999 ns) = 0.999 ns; Loc. = PIN_P2; Fanout = 1; CLK Node = 'clk_in'
                Info: 2: + IC(0.118 ns) + CELL(0.000 ns) = 1.117 ns; Loc. = CLKCTRL_G3; Fanout = 104; COMB Node = 'clk_in~clkctrl'
                Info: 3: + IC(1.043 ns) + CELL(0.537 ns) = 2.697 ns; Loc. = LCFF_X27_Y35_N5; Fanout = 1; REG Node = 'Regs[6][4]'
                Info: Total cell delay = 1.536 ns ( 56.95 % )
                Info: Total interconnect delay = 1.161 ns ( 43.05 % )
        Info: + Micro clock to output delay of source is 0.250 ns
        Info: + Micro setup delay of destination is -0.036 ns
Info: tsu for register "Regs[0][8]" (data pin = "stack_in[8]", clock pin = "clk_in") is 4.347 ns
    Info: + Longest pin to register delay is 7.071 ns
        Info: 1: + IC(0.000 ns) + CELL(0.840 ns) = 0.840 ns; Loc. = PIN_AC9; Fanout = 1; PIN Node = 'stack_in[8]'
        Info: 2: + IC(5.865 ns) + CELL(0.366 ns) = 7.071 ns; Loc. = LCFF_X20_Y35_N29; Fanout = 1; REG Node = 'Regs[0][8]'
        Info: Total cell delay = 1.206 ns ( 17.06 % )
        Info: Total interconnect delay = 5.865 ns ( 82.94 % )
    Info: + Micro setup delay of destination is -0.036 ns
    Info: - Shortest clock path from clock "clk_in" to destination register is 2.688 ns
        Info: 1: + IC(0.000 ns) + CELL(0.999 ns) = 0.999 ns; Loc. = PIN_P2; Fanout = 1; CLK Node = 'clk_in'
        Info: 2: + IC(0.118 ns) + CELL(0.000 ns) = 1.117 ns; Loc. = CLKCTRL_G3; Fanout = 104; COMB Node = 'clk_in~clkctrl'
        Info: 3: + IC(1.034 ns) + CELL(0.537 ns) = 2.688 ns; Loc. = LCFF_X20_Y35_N29; Fanout = 1; REG Node = 'Regs[0][8]'
        Info: Total cell delay = 1.536 ns ( 57.14 % )
        Info: Total interconnect delay = 1.152 ns ( 42.86 % )
Info: tco from clock "clk_in" to destination pin "stack_out[9]" through register "Regs[7][9]" is 8.296 ns
    Info: + Longest clock path from clock "clk_in" to source register is 2.644 ns
        Info: 1: + IC(0.000 ns) + CELL(0.999 ns) = 0.999 ns; Loc. = PIN_P2; Fanout = 1; CLK Node = 'clk_in'
        Info: 2: + IC(0.118 ns) + CELL(0.000 ns) = 1.117 ns; Loc. = CLKCTRL_G3; Fanout = 104; COMB Node = 'clk_in~clkctrl'
        Info: 3: + IC(0.990 ns) + CELL(0.537 ns) = 2.644 ns; Loc. = LCFF_X47_Y27_N9; Fanout = 1; REG Node = 'Regs[7][9]'
        Info: Total cell delay = 1.536 ns ( 58.09 % )
        Info: Total interconnect delay = 1.108 ns ( 41.91 % )
    Info: + Micro clock to output delay of source is 0.250 ns
    Info: + Longest register to pin delay is 5.402 ns
        Info: 1: + IC(0.000 ns) + CELL(0.000 ns) = 0.000 ns; Loc. = LCFF_X47_Y27_N9; Fanout = 1; REG Node = 'Regs[7][9]'
        Info: 2: + IC(2.604 ns) + CELL(2.798 ns) = 5.402 ns; Loc. = PIN_AF18; Fanout = 0; PIN Node = 'stack_out[9]'
        Info: Total cell delay = 2.798 ns ( 51.80 % )
        Info: Total interconnect delay = 2.604 ns ( 48.20 % )
Info: th for register "Regs[0][4]" (data pin = "stack_push", clock pin = "clk_in") is 0.487 ns
    Info: + Longest clock path from clock "clk_in" to destination register is 2.697 ns
        Info: 1: + IC(0.000 ns) + CELL(0.999 ns) = 0.999 ns; Loc. = PIN_P2; Fanout = 1; CLK Node = 'clk_in'
        Info: 2: + IC(0.118 ns) + CELL(0.000 ns) = 1.117 ns; Loc. = CLKCTRL_G3; Fanout = 104; COMB Node = 'clk_in~clkctrl'
        Info: 3: + IC(1.043 ns) + CELL(0.537 ns) = 2.697 ns; Loc. = LCFF_X27_Y35_N21; Fanout = 1; REG Node = 'Regs[0][4]'
        Info: Total cell delay = 1.536 ns ( 56.95 % )
        Info: Total interconnect delay = 1.161 ns ( 43.05 % )
    Info: + Micro hold delay of destination is 0.266 ns
    Info: - Shortest pin to register delay is 2.476 ns
        Info: 1: + IC(0.000 ns) + CELL(0.979 ns) = 0.979 ns; Loc. = PIN_C13; Fanout = 14; PIN Node = 'stack_push'
        Info: 2: + IC(0.837 ns) + CELL(0.660 ns) = 2.476 ns; Loc. = LCFF_X27_Y35_N21; Fanout = 1; REG Node = 'Regs[0][4]'
        Info: Total cell delay = 1.639 ns ( 66.20 % )
        Info: Total interconnect delay = 0.837 ns ( 33.80 % )
Info: Quartus II Classic Timing Analyzer was successful. 0 errors, 1 warning
    Info: Peak virtual memory: 174 megabytes
    Info: Processing ended: Sun Nov 12 19:30:11 2023
    Info: Elapsed time: 00:00:00
    Info: Total CPU time (on all processors): 00:00:00


