Simulator report for Stack
Sun Nov 12 22:52:12 2023
Quartus II Version 9.1 Build 350 03/24/2010 Service Pack 2 SJ Web Edition


---------------------
; Table of Contents ;
---------------------
  1. Legal Notice
  2. Simulator Summary
  3. Simulator Settings
  4. Simulation Waveforms
  5. Coverage Summary
  6. Complete 1/0-Value Coverage
  7. Missing 1-Value Coverage
  8. Missing 0-Value Coverage
  9. Simulator INI Usage
 10. Simulator Messages



----------------
; Legal Notice ;
----------------
Copyright (C) 1991-2010 Altera Corporation
Your use of Altera Corporation's design tools, logic functions 
and other software and tools, and its AMPP partner logic 
functions, and any output files from any of the foregoing 
(including device programming or simulation files), and any 
associated documentation or information are expressly subject 
to the terms and conditions of the Altera Program License 
Subscription Agreement, Altera MegaCore Function License 
Agreement, or other applicable license agreement, including, 
without limitation, that your use is for the sole purpose of 
programming logic devices manufactured by Altera and sold by 
Altera or its authorized distributors.  Please refer to the 
applicable agreement for further details.



+--------------------------------------------+
; Simulator Summary                          ;
+-----------------------------+--------------+
; Type                        ; Value        ;
+-----------------------------+--------------+
; Simulation Start Time       ; 0 ps         ;
; Simulation End Time         ; 1.0 us       ;
; Simulation Netlist Size     ; 316 nodes    ;
; Simulation Coverage         ;      46.20 % ;
; Total Number of Transitions ; 4712         ;
; Simulation Breakpoints      ; 0            ;
; Family                      ; Cyclone II   ;
+-----------------------------+--------------+


+-------------------------------------------------------------------------------------------------------------------------+
; Simulator Settings                                                                                                      ;
+--------------------------------------------------------------------------------------------+------------+---------------+
; Option                                                                                     ; Setting    ; Default Value ;
+--------------------------------------------------------------------------------------------+------------+---------------+
; Simulation mode                                                                            ; Functional ; Timing        ;
; Start time                                                                                 ; 0 ns       ; 0 ns          ;
; Simulation results format                                                                  ; CVWF       ;               ;
; Add pins automatically to simulation output waveforms                                      ; On         ; On            ;
; Check outputs                                                                              ; Off        ; Off           ;
; Report simulation coverage                                                                 ; On         ; On            ;
; Display complete 1/0 value coverage report                                                 ; On         ; On            ;
; Display missing 1-value coverage report                                                    ; On         ; On            ;
; Display missing 0-value coverage report                                                    ; On         ; On            ;
; Detect setup and hold time violations                                                      ; Off        ; Off           ;
; Detect glitches                                                                            ; Off        ; Off           ;
; Disable timing delays in Timing Simulation                                                 ; Off        ; Off           ;
; Generate Signal Activity File                                                              ; Off        ; Off           ;
; Generate VCD File for PowerPlay Power Analyzer                                             ; Off        ; Off           ;
; Group bus channels in simulation results                                                   ; Off        ; Off           ;
; Preserve fewer signal transitions to reduce memory requirements                            ; On         ; On            ;
; Trigger vector comparison with the specified mode                                          ; INPUT_EDGE ; INPUT_EDGE    ;
; Disable setup and hold time violations detection in input registers of bi-directional pins ; Off        ; Off           ;
; Overwrite Waveform Inputs With Simulation Outputs                                          ; On         ;               ;
; Perform Glitch Filtering in Timing Simulation                                              ; Auto       ; Auto          ;
+--------------------------------------------------------------------------------------------+------------+---------------+


+----------------------+
; Simulation Waveforms ;
+----------------------+
Waveform report data cannot be output to ASCII.
Please use Quartus II to view the waveform report data.


+--------------------------------------------------------------------+
; Coverage Summary                                                   ;
+-----------------------------------------------------+--------------+
; Type                                                ; Value        ;
+-----------------------------------------------------+--------------+
; Total coverage as a percentage                      ;      46.20 % ;
; Total nodes checked                                 ; 316          ;
; Total output ports checked                          ; 316          ;
; Total output ports with complete 1/0-value coverage ; 146          ;
; Total output ports with no 1/0-value coverage       ; 145          ;
; Total output ports with no 1-value coverage         ; 145          ;
; Total output ports with no 0-value coverage         ; 170          ;
+-----------------------------------------------------+--------------+


The following table displays output ports that toggle between 1 and 0 during simulation.
+--------------------------------------------------------------+
; Complete 1/0-Value Coverage                                  ;
+---------------------+---------------------+------------------+
; Node Name           ; Output Port Name    ; Output Port Type ;
+---------------------+---------------------+------------------+
; |Stack|Regs~7       ; |Stack|Regs~7       ; out              ;
; |Stack|Regs~8       ; |Stack|Regs~8       ; out              ;
; |Stack|Regs~9       ; |Stack|Regs~9       ; out              ;
; |Stack|Regs~10      ; |Stack|Regs~10      ; out              ;
; |Stack|Regs~11      ; |Stack|Regs~11      ; out              ;
; |Stack|Regs~12      ; |Stack|Regs~12      ; out              ;
; |Stack|Regs~20      ; |Stack|Regs~20      ; out              ;
; |Stack|Regs~21      ; |Stack|Regs~21      ; out              ;
; |Stack|Regs~22      ; |Stack|Regs~22      ; out              ;
; |Stack|Regs~23      ; |Stack|Regs~23      ; out              ;
; |Stack|Regs~24      ; |Stack|Regs~24      ; out              ;
; |Stack|Regs~25      ; |Stack|Regs~25      ; out              ;
; |Stack|Regs~33      ; |Stack|Regs~33      ; out              ;
; |Stack|Regs~34      ; |Stack|Regs~34      ; out              ;
; |Stack|Regs~35      ; |Stack|Regs~35      ; out              ;
; |Stack|Regs~36      ; |Stack|Regs~36      ; out              ;
; |Stack|Regs~37      ; |Stack|Regs~37      ; out              ;
; |Stack|Regs~38      ; |Stack|Regs~38      ; out              ;
; |Stack|Regs~46      ; |Stack|Regs~46      ; out              ;
; |Stack|Regs~47      ; |Stack|Regs~47      ; out              ;
; |Stack|Regs~48      ; |Stack|Regs~48      ; out              ;
; |Stack|Regs~49      ; |Stack|Regs~49      ; out              ;
; |Stack|Regs~50      ; |Stack|Regs~50      ; out              ;
; |Stack|Regs~51      ; |Stack|Regs~51      ; out              ;
; |Stack|Regs~59      ; |Stack|Regs~59      ; out              ;
; |Stack|Regs~60      ; |Stack|Regs~60      ; out              ;
; |Stack|Regs~61      ; |Stack|Regs~61      ; out              ;
; |Stack|Regs~62      ; |Stack|Regs~62      ; out              ;
; |Stack|Regs~63      ; |Stack|Regs~63      ; out              ;
; |Stack|Regs~64      ; |Stack|Regs~64      ; out              ;
; |Stack|Regs~72      ; |Stack|Regs~72      ; out              ;
; |Stack|Regs~73      ; |Stack|Regs~73      ; out              ;
; |Stack|Regs~74      ; |Stack|Regs~74      ; out              ;
; |Stack|Regs~75      ; |Stack|Regs~75      ; out              ;
; |Stack|Regs~76      ; |Stack|Regs~76      ; out              ;
; |Stack|Regs~77      ; |Stack|Regs~77      ; out              ;
; |Stack|Regs~85      ; |Stack|Regs~85      ; out              ;
; |Stack|Regs~86      ; |Stack|Regs~86      ; out              ;
; |Stack|Regs~87      ; |Stack|Regs~87      ; out              ;
; |Stack|Regs~88      ; |Stack|Regs~88      ; out              ;
; |Stack|Regs~89      ; |Stack|Regs~89      ; out              ;
; |Stack|Regs~90      ; |Stack|Regs~90      ; out              ;
; |Stack|Regs~98      ; |Stack|Regs~98      ; out              ;
; |Stack|Regs~99      ; |Stack|Regs~99      ; out              ;
; |Stack|Regs~100     ; |Stack|Regs~100     ; out              ;
; |Stack|Regs~101     ; |Stack|Regs~101     ; out              ;
; |Stack|Regs~102     ; |Stack|Regs~102     ; out              ;
; |Stack|Regs~103     ; |Stack|Regs~103     ; out              ;
; |Stack|Regs~111     ; |Stack|Regs~111     ; out              ;
; |Stack|Regs~112     ; |Stack|Regs~112     ; out              ;
; |Stack|Regs~113     ; |Stack|Regs~113     ; out              ;
; |Stack|Regs~114     ; |Stack|Regs~114     ; out              ;
; |Stack|Regs~115     ; |Stack|Regs~115     ; out              ;
; |Stack|Regs~116     ; |Stack|Regs~116     ; out              ;
; |Stack|Regs~124     ; |Stack|Regs~124     ; out              ;
; |Stack|Regs~125     ; |Stack|Regs~125     ; out              ;
; |Stack|Regs~126     ; |Stack|Regs~126     ; out              ;
; |Stack|Regs~127     ; |Stack|Regs~127     ; out              ;
; |Stack|Regs~128     ; |Stack|Regs~128     ; out              ;
; |Stack|Regs~129     ; |Stack|Regs~129     ; out              ;
; |Stack|Regs~137     ; |Stack|Regs~137     ; out              ;
; |Stack|Regs~138     ; |Stack|Regs~138     ; out              ;
; |Stack|Regs~139     ; |Stack|Regs~139     ; out              ;
; |Stack|Regs~140     ; |Stack|Regs~140     ; out              ;
; |Stack|Regs~141     ; |Stack|Regs~141     ; out              ;
; |Stack|Regs~142     ; |Stack|Regs~142     ; out              ;
; |Stack|Regs~150     ; |Stack|Regs~150     ; out              ;
; |Stack|Regs~151     ; |Stack|Regs~151     ; out              ;
; |Stack|Regs~152     ; |Stack|Regs~152     ; out              ;
; |Stack|Regs~153     ; |Stack|Regs~153     ; out              ;
; |Stack|Regs~154     ; |Stack|Regs~154     ; out              ;
; |Stack|Regs~155     ; |Stack|Regs~155     ; out              ;
; |Stack|Regs~163     ; |Stack|Regs~163     ; out              ;
; |Stack|Regs~164     ; |Stack|Regs~164     ; out              ;
; |Stack|Regs~165     ; |Stack|Regs~165     ; out              ;
; |Stack|Regs~166     ; |Stack|Regs~166     ; out              ;
; |Stack|Regs~167     ; |Stack|Regs~167     ; out              ;
; |Stack|Regs~168     ; |Stack|Regs~168     ; out              ;
; |Stack|Regs~176     ; |Stack|Regs~176     ; out              ;
; |Stack|Regs~177     ; |Stack|Regs~177     ; out              ;
; |Stack|Regs~178     ; |Stack|Regs~178     ; out              ;
; |Stack|Regs~179     ; |Stack|Regs~179     ; out              ;
; |Stack|Regs~180     ; |Stack|Regs~180     ; out              ;
; |Stack|Regs~181     ; |Stack|Regs~181     ; out              ;
; |Stack|Regs[0][5]   ; |Stack|Regs[0][5]   ; regout           ;
; |Stack|Regs[0][4]   ; |Stack|Regs[0][4]   ; regout           ;
; |Stack|Regs[0][3]   ; |Stack|Regs[0][3]   ; regout           ;
; |Stack|Regs[0][2]   ; |Stack|Regs[0][2]   ; regout           ;
; |Stack|Regs[0][1]   ; |Stack|Regs[0][1]   ; regout           ;
; |Stack|Regs[0][0]   ; |Stack|Regs[0][0]   ; regout           ;
; |Stack|Regs[1][5]   ; |Stack|Regs[1][5]   ; regout           ;
; |Stack|Regs[1][4]   ; |Stack|Regs[1][4]   ; regout           ;
; |Stack|Regs[1][3]   ; |Stack|Regs[1][3]   ; regout           ;
; |Stack|Regs[1][2]   ; |Stack|Regs[1][2]   ; regout           ;
; |Stack|Regs[1][1]   ; |Stack|Regs[1][1]   ; regout           ;
; |Stack|Regs[1][0]   ; |Stack|Regs[1][0]   ; regout           ;
; |Stack|Regs[2][5]   ; |Stack|Regs[2][5]   ; regout           ;
; |Stack|Regs[2][4]   ; |Stack|Regs[2][4]   ; regout           ;
; |Stack|Regs[2][3]   ; |Stack|Regs[2][3]   ; regout           ;
; |Stack|Regs[2][2]   ; |Stack|Regs[2][2]   ; regout           ;
; |Stack|Regs[2][1]   ; |Stack|Regs[2][1]   ; regout           ;
; |Stack|Regs[2][0]   ; |Stack|Regs[2][0]   ; regout           ;
; |Stack|Regs[3][5]   ; |Stack|Regs[3][5]   ; regout           ;
; |Stack|Regs[3][4]   ; |Stack|Regs[3][4]   ; regout           ;
; |Stack|Regs[3][3]   ; |Stack|Regs[3][3]   ; regout           ;
; |Stack|Regs[3][2]   ; |Stack|Regs[3][2]   ; regout           ;
; |Stack|Regs[3][1]   ; |Stack|Regs[3][1]   ; regout           ;
; |Stack|Regs[3][0]   ; |Stack|Regs[3][0]   ; regout           ;
; |Stack|Regs[4][5]   ; |Stack|Regs[4][5]   ; regout           ;
; |Stack|Regs[4][4]   ; |Stack|Regs[4][4]   ; regout           ;
; |Stack|Regs[4][3]   ; |Stack|Regs[4][3]   ; regout           ;
; |Stack|Regs[4][2]   ; |Stack|Regs[4][2]   ; regout           ;
; |Stack|Regs[4][1]   ; |Stack|Regs[4][1]   ; regout           ;
; |Stack|Regs[4][0]   ; |Stack|Regs[4][0]   ; regout           ;
; |Stack|Regs[5][5]   ; |Stack|Regs[5][5]   ; regout           ;
; |Stack|Regs[5][4]   ; |Stack|Regs[5][4]   ; regout           ;
; |Stack|Regs[5][3]   ; |Stack|Regs[5][3]   ; regout           ;
; |Stack|Regs[5][2]   ; |Stack|Regs[5][2]   ; regout           ;
; |Stack|Regs[5][1]   ; |Stack|Regs[5][1]   ; regout           ;
; |Stack|Regs[5][0]   ; |Stack|Regs[5][0]   ; regout           ;
; |Stack|Regs[6][5]   ; |Stack|Regs[6][5]   ; regout           ;
; |Stack|Regs[6][4]   ; |Stack|Regs[6][4]   ; regout           ;
; |Stack|Regs[6][3]   ; |Stack|Regs[6][3]   ; regout           ;
; |Stack|Regs[6][2]   ; |Stack|Regs[6][2]   ; regout           ;
; |Stack|Regs[6][1]   ; |Stack|Regs[6][1]   ; regout           ;
; |Stack|Regs[6][0]   ; |Stack|Regs[6][0]   ; regout           ;
; |Stack|Regs[7][5]   ; |Stack|Regs[7][5]   ; regout           ;
; |Stack|Regs[7][4]   ; |Stack|Regs[7][4]   ; regout           ;
; |Stack|Regs[7][3]   ; |Stack|Regs[7][3]   ; regout           ;
; |Stack|Regs[7][2]   ; |Stack|Regs[7][2]   ; regout           ;
; |Stack|Regs[7][1]   ; |Stack|Regs[7][1]   ; regout           ;
; |Stack|Regs[7][0]   ; |Stack|Regs[7][0]   ; regout           ;
; |Stack|clk_in       ; |Stack|clk_in       ; out              ;
; |Stack|stack_in[0]  ; |Stack|stack_in[0]  ; out              ;
; |Stack|stack_in[1]  ; |Stack|stack_in[1]  ; out              ;
; |Stack|stack_in[2]  ; |Stack|stack_in[2]  ; out              ;
; |Stack|stack_in[3]  ; |Stack|stack_in[3]  ; out              ;
; |Stack|stack_in[4]  ; |Stack|stack_in[4]  ; out              ;
; |Stack|stack_in[5]  ; |Stack|stack_in[5]  ; out              ;
; |Stack|stack_pop    ; |Stack|stack_pop    ; out              ;
; |Stack|stack_out[0] ; |Stack|stack_out[0] ; pin_out          ;
; |Stack|stack_out[1] ; |Stack|stack_out[1] ; pin_out          ;
; |Stack|stack_out[2] ; |Stack|stack_out[2] ; pin_out          ;
; |Stack|stack_out[3] ; |Stack|stack_out[3] ; pin_out          ;
; |Stack|stack_out[4] ; |Stack|stack_out[4] ; pin_out          ;
; |Stack|stack_out[5] ; |Stack|stack_out[5] ; pin_out          ;
+---------------------+---------------------+------------------+


The following table displays output ports that do not toggle to 1 during simulation.
+----------------------------------------------------------------+
; Missing 1-Value Coverage                                       ;
+----------------------+----------------------+------------------+
; Node Name            ; Output Port Name     ; Output Port Type ;
+----------------------+----------------------+------------------+
; |Stack|Regs~0        ; |Stack|Regs~0        ; out              ;
; |Stack|Regs~1        ; |Stack|Regs~1        ; out              ;
; |Stack|Regs~2        ; |Stack|Regs~2        ; out              ;
; |Stack|Regs~3        ; |Stack|Regs~3        ; out              ;
; |Stack|Regs~4        ; |Stack|Regs~4        ; out              ;
; |Stack|Regs~5        ; |Stack|Regs~5        ; out              ;
; |Stack|Regs~13       ; |Stack|Regs~13       ; out              ;
; |Stack|Regs~14       ; |Stack|Regs~14       ; out              ;
; |Stack|Regs~15       ; |Stack|Regs~15       ; out              ;
; |Stack|Regs~16       ; |Stack|Regs~16       ; out              ;
; |Stack|Regs~17       ; |Stack|Regs~17       ; out              ;
; |Stack|Regs~18       ; |Stack|Regs~18       ; out              ;
; |Stack|Regs~26       ; |Stack|Regs~26       ; out              ;
; |Stack|Regs~27       ; |Stack|Regs~27       ; out              ;
; |Stack|Regs~28       ; |Stack|Regs~28       ; out              ;
; |Stack|Regs~29       ; |Stack|Regs~29       ; out              ;
; |Stack|Regs~30       ; |Stack|Regs~30       ; out              ;
; |Stack|Regs~31       ; |Stack|Regs~31       ; out              ;
; |Stack|Regs~39       ; |Stack|Regs~39       ; out              ;
; |Stack|Regs~40       ; |Stack|Regs~40       ; out              ;
; |Stack|Regs~41       ; |Stack|Regs~41       ; out              ;
; |Stack|Regs~42       ; |Stack|Regs~42       ; out              ;
; |Stack|Regs~43       ; |Stack|Regs~43       ; out              ;
; |Stack|Regs~44       ; |Stack|Regs~44       ; out              ;
; |Stack|Regs~52       ; |Stack|Regs~52       ; out              ;
; |Stack|Regs~53       ; |Stack|Regs~53       ; out              ;
; |Stack|Regs~54       ; |Stack|Regs~54       ; out              ;
; |Stack|Regs~55       ; |Stack|Regs~55       ; out              ;
; |Stack|Regs~56       ; |Stack|Regs~56       ; out              ;
; |Stack|Regs~57       ; |Stack|Regs~57       ; out              ;
; |Stack|Regs~65       ; |Stack|Regs~65       ; out              ;
; |Stack|Regs~66       ; |Stack|Regs~66       ; out              ;
; |Stack|Regs~67       ; |Stack|Regs~67       ; out              ;
; |Stack|Regs~68       ; |Stack|Regs~68       ; out              ;
; |Stack|Regs~69       ; |Stack|Regs~69       ; out              ;
; |Stack|Regs~70       ; |Stack|Regs~70       ; out              ;
; |Stack|Regs~78       ; |Stack|Regs~78       ; out              ;
; |Stack|Regs~79       ; |Stack|Regs~79       ; out              ;
; |Stack|Regs~80       ; |Stack|Regs~80       ; out              ;
; |Stack|Regs~81       ; |Stack|Regs~81       ; out              ;
; |Stack|Regs~82       ; |Stack|Regs~82       ; out              ;
; |Stack|Regs~83       ; |Stack|Regs~83       ; out              ;
; |Stack|Regs~91       ; |Stack|Regs~91       ; out              ;
; |Stack|Regs~92       ; |Stack|Regs~92       ; out              ;
; |Stack|Regs~93       ; |Stack|Regs~93       ; out              ;
; |Stack|Regs~94       ; |Stack|Regs~94       ; out              ;
; |Stack|Regs~95       ; |Stack|Regs~95       ; out              ;
; |Stack|Regs~96       ; |Stack|Regs~96       ; out              ;
; |Stack|Regs~104      ; |Stack|Regs~104      ; out              ;
; |Stack|Regs~105      ; |Stack|Regs~105      ; out              ;
; |Stack|Regs~106      ; |Stack|Regs~106      ; out              ;
; |Stack|Regs~107      ; |Stack|Regs~107      ; out              ;
; |Stack|Regs~108      ; |Stack|Regs~108      ; out              ;
; |Stack|Regs~109      ; |Stack|Regs~109      ; out              ;
; |Stack|Regs~117      ; |Stack|Regs~117      ; out              ;
; |Stack|Regs~118      ; |Stack|Regs~118      ; out              ;
; |Stack|Regs~119      ; |Stack|Regs~119      ; out              ;
; |Stack|Regs~120      ; |Stack|Regs~120      ; out              ;
; |Stack|Regs~121      ; |Stack|Regs~121      ; out              ;
; |Stack|Regs~122      ; |Stack|Regs~122      ; out              ;
; |Stack|Regs~130      ; |Stack|Regs~130      ; out              ;
; |Stack|Regs~131      ; |Stack|Regs~131      ; out              ;
; |Stack|Regs~132      ; |Stack|Regs~132      ; out              ;
; |Stack|Regs~133      ; |Stack|Regs~133      ; out              ;
; |Stack|Regs~134      ; |Stack|Regs~134      ; out              ;
; |Stack|Regs~135      ; |Stack|Regs~135      ; out              ;
; |Stack|Regs~143      ; |Stack|Regs~143      ; out              ;
; |Stack|Regs~144      ; |Stack|Regs~144      ; out              ;
; |Stack|Regs~145      ; |Stack|Regs~145      ; out              ;
; |Stack|Regs~146      ; |Stack|Regs~146      ; out              ;
; |Stack|Regs~147      ; |Stack|Regs~147      ; out              ;
; |Stack|Regs~148      ; |Stack|Regs~148      ; out              ;
; |Stack|Regs~156      ; |Stack|Regs~156      ; out              ;
; |Stack|Regs~157      ; |Stack|Regs~157      ; out              ;
; |Stack|Regs~158      ; |Stack|Regs~158      ; out              ;
; |Stack|Regs~159      ; |Stack|Regs~159      ; out              ;
; |Stack|Regs~160      ; |Stack|Regs~160      ; out              ;
; |Stack|Regs~161      ; |Stack|Regs~161      ; out              ;
; |Stack|Regs~169      ; |Stack|Regs~169      ; out              ;
; |Stack|Regs~170      ; |Stack|Regs~170      ; out              ;
; |Stack|Regs~171      ; |Stack|Regs~171      ; out              ;
; |Stack|Regs~172      ; |Stack|Regs~172      ; out              ;
; |Stack|Regs~173      ; |Stack|Regs~173      ; out              ;
; |Stack|Regs~174      ; |Stack|Regs~174      ; out              ;
; |Stack|Regs[0][12]   ; |Stack|Regs[0][12]   ; regout           ;
; |Stack|Regs[0][11]   ; |Stack|Regs[0][11]   ; regout           ;
; |Stack|Regs[0][10]   ; |Stack|Regs[0][10]   ; regout           ;
; |Stack|Regs[0][9]    ; |Stack|Regs[0][9]    ; regout           ;
; |Stack|Regs[0][8]    ; |Stack|Regs[0][8]    ; regout           ;
; |Stack|Regs[0][7]    ; |Stack|Regs[0][7]    ; regout           ;
; |Stack|Regs[1][12]   ; |Stack|Regs[1][12]   ; regout           ;
; |Stack|Regs[1][11]   ; |Stack|Regs[1][11]   ; regout           ;
; |Stack|Regs[1][10]   ; |Stack|Regs[1][10]   ; regout           ;
; |Stack|Regs[1][9]    ; |Stack|Regs[1][9]    ; regout           ;
; |Stack|Regs[1][8]    ; |Stack|Regs[1][8]    ; regout           ;
; |Stack|Regs[1][7]    ; |Stack|Regs[1][7]    ; regout           ;
; |Stack|Regs[2][12]   ; |Stack|Regs[2][12]   ; regout           ;
; |Stack|Regs[2][11]   ; |Stack|Regs[2][11]   ; regout           ;
; |Stack|Regs[2][10]   ; |Stack|Regs[2][10]   ; regout           ;
; |Stack|Regs[2][9]    ; |Stack|Regs[2][9]    ; regout           ;
; |Stack|Regs[2][8]    ; |Stack|Regs[2][8]    ; regout           ;
; |Stack|Regs[2][7]    ; |Stack|Regs[2][7]    ; regout           ;
; |Stack|Regs[3][12]   ; |Stack|Regs[3][12]   ; regout           ;
; |Stack|Regs[3][11]   ; |Stack|Regs[3][11]   ; regout           ;
; |Stack|Regs[3][10]   ; |Stack|Regs[3][10]   ; regout           ;
; |Stack|Regs[3][9]    ; |Stack|Regs[3][9]    ; regout           ;
; |Stack|Regs[3][8]    ; |Stack|Regs[3][8]    ; regout           ;
; |Stack|Regs[3][7]    ; |Stack|Regs[3][7]    ; regout           ;
; |Stack|Regs[4][12]   ; |Stack|Regs[4][12]   ; regout           ;
; |Stack|Regs[4][11]   ; |Stack|Regs[4][11]   ; regout           ;
; |Stack|Regs[4][10]   ; |Stack|Regs[4][10]   ; regout           ;
; |Stack|Regs[4][9]    ; |Stack|Regs[4][9]    ; regout           ;
; |Stack|Regs[4][8]    ; |Stack|Regs[4][8]    ; regout           ;
; |Stack|Regs[4][7]    ; |Stack|Regs[4][7]    ; regout           ;
; |Stack|Regs[5][12]   ; |Stack|Regs[5][12]   ; regout           ;
; |Stack|Regs[5][11]   ; |Stack|Regs[5][11]   ; regout           ;
; |Stack|Regs[5][10]   ; |Stack|Regs[5][10]   ; regout           ;
; |Stack|Regs[5][9]    ; |Stack|Regs[5][9]    ; regout           ;
; |Stack|Regs[5][8]    ; |Stack|Regs[5][8]    ; regout           ;
; |Stack|Regs[5][7]    ; |Stack|Regs[5][7]    ; regout           ;
; |Stack|Regs[6][12]   ; |Stack|Regs[6][12]   ; regout           ;
; |Stack|Regs[6][11]   ; |Stack|Regs[6][11]   ; regout           ;
; |Stack|Regs[6][10]   ; |Stack|Regs[6][10]   ; regout           ;
; |Stack|Regs[6][9]    ; |Stack|Regs[6][9]    ; regout           ;
; |Stack|Regs[6][8]    ; |Stack|Regs[6][8]    ; regout           ;
; |Stack|Regs[6][7]    ; |Stack|Regs[6][7]    ; regout           ;
; |Stack|Regs[7][12]   ; |Stack|Regs[7][12]   ; regout           ;
; |Stack|Regs[7][11]   ; |Stack|Regs[7][11]   ; regout           ;
; |Stack|Regs[7][10]   ; |Stack|Regs[7][10]   ; regout           ;
; |Stack|Regs[7][9]    ; |Stack|Regs[7][9]    ; regout           ;
; |Stack|Regs[7][8]    ; |Stack|Regs[7][8]    ; regout           ;
; |Stack|Regs[7][7]    ; |Stack|Regs[7][7]    ; regout           ;
; |Stack|stack_in[7]   ; |Stack|stack_in[7]   ; out              ;
; |Stack|stack_in[8]   ; |Stack|stack_in[8]   ; out              ;
; |Stack|stack_in[9]   ; |Stack|stack_in[9]   ; out              ;
; |Stack|stack_in[10]  ; |Stack|stack_in[10]  ; out              ;
; |Stack|stack_in[11]  ; |Stack|stack_in[11]  ; out              ;
; |Stack|stack_in[12]  ; |Stack|stack_in[12]  ; out              ;
; |Stack|stack_push    ; |Stack|stack_push    ; out              ;
; |Stack|stack_out[7]  ; |Stack|stack_out[7]  ; pin_out          ;
; |Stack|stack_out[8]  ; |Stack|stack_out[8]  ; pin_out          ;
; |Stack|stack_out[9]  ; |Stack|stack_out[9]  ; pin_out          ;
; |Stack|stack_out[10] ; |Stack|stack_out[10] ; pin_out          ;
; |Stack|stack_out[11] ; |Stack|stack_out[11] ; pin_out          ;
; |Stack|stack_out[12] ; |Stack|stack_out[12] ; pin_out          ;
+----------------------+----------------------+------------------+


The following table displays output ports that do not toggle to 0 during simulation.
+----------------------------------------------------------------+
; Missing 0-Value Coverage                                       ;
+----------------------+----------------------+------------------+
; Node Name            ; Output Port Name     ; Output Port Type ;
+----------------------+----------------------+------------------+
; |Stack|Regs~0        ; |Stack|Regs~0        ; out              ;
; |Stack|Regs~1        ; |Stack|Regs~1        ; out              ;
; |Stack|Regs~2        ; |Stack|Regs~2        ; out              ;
; |Stack|Regs~3        ; |Stack|Regs~3        ; out              ;
; |Stack|Regs~4        ; |Stack|Regs~4        ; out              ;
; |Stack|Regs~5        ; |Stack|Regs~5        ; out              ;
; |Stack|Regs~6        ; |Stack|Regs~6        ; out              ;
; |Stack|Regs~13       ; |Stack|Regs~13       ; out              ;
; |Stack|Regs~14       ; |Stack|Regs~14       ; out              ;
; |Stack|Regs~15       ; |Stack|Regs~15       ; out              ;
; |Stack|Regs~16       ; |Stack|Regs~16       ; out              ;
; |Stack|Regs~17       ; |Stack|Regs~17       ; out              ;
; |Stack|Regs~18       ; |Stack|Regs~18       ; out              ;
; |Stack|Regs~19       ; |Stack|Regs~19       ; out              ;
; |Stack|Regs~26       ; |Stack|Regs~26       ; out              ;
; |Stack|Regs~27       ; |Stack|Regs~27       ; out              ;
; |Stack|Regs~28       ; |Stack|Regs~28       ; out              ;
; |Stack|Regs~29       ; |Stack|Regs~29       ; out              ;
; |Stack|Regs~30       ; |Stack|Regs~30       ; out              ;
; |Stack|Regs~31       ; |Stack|Regs~31       ; out              ;
; |Stack|Regs~32       ; |Stack|Regs~32       ; out              ;
; |Stack|Regs~39       ; |Stack|Regs~39       ; out              ;
; |Stack|Regs~40       ; |Stack|Regs~40       ; out              ;
; |Stack|Regs~41       ; |Stack|Regs~41       ; out              ;
; |Stack|Regs~42       ; |Stack|Regs~42       ; out              ;
; |Stack|Regs~43       ; |Stack|Regs~43       ; out              ;
; |Stack|Regs~44       ; |Stack|Regs~44       ; out              ;
; |Stack|Regs~45       ; |Stack|Regs~45       ; out              ;
; |Stack|Regs~52       ; |Stack|Regs~52       ; out              ;
; |Stack|Regs~53       ; |Stack|Regs~53       ; out              ;
; |Stack|Regs~54       ; |Stack|Regs~54       ; out              ;
; |Stack|Regs~55       ; |Stack|Regs~55       ; out              ;
; |Stack|Regs~56       ; |Stack|Regs~56       ; out              ;
; |Stack|Regs~57       ; |Stack|Regs~57       ; out              ;
; |Stack|Regs~58       ; |Stack|Regs~58       ; out              ;
; |Stack|Regs~65       ; |Stack|Regs~65       ; out              ;
; |Stack|Regs~66       ; |Stack|Regs~66       ; out              ;
; |Stack|Regs~67       ; |Stack|Regs~67       ; out              ;
; |Stack|Regs~68       ; |Stack|Regs~68       ; out              ;
; |Stack|Regs~69       ; |Stack|Regs~69       ; out              ;
; |Stack|Regs~70       ; |Stack|Regs~70       ; out              ;
; |Stack|Regs~71       ; |Stack|Regs~71       ; out              ;
; |Stack|Regs~78       ; |Stack|Regs~78       ; out              ;
; |Stack|Regs~79       ; |Stack|Regs~79       ; out              ;
; |Stack|Regs~80       ; |Stack|Regs~80       ; out              ;
; |Stack|Regs~81       ; |Stack|Regs~81       ; out              ;
; |Stack|Regs~82       ; |Stack|Regs~82       ; out              ;
; |Stack|Regs~83       ; |Stack|Regs~83       ; out              ;
; |Stack|Regs~84       ; |Stack|Regs~84       ; out              ;
; |Stack|Regs~91       ; |Stack|Regs~91       ; out              ;
; |Stack|Regs~92       ; |Stack|Regs~92       ; out              ;
; |Stack|Regs~93       ; |Stack|Regs~93       ; out              ;
; |Stack|Regs~94       ; |Stack|Regs~94       ; out              ;
; |Stack|Regs~95       ; |Stack|Regs~95       ; out              ;
; |Stack|Regs~96       ; |Stack|Regs~96       ; out              ;
; |Stack|Regs~97       ; |Stack|Regs~97       ; out              ;
; |Stack|Regs~104      ; |Stack|Regs~104      ; out              ;
; |Stack|Regs~105      ; |Stack|Regs~105      ; out              ;
; |Stack|Regs~106      ; |Stack|Regs~106      ; out              ;
; |Stack|Regs~107      ; |Stack|Regs~107      ; out              ;
; |Stack|Regs~108      ; |Stack|Regs~108      ; out              ;
; |Stack|Regs~109      ; |Stack|Regs~109      ; out              ;
; |Stack|Regs~110      ; |Stack|Regs~110      ; out              ;
; |Stack|Regs~117      ; |Stack|Regs~117      ; out              ;
; |Stack|Regs~118      ; |Stack|Regs~118      ; out              ;
; |Stack|Regs~119      ; |Stack|Regs~119      ; out              ;
; |Stack|Regs~120      ; |Stack|Regs~120      ; out              ;
; |Stack|Regs~121      ; |Stack|Regs~121      ; out              ;
; |Stack|Regs~122      ; |Stack|Regs~122      ; out              ;
; |Stack|Regs~123      ; |Stack|Regs~123      ; out              ;
; |Stack|Regs~130      ; |Stack|Regs~130      ; out              ;
; |Stack|Regs~131      ; |Stack|Regs~131      ; out              ;
; |Stack|Regs~132      ; |Stack|Regs~132      ; out              ;
; |Stack|Regs~133      ; |Stack|Regs~133      ; out              ;
; |Stack|Regs~134      ; |Stack|Regs~134      ; out              ;
; |Stack|Regs~135      ; |Stack|Regs~135      ; out              ;
; |Stack|Regs~136      ; |Stack|Regs~136      ; out              ;
; |Stack|Regs~143      ; |Stack|Regs~143      ; out              ;
; |Stack|Regs~144      ; |Stack|Regs~144      ; out              ;
; |Stack|Regs~145      ; |Stack|Regs~145      ; out              ;
; |Stack|Regs~146      ; |Stack|Regs~146      ; out              ;
; |Stack|Regs~147      ; |Stack|Regs~147      ; out              ;
; |Stack|Regs~148      ; |Stack|Regs~148      ; out              ;
; |Stack|Regs~149      ; |Stack|Regs~149      ; out              ;
; |Stack|Regs~156      ; |Stack|Regs~156      ; out              ;
; |Stack|Regs~157      ; |Stack|Regs~157      ; out              ;
; |Stack|Regs~158      ; |Stack|Regs~158      ; out              ;
; |Stack|Regs~159      ; |Stack|Regs~159      ; out              ;
; |Stack|Regs~160      ; |Stack|Regs~160      ; out              ;
; |Stack|Regs~161      ; |Stack|Regs~161      ; out              ;
; |Stack|Regs~162      ; |Stack|Regs~162      ; out              ;
; |Stack|Regs~169      ; |Stack|Regs~169      ; out              ;
; |Stack|Regs~170      ; |Stack|Regs~170      ; out              ;
; |Stack|Regs~171      ; |Stack|Regs~171      ; out              ;
; |Stack|Regs~172      ; |Stack|Regs~172      ; out              ;
; |Stack|Regs~173      ; |Stack|Regs~173      ; out              ;
; |Stack|Regs~174      ; |Stack|Regs~174      ; out              ;
; |Stack|Regs~175      ; |Stack|Regs~175      ; out              ;
; |Stack|Regs[0][12]   ; |Stack|Regs[0][12]   ; regout           ;
; |Stack|Regs[0][11]   ; |Stack|Regs[0][11]   ; regout           ;
; |Stack|Regs[0][10]   ; |Stack|Regs[0][10]   ; regout           ;
; |Stack|Regs[0][9]    ; |Stack|Regs[0][9]    ; regout           ;
; |Stack|Regs[0][8]    ; |Stack|Regs[0][8]    ; regout           ;
; |Stack|Regs[0][7]    ; |Stack|Regs[0][7]    ; regout           ;
; |Stack|Regs[0][6]    ; |Stack|Regs[0][6]    ; regout           ;
; |Stack|Regs[1][12]   ; |Stack|Regs[1][12]   ; regout           ;
; |Stack|Regs[1][11]   ; |Stack|Regs[1][11]   ; regout           ;
; |Stack|Regs[1][10]   ; |Stack|Regs[1][10]   ; regout           ;
; |Stack|Regs[1][9]    ; |Stack|Regs[1][9]    ; regout           ;
; |Stack|Regs[1][8]    ; |Stack|Regs[1][8]    ; regout           ;
; |Stack|Regs[1][7]    ; |Stack|Regs[1][7]    ; regout           ;
; |Stack|Regs[1][6]    ; |Stack|Regs[1][6]    ; regout           ;
; |Stack|Regs[2][12]   ; |Stack|Regs[2][12]   ; regout           ;
; |Stack|Regs[2][11]   ; |Stack|Regs[2][11]   ; regout           ;
; |Stack|Regs[2][10]   ; |Stack|Regs[2][10]   ; regout           ;
; |Stack|Regs[2][9]    ; |Stack|Regs[2][9]    ; regout           ;
; |Stack|Regs[2][8]    ; |Stack|Regs[2][8]    ; regout           ;
; |Stack|Regs[2][7]    ; |Stack|Regs[2][7]    ; regout           ;
; |Stack|Regs[2][6]    ; |Stack|Regs[2][6]    ; regout           ;
; |Stack|Regs[3][12]   ; |Stack|Regs[3][12]   ; regout           ;
; |Stack|Regs[3][11]   ; |Stack|Regs[3][11]   ; regout           ;
; |Stack|Regs[3][10]   ; |Stack|Regs[3][10]   ; regout           ;
; |Stack|Regs[3][9]    ; |Stack|Regs[3][9]    ; regout           ;
; |Stack|Regs[3][8]    ; |Stack|Regs[3][8]    ; regout           ;
; |Stack|Regs[3][7]    ; |Stack|Regs[3][7]    ; regout           ;
; |Stack|Regs[3][6]    ; |Stack|Regs[3][6]    ; regout           ;
; |Stack|Regs[4][12]   ; |Stack|Regs[4][12]   ; regout           ;
; |Stack|Regs[4][11]   ; |Stack|Regs[4][11]   ; regout           ;
; |Stack|Regs[4][10]   ; |Stack|Regs[4][10]   ; regout           ;
; |Stack|Regs[4][9]    ; |Stack|Regs[4][9]    ; regout           ;
; |Stack|Regs[4][8]    ; |Stack|Regs[4][8]    ; regout           ;
; |Stack|Regs[4][7]    ; |Stack|Regs[4][7]    ; regout           ;
; |Stack|Regs[4][6]    ; |Stack|Regs[4][6]    ; regout           ;
; |Stack|Regs[5][12]   ; |Stack|Regs[5][12]   ; regout           ;
; |Stack|Regs[5][11]   ; |Stack|Regs[5][11]   ; regout           ;
; |Stack|Regs[5][10]   ; |Stack|Regs[5][10]   ; regout           ;
; |Stack|Regs[5][9]    ; |Stack|Regs[5][9]    ; regout           ;
; |Stack|Regs[5][8]    ; |Stack|Regs[5][8]    ; regout           ;
; |Stack|Regs[5][7]    ; |Stack|Regs[5][7]    ; regout           ;
; |Stack|Regs[5][6]    ; |Stack|Regs[5][6]    ; regout           ;
; |Stack|Regs[6][12]   ; |Stack|Regs[6][12]   ; regout           ;
; |Stack|Regs[6][11]   ; |Stack|Regs[6][11]   ; regout           ;
; |Stack|Regs[6][10]   ; |Stack|Regs[6][10]   ; regout           ;
; |Stack|Regs[6][9]    ; |Stack|Regs[6][9]    ; regout           ;
; |Stack|Regs[6][8]    ; |Stack|Regs[6][8]    ; regout           ;
; |Stack|Regs[6][7]    ; |Stack|Regs[6][7]    ; regout           ;
; |Stack|Regs[6][6]    ; |Stack|Regs[6][6]    ; regout           ;
; |Stack|Regs[7][12]   ; |Stack|Regs[7][12]   ; regout           ;
; |Stack|Regs[7][11]   ; |Stack|Regs[7][11]   ; regout           ;
; |Stack|Regs[7][10]   ; |Stack|Regs[7][10]   ; regout           ;
; |Stack|Regs[7][9]    ; |Stack|Regs[7][9]    ; regout           ;
; |Stack|Regs[7][8]    ; |Stack|Regs[7][8]    ; regout           ;
; |Stack|Regs[7][7]    ; |Stack|Regs[7][7]    ; regout           ;
; |Stack|Regs[7][6]    ; |Stack|Regs[7][6]    ; regout           ;
; |Stack|nrst          ; |Stack|nrst          ; out              ;
; |Stack|stack_in[6]   ; |Stack|stack_in[6]   ; out              ;
; |Stack|stack_in[7]   ; |Stack|stack_in[7]   ; out              ;
; |Stack|stack_in[8]   ; |Stack|stack_in[8]   ; out              ;
; |Stack|stack_in[9]   ; |Stack|stack_in[9]   ; out              ;
; |Stack|stack_in[10]  ; |Stack|stack_in[10]  ; out              ;
; |Stack|stack_in[11]  ; |Stack|stack_in[11]  ; out              ;
; |Stack|stack_in[12]  ; |Stack|stack_in[12]  ; out              ;
; |Stack|stack_push    ; |Stack|stack_push    ; out              ;
; |Stack|stack_out[6]  ; |Stack|stack_out[6]  ; pin_out          ;
; |Stack|stack_out[7]  ; |Stack|stack_out[7]  ; pin_out          ;
; |Stack|stack_out[8]  ; |Stack|stack_out[8]  ; pin_out          ;
; |Stack|stack_out[9]  ; |Stack|stack_out[9]  ; pin_out          ;
; |Stack|stack_out[10] ; |Stack|stack_out[10] ; pin_out          ;
; |Stack|stack_out[11] ; |Stack|stack_out[11] ; pin_out          ;
; |Stack|stack_out[12] ; |Stack|stack_out[12] ; pin_out          ;
+----------------------+----------------------+------------------+


+---------------------+
; Simulator INI Usage ;
+--------+------------+
; Option ; Usage      ;
+--------+------------+


+--------------------+
; Simulator Messages ;
+--------------------+
Info: *******************************************************************
Info: Running Quartus II Simulator
    Info: Version 9.1 Build 350 03/24/2010 Service Pack 2 SJ Web Edition
    Info: Processing started: Sun Nov 12 22:52:12 2023
Info: Command: quartus_sim --read_settings_files=on --write_settings_files=off Stack -c Stack
Info: Using vector source file "C:/Users/isaac/OneDrive/Área de Trabalho/quartus/tp2/Stack/Stack.vwf"
Info: Overwriting simulation input file with simulation results
    Info: A backup of Stack.vwf called Stack.sim_ori.vwf has been created in the db folder
Info: Option to preserve fewer signal transitions to reduce memory requirements is enabled
    Info: Simulation has been partitioned into sub-simulations according to the maximum transition count determined by the engine. Transitions from memory will be flushed out to disk at the end of each sub-simulation to reduce memory requirements.
Info: Simulation partitioned into 1 sub-simulations
Info: Simulation coverage is      46.20 %
Info: Number of transitions in simulation is 4712
Info: Vector file Stack.vwf is saved in VWF text format. You can compress it into CVWF format in order to reduce file size. For more details please refer to the Quartus II Help.
Info: Quartus II Simulator was successful. 0 errors, 0 warnings
    Info: Peak virtual memory: 143 megabytes
    Info: Processing ended: Sun Nov 12 22:52:12 2023
    Info: Elapsed time: 00:00:00
    Info: Total CPU time (on all processors): 00:00:00


