Classic Timing Analyzer report for Status_reg
Sun Nov 12 19:20:37 2023
Quartus II Version 9.1 Build 350 03/24/2010 Service Pack 2 SJ Web Edition


---------------------
; Table of Contents ;
---------------------
  1. Legal Notice
  2. Timing Analyzer Summary
  3. Timing Analyzer Settings
  4. Clock Settings Summary
  5. Parallel Compilation
  6. tsu
  7. tco
  8. th
  9. Timing Analyzer Messages



----------------
; Legal Notice ;
----------------
Copyright (C) 1991-2010 Altera Corporation
Your use of Altera Corporation's design tools, logic functions 
and other software and tools, and its AMPP partner logic 
functions, and any output files from any of the foregoing 
(including device programming or simulation files), and any 
associated documentation or information are expressly subject 
to the terms and conditions of the Altera Program License 
Subscription Agreement, Altera MegaCore Function License 
Agreement, or other applicable license agreement, including, 
without limitation, that your use is for the sole purpose of 
programming logic devices manufactured by Altera and sold by 
Altera or its authorized distributors.  Please refer to the 
applicable agreement for further details.



+-------------------------------------------------------------------------------------------------------------------------------------------+
; Timing Analyzer Summary                                                                                                                   ;
+------------------------------+-------+---------------+-------------+----------------+--------------+------------+----------+--------------+
; Type                         ; Slack ; Required Time ; Actual Time ; From           ; To           ; From Clock ; To Clock ; Failed Paths ;
+------------------------------+-------+---------------+-------------+----------------+--------------+------------+----------+--------------+
; Worst-case tsu               ; N/A   ; None          ; 5.675 ns    ; abus_in[8]     ; wr_out[7]~en ; --         ; clk_in   ; 0            ;
; Worst-case tco               ; N/A   ; None          ; 8.942 ns    ; dbus_out[3]~en ; dbus_out[3]  ; clk_in     ; --       ; 0            ;
; Worst-case th                ; N/A   ; None          ; -1.016 ns   ; nrst           ; wr_out[3]~en ; --         ; clk_in   ; 0            ;
; Total number of failed paths ;       ;               ;             ;                ;              ;            ;          ; 0            ;
+------------------------------+-------+---------------+-------------+----------------+--------------+------------+----------+--------------+


+-----------------------------------------------------------------------------------------------------------------------------------------------------+
; Timing Analyzer Settings                                                                                                                            ;
+------------------------------------------------------------------------------------------------------+--------------------+------+----+-------------+
; Option                                                                                               ; Setting            ; From ; To ; Entity Name ;
+------------------------------------------------------------------------------------------------------+--------------------+------+----+-------------+
; Device Name                                                                                          ; EP2C35F672C6       ;      ;    ;             ;
; Timing Models                                                                                        ; Final              ;      ;    ;             ;
; Default hold multicycle                                                                              ; Same as Multicycle ;      ;    ;             ;
; Cut paths between unrelated clock domains                                                            ; On                 ;      ;    ;             ;
; Cut off read during write signal paths                                                               ; On                 ;      ;    ;             ;
; Cut off feedback from I/O pins                                                                       ; On                 ;      ;    ;             ;
; Report Combined Fast/Slow Timing                                                                     ; Off                ;      ;    ;             ;
; Ignore Clock Settings                                                                                ; Off                ;      ;    ;             ;
; Analyze latches as synchronous elements                                                              ; On                 ;      ;    ;             ;
; Enable Recovery/Removal analysis                                                                     ; Off                ;      ;    ;             ;
; Enable Clock Latency                                                                                 ; Off                ;      ;    ;             ;
; Use TimeQuest Timing Analyzer                                                                        ; Off                ;      ;    ;             ;
; Minimum Core Junction Temperature                                                                    ; 0                  ;      ;    ;             ;
; Maximum Core Junction Temperature                                                                    ; 85                 ;      ;    ;             ;
; Number of source nodes to report per destination node                                                ; 10                 ;      ;    ;             ;
; Number of destination nodes to report                                                                ; 10                 ;      ;    ;             ;
; Number of paths to report                                                                            ; 200                ;      ;    ;             ;
; Report Minimum Timing Checks                                                                         ; Off                ;      ;    ;             ;
; Use Fast Timing Models                                                                               ; Off                ;      ;    ;             ;
; Report IO Paths Separately                                                                           ; Off                ;      ;    ;             ;
; Perform Multicorner Analysis                                                                         ; On                 ;      ;    ;             ;
; Reports the worst-case path for each clock domain and analysis                                       ; Off                ;      ;    ;             ;
; Reports worst-case timing paths for each clock domain and analysis                                   ; On                 ;      ;    ;             ;
; Specifies the maximum number of worst-case timing paths to report for each clock domain and analysis ; 100                ;      ;    ;             ;
; Removes common clock path pessimism (CCPP) during slack computation                                  ; Off                ;      ;    ;             ;
; Output I/O Timing Endpoint                                                                           ; Near End           ;      ;    ;             ;
+------------------------------------------------------------------------------------------------------+--------------------+------+----+-------------+


+------------------------------------------------------------------------------------------------------------------------------------------------------------------------------------+
; Clock Settings Summary                                                                                                                                                             ;
+-----------------+--------------------+----------+------------------+---------------+--------------+----------+-----------------------+---------------------+--------+--------------+
; Clock Node Name ; Clock Setting Name ; Type     ; Fmax Requirement ; Early Latency ; Late Latency ; Based on ; Multiply Base Fmax by ; Divide Base Fmax by ; Offset ; Phase offset ;
+-----------------+--------------------+----------+------------------+---------------+--------------+----------+-----------------------+---------------------+--------+--------------+
; clk_in          ;                    ; User Pin ; None             ; 0.000 ns      ; 0.000 ns     ; --       ; N/A                   ; N/A                 ; N/A    ;              ;
+-----------------+--------------------+----------+------------------+---------------+--------------+----------+-----------------------+---------------------+--------+--------------+


Parallel compilation was disabled, but you have multiple processors available. Enable parallel compilation to reduce compilation time.
+-------------------------------------+
; Parallel Compilation                ;
+----------------------------+--------+
; Processors                 ; Number ;
+----------------------------+--------+
; Number detected on machine ; 12     ;
; Maximum allowed            ; 1      ;
+----------------------------+--------+


+-------------------------------------------------------------------------------------------------------------------------------------------------------+
; tsu                                                                                                                                                   ;
+-----------------------------------------+-----------------------------------------------------+------------+------------+------------------+----------+
; Slack                                   ; Required tsu                                        ; Actual tsu ; From       ; To               ; To Clock ;
+-----------------------------------------+-----------------------------------------------------+------------+------------+------------------+----------+
; N/A                                     ; None                                                ; 5.675 ns   ; abus_in[8] ; wr_out[1]~en     ; clk_in   ;
; N/A                                     ; None                                                ; 5.675 ns   ; abus_in[8] ; wr_out[2]~reg0   ; clk_in   ;
; N/A                                     ; None                                                ; 5.675 ns   ; abus_in[8] ; wr_out[2]~en     ; clk_in   ;
; N/A                                     ; None                                                ; 5.675 ns   ; abus_in[8] ; wr_out[4]~reg0   ; clk_in   ;
; N/A                                     ; None                                                ; 5.675 ns   ; abus_in[8] ; wr_out[4]~en     ; clk_in   ;
; N/A                                     ; None                                                ; 5.675 ns   ; abus_in[8] ; wr_out[5]~reg0   ; clk_in   ;
; N/A                                     ; None                                                ; 5.675 ns   ; abus_in[8] ; wr_out[5]~en     ; clk_in   ;
; N/A                                     ; None                                                ; 5.675 ns   ; abus_in[8] ; wr_out[6]~reg0   ; clk_in   ;
; N/A                                     ; None                                                ; 5.675 ns   ; abus_in[8] ; wr_out[6]~en     ; clk_in   ;
; N/A                                     ; None                                                ; 5.675 ns   ; abus_in[8] ; wr_out[7]~reg0   ; clk_in   ;
; N/A                                     ; None                                                ; 5.675 ns   ; abus_in[8] ; wr_out[7]~en     ; clk_in   ;
; N/A                                     ; None                                                ; 5.531 ns   ; abus_in[8] ; wr_out[0]~reg0   ; clk_in   ;
; N/A                                     ; None                                                ; 5.531 ns   ; abus_in[8] ; wr_out[0]~en     ; clk_in   ;
; N/A                                     ; None                                                ; 5.531 ns   ; abus_in[8] ; wr_out[1]~reg0   ; clk_in   ;
; N/A                                     ; None                                                ; 5.531 ns   ; abus_in[8] ; wr_out[3]~reg0   ; clk_in   ;
; N/A                                     ; None                                                ; 5.531 ns   ; abus_in[8] ; wr_out[3]~en     ; clk_in   ;
; N/A                                     ; None                                                ; 5.489 ns   ; abus_in[6] ; wr_out[1]~en     ; clk_in   ;
; N/A                                     ; None                                                ; 5.489 ns   ; abus_in[6] ; wr_out[2]~reg0   ; clk_in   ;
; N/A                                     ; None                                                ; 5.489 ns   ; abus_in[6] ; wr_out[2]~en     ; clk_in   ;
; N/A                                     ; None                                                ; 5.489 ns   ; abus_in[6] ; wr_out[4]~reg0   ; clk_in   ;
; N/A                                     ; None                                                ; 5.489 ns   ; abus_in[6] ; wr_out[4]~en     ; clk_in   ;
; N/A                                     ; None                                                ; 5.489 ns   ; abus_in[6] ; wr_out[5]~reg0   ; clk_in   ;
; N/A                                     ; None                                                ; 5.489 ns   ; abus_in[6] ; wr_out[5]~en     ; clk_in   ;
; N/A                                     ; None                                                ; 5.489 ns   ; abus_in[6] ; wr_out[6]~reg0   ; clk_in   ;
; N/A                                     ; None                                                ; 5.489 ns   ; abus_in[6] ; wr_out[6]~en     ; clk_in   ;
; N/A                                     ; None                                                ; 5.489 ns   ; abus_in[6] ; wr_out[7]~reg0   ; clk_in   ;
; N/A                                     ; None                                                ; 5.489 ns   ; abus_in[6] ; wr_out[7]~en     ; clk_in   ;
; N/A                                     ; None                                                ; 5.440 ns   ; abus_in[3] ; wr_out[1]~en     ; clk_in   ;
; N/A                                     ; None                                                ; 5.440 ns   ; abus_in[3] ; wr_out[2]~reg0   ; clk_in   ;
; N/A                                     ; None                                                ; 5.440 ns   ; abus_in[3] ; wr_out[2]~en     ; clk_in   ;
; N/A                                     ; None                                                ; 5.440 ns   ; abus_in[3] ; wr_out[4]~reg0   ; clk_in   ;
; N/A                                     ; None                                                ; 5.440 ns   ; abus_in[3] ; wr_out[4]~en     ; clk_in   ;
; N/A                                     ; None                                                ; 5.440 ns   ; abus_in[3] ; wr_out[5]~reg0   ; clk_in   ;
; N/A                                     ; None                                                ; 5.440 ns   ; abus_in[3] ; wr_out[5]~en     ; clk_in   ;
; N/A                                     ; None                                                ; 5.440 ns   ; abus_in[3] ; wr_out[6]~reg0   ; clk_in   ;
; N/A                                     ; None                                                ; 5.440 ns   ; abus_in[3] ; wr_out[6]~en     ; clk_in   ;
; N/A                                     ; None                                                ; 5.440 ns   ; abus_in[3] ; wr_out[7]~reg0   ; clk_in   ;
; N/A                                     ; None                                                ; 5.440 ns   ; abus_in[3] ; wr_out[7]~en     ; clk_in   ;
; N/A                                     ; None                                                ; 5.345 ns   ; abus_in[6] ; wr_out[0]~reg0   ; clk_in   ;
; N/A                                     ; None                                                ; 5.345 ns   ; abus_in[6] ; wr_out[0]~en     ; clk_in   ;
; N/A                                     ; None                                                ; 5.345 ns   ; abus_in[6] ; wr_out[1]~reg0   ; clk_in   ;
; N/A                                     ; None                                                ; 5.345 ns   ; abus_in[6] ; wr_out[3]~reg0   ; clk_in   ;
; N/A                                     ; None                                                ; 5.345 ns   ; abus_in[6] ; wr_out[3]~en     ; clk_in   ;
; N/A                                     ; None                                                ; 5.296 ns   ; abus_in[3] ; wr_out[0]~reg0   ; clk_in   ;
; N/A                                     ; None                                                ; 5.296 ns   ; abus_in[3] ; wr_out[0]~en     ; clk_in   ;
; N/A                                     ; None                                                ; 5.296 ns   ; abus_in[3] ; wr_out[1]~reg0   ; clk_in   ;
; N/A                                     ; None                                                ; 5.296 ns   ; abus_in[3] ; wr_out[3]~reg0   ; clk_in   ;
; N/A                                     ; None                                                ; 5.296 ns   ; abus_in[3] ; wr_out[3]~en     ; clk_in   ;
; N/A                                     ; None                                                ; 5.289 ns   ; abus_in[5] ; wr_out[1]~en     ; clk_in   ;
; N/A                                     ; None                                                ; 5.289 ns   ; abus_in[5] ; wr_out[2]~reg0   ; clk_in   ;
; N/A                                     ; None                                                ; 5.289 ns   ; abus_in[5] ; wr_out[2]~en     ; clk_in   ;
; N/A                                     ; None                                                ; 5.289 ns   ; abus_in[5] ; wr_out[4]~reg0   ; clk_in   ;
; N/A                                     ; None                                                ; 5.289 ns   ; abus_in[5] ; wr_out[4]~en     ; clk_in   ;
; N/A                                     ; None                                                ; 5.289 ns   ; abus_in[5] ; wr_out[5]~reg0   ; clk_in   ;
; N/A                                     ; None                                                ; 5.289 ns   ; abus_in[5] ; wr_out[5]~en     ; clk_in   ;
; N/A                                     ; None                                                ; 5.289 ns   ; abus_in[5] ; wr_out[6]~reg0   ; clk_in   ;
; N/A                                     ; None                                                ; 5.289 ns   ; abus_in[5] ; wr_out[6]~en     ; clk_in   ;
; N/A                                     ; None                                                ; 5.289 ns   ; abus_in[5] ; wr_out[7]~reg0   ; clk_in   ;
; N/A                                     ; None                                                ; 5.289 ns   ; abus_in[5] ; wr_out[7]~en     ; clk_in   ;
; N/A                                     ; None                                                ; 5.288 ns   ; abus_in[7] ; wr_out[1]~en     ; clk_in   ;
; N/A                                     ; None                                                ; 5.288 ns   ; abus_in[7] ; wr_out[2]~reg0   ; clk_in   ;
; N/A                                     ; None                                                ; 5.288 ns   ; abus_in[7] ; wr_out[2]~en     ; clk_in   ;
; N/A                                     ; None                                                ; 5.288 ns   ; abus_in[7] ; wr_out[4]~reg0   ; clk_in   ;
; N/A                                     ; None                                                ; 5.288 ns   ; abus_in[7] ; wr_out[4]~en     ; clk_in   ;
; N/A                                     ; None                                                ; 5.288 ns   ; abus_in[7] ; wr_out[5]~reg0   ; clk_in   ;
; N/A                                     ; None                                                ; 5.288 ns   ; abus_in[7] ; wr_out[5]~en     ; clk_in   ;
; N/A                                     ; None                                                ; 5.288 ns   ; abus_in[7] ; wr_out[6]~reg0   ; clk_in   ;
; N/A                                     ; None                                                ; 5.288 ns   ; abus_in[7] ; wr_out[6]~en     ; clk_in   ;
; N/A                                     ; None                                                ; 5.288 ns   ; abus_in[7] ; wr_out[7]~reg0   ; clk_in   ;
; N/A                                     ; None                                                ; 5.288 ns   ; abus_in[7] ; wr_out[7]~en     ; clk_in   ;
; N/A                                     ; None                                                ; 5.270 ns   ; abus_in[4] ; wr_out[1]~en     ; clk_in   ;
; N/A                                     ; None                                                ; 5.270 ns   ; abus_in[4] ; wr_out[2]~reg0   ; clk_in   ;
; N/A                                     ; None                                                ; 5.270 ns   ; abus_in[4] ; wr_out[2]~en     ; clk_in   ;
; N/A                                     ; None                                                ; 5.270 ns   ; abus_in[4] ; wr_out[4]~reg0   ; clk_in   ;
; N/A                                     ; None                                                ; 5.270 ns   ; abus_in[4] ; wr_out[4]~en     ; clk_in   ;
; N/A                                     ; None                                                ; 5.270 ns   ; abus_in[4] ; wr_out[5]~reg0   ; clk_in   ;
; N/A                                     ; None                                                ; 5.270 ns   ; abus_in[4] ; wr_out[5]~en     ; clk_in   ;
; N/A                                     ; None                                                ; 5.270 ns   ; abus_in[4] ; wr_out[6]~reg0   ; clk_in   ;
; N/A                                     ; None                                                ; 5.270 ns   ; abus_in[4] ; wr_out[6]~en     ; clk_in   ;
; N/A                                     ; None                                                ; 5.270 ns   ; abus_in[4] ; wr_out[7]~reg0   ; clk_in   ;
; N/A                                     ; None                                                ; 5.270 ns   ; abus_in[4] ; wr_out[7]~en     ; clk_in   ;
; N/A                                     ; None                                                ; 5.165 ns   ; abus_in[2] ; wr_out[1]~en     ; clk_in   ;
; N/A                                     ; None                                                ; 5.165 ns   ; abus_in[2] ; wr_out[2]~reg0   ; clk_in   ;
; N/A                                     ; None                                                ; 5.165 ns   ; abus_in[2] ; wr_out[2]~en     ; clk_in   ;
; N/A                                     ; None                                                ; 5.165 ns   ; abus_in[2] ; wr_out[4]~reg0   ; clk_in   ;
; N/A                                     ; None                                                ; 5.165 ns   ; abus_in[2] ; wr_out[4]~en     ; clk_in   ;
; N/A                                     ; None                                                ; 5.165 ns   ; abus_in[2] ; wr_out[5]~reg0   ; clk_in   ;
; N/A                                     ; None                                                ; 5.165 ns   ; abus_in[2] ; wr_out[5]~en     ; clk_in   ;
; N/A                                     ; None                                                ; 5.165 ns   ; abus_in[2] ; wr_out[6]~reg0   ; clk_in   ;
; N/A                                     ; None                                                ; 5.165 ns   ; abus_in[2] ; wr_out[6]~en     ; clk_in   ;
; N/A                                     ; None                                                ; 5.165 ns   ; abus_in[2] ; wr_out[7]~reg0   ; clk_in   ;
; N/A                                     ; None                                                ; 5.165 ns   ; abus_in[2] ; wr_out[7]~en     ; clk_in   ;
; N/A                                     ; None                                                ; 5.145 ns   ; abus_in[5] ; wr_out[0]~reg0   ; clk_in   ;
; N/A                                     ; None                                                ; 5.145 ns   ; abus_in[5] ; wr_out[0]~en     ; clk_in   ;
; N/A                                     ; None                                                ; 5.145 ns   ; abus_in[5] ; wr_out[1]~reg0   ; clk_in   ;
; N/A                                     ; None                                                ; 5.145 ns   ; abus_in[5] ; wr_out[3]~reg0   ; clk_in   ;
; N/A                                     ; None                                                ; 5.145 ns   ; abus_in[5] ; wr_out[3]~en     ; clk_in   ;
; N/A                                     ; None                                                ; 5.144 ns   ; abus_in[7] ; wr_out[0]~reg0   ; clk_in   ;
; N/A                                     ; None                                                ; 5.144 ns   ; abus_in[7] ; wr_out[0]~en     ; clk_in   ;
; N/A                                     ; None                                                ; 5.144 ns   ; abus_in[7] ; wr_out[1]~reg0   ; clk_in   ;
; N/A                                     ; None                                                ; 5.144 ns   ; abus_in[7] ; wr_out[3]~reg0   ; clk_in   ;
; N/A                                     ; None                                                ; 5.144 ns   ; abus_in[7] ; wr_out[3]~en     ; clk_in   ;
; N/A                                     ; None                                                ; 5.126 ns   ; abus_in[4] ; wr_out[0]~reg0   ; clk_in   ;
; N/A                                     ; None                                                ; 5.126 ns   ; abus_in[4] ; wr_out[0]~en     ; clk_in   ;
; N/A                                     ; None                                                ; 5.126 ns   ; abus_in[4] ; wr_out[1]~reg0   ; clk_in   ;
; N/A                                     ; None                                                ; 5.126 ns   ; abus_in[4] ; wr_out[3]~reg0   ; clk_in   ;
; N/A                                     ; None                                                ; 5.126 ns   ; abus_in[4] ; wr_out[3]~en     ; clk_in   ;
; N/A                                     ; None                                                ; 5.125 ns   ; abus_in[8] ; dbus_out[5]~en   ; clk_in   ;
; N/A                                     ; None                                                ; 5.123 ns   ; abus_in[8] ; dbus_out[4]~en   ; clk_in   ;
; N/A                                     ; None                                                ; 5.021 ns   ; abus_in[2] ; wr_out[0]~reg0   ; clk_in   ;
; N/A                                     ; None                                                ; 5.021 ns   ; abus_in[2] ; wr_out[0]~en     ; clk_in   ;
; N/A                                     ; None                                                ; 5.021 ns   ; abus_in[2] ; wr_out[1]~reg0   ; clk_in   ;
; N/A                                     ; None                                                ; 5.021 ns   ; abus_in[2] ; wr_out[3]~reg0   ; clk_in   ;
; N/A                                     ; None                                                ; 5.021 ns   ; abus_in[2] ; wr_out[3]~en     ; clk_in   ;
; N/A                                     ; None                                                ; 4.939 ns   ; abus_in[6] ; dbus_out[5]~en   ; clk_in   ;
; N/A                                     ; None                                                ; 4.937 ns   ; abus_in[6] ; dbus_out[4]~en   ; clk_in   ;
; N/A                                     ; None                                                ; 4.799 ns   ; wr_en      ; wr_out[1]~en     ; clk_in   ;
; N/A                                     ; None                                                ; 4.799 ns   ; wr_en      ; wr_out[2]~reg0   ; clk_in   ;
; N/A                                     ; None                                                ; 4.799 ns   ; wr_en      ; wr_out[2]~en     ; clk_in   ;
; N/A                                     ; None                                                ; 4.799 ns   ; wr_en      ; wr_out[4]~reg0   ; clk_in   ;
; N/A                                     ; None                                                ; 4.799 ns   ; wr_en      ; wr_out[4]~en     ; clk_in   ;
; N/A                                     ; None                                                ; 4.799 ns   ; wr_en      ; wr_out[5]~reg0   ; clk_in   ;
; N/A                                     ; None                                                ; 4.799 ns   ; wr_en      ; wr_out[5]~en     ; clk_in   ;
; N/A                                     ; None                                                ; 4.799 ns   ; wr_en      ; wr_out[6]~reg0   ; clk_in   ;
; N/A                                     ; None                                                ; 4.799 ns   ; wr_en      ; wr_out[6]~en     ; clk_in   ;
; N/A                                     ; None                                                ; 4.799 ns   ; wr_en      ; wr_out[7]~reg0   ; clk_in   ;
; N/A                                     ; None                                                ; 4.799 ns   ; wr_en      ; wr_out[7]~en     ; clk_in   ;
; N/A                                     ; None                                                ; 4.738 ns   ; abus_in[7] ; dbus_out[5]~en   ; clk_in   ;
; N/A                                     ; None                                                ; 4.736 ns   ; abus_in[7] ; dbus_out[4]~en   ; clk_in   ;
; N/A                                     ; None                                                ; 4.726 ns   ; abus_in[8] ; dbus_out[0]~en   ; clk_in   ;
; N/A                                     ; None                                                ; 4.725 ns   ; abus_in[8] ; dbus_out[1]~en   ; clk_in   ;
; N/A                                     ; None                                                ; 4.725 ns   ; abus_in[8] ; dbus_out[2]~en   ; clk_in   ;
; N/A                                     ; None                                                ; 4.724 ns   ; abus_in[8] ; dbus_out[3]~en   ; clk_in   ;
; N/A                                     ; None                                                ; 4.655 ns   ; wr_en      ; wr_out[0]~reg0   ; clk_in   ;
; N/A                                     ; None                                                ; 4.655 ns   ; wr_en      ; wr_out[0]~en     ; clk_in   ;
; N/A                                     ; None                                                ; 4.655 ns   ; wr_en      ; wr_out[1]~reg0   ; clk_in   ;
; N/A                                     ; None                                                ; 4.655 ns   ; wr_en      ; wr_out[3]~reg0   ; clk_in   ;
; N/A                                     ; None                                                ; 4.655 ns   ; wr_en      ; wr_out[3]~en     ; clk_in   ;
; N/A                                     ; None                                                ; 4.577 ns   ; abus_in[3] ; dbus_out[5]~en   ; clk_in   ;
; N/A                                     ; None                                                ; 4.575 ns   ; abus_in[3] ; dbus_out[4]~en   ; clk_in   ;
; N/A                                     ; None                                                ; 4.540 ns   ; abus_in[6] ; dbus_out[0]~en   ; clk_in   ;
; N/A                                     ; None                                                ; 4.539 ns   ; abus_in[6] ; dbus_out[1]~en   ; clk_in   ;
; N/A                                     ; None                                                ; 4.539 ns   ; abus_in[6] ; dbus_out[2]~en   ; clk_in   ;
; N/A                                     ; None                                                ; 4.538 ns   ; abus_in[6] ; dbus_out[3]~en   ; clk_in   ;
; N/A                                     ; None                                                ; 4.486 ns   ; abus_in[3] ; dbus_out[0]~en   ; clk_in   ;
; N/A                                     ; None                                                ; 4.485 ns   ; abus_in[3] ; dbus_out[1]~en   ; clk_in   ;
; N/A                                     ; None                                                ; 4.426 ns   ; abus_in[5] ; dbus_out[5]~en   ; clk_in   ;
; N/A                                     ; None                                                ; 4.424 ns   ; abus_in[5] ; dbus_out[4]~en   ; clk_in   ;
; N/A                                     ; None                                                ; 4.407 ns   ; abus_in[4] ; dbus_out[5]~en   ; clk_in   ;
; N/A                                     ; None                                                ; 4.405 ns   ; abus_in[4] ; dbus_out[4]~en   ; clk_in   ;
; N/A                                     ; None                                                ; 4.339 ns   ; abus_in[7] ; dbus_out[0]~en   ; clk_in   ;
; N/A                                     ; None                                                ; 4.338 ns   ; abus_in[7] ; dbus_out[1]~en   ; clk_in   ;
; N/A                                     ; None                                                ; 4.338 ns   ; abus_in[7] ; dbus_out[2]~en   ; clk_in   ;
; N/A                                     ; None                                                ; 4.337 ns   ; abus_in[7] ; dbus_out[3]~en   ; clk_in   ;
; N/A                                     ; None                                                ; 4.335 ns   ; abus_in[5] ; dbus_out[0]~en   ; clk_in   ;
; N/A                                     ; None                                                ; 4.334 ns   ; abus_in[5] ; dbus_out[1]~en   ; clk_in   ;
; N/A                                     ; None                                                ; 4.316 ns   ; abus_in[4] ; dbus_out[0]~en   ; clk_in   ;
; N/A                                     ; None                                                ; 4.315 ns   ; abus_in[4] ; dbus_out[1]~en   ; clk_in   ;
; N/A                                     ; None                                                ; 4.302 ns   ; abus_in[2] ; dbus_out[5]~en   ; clk_in   ;
; N/A                                     ; None                                                ; 4.300 ns   ; abus_in[2] ; dbus_out[4]~en   ; clk_in   ;
; N/A                                     ; None                                                ; 4.211 ns   ; abus_in[2] ; dbus_out[0]~en   ; clk_in   ;
; N/A                                     ; None                                                ; 4.210 ns   ; abus_in[2] ; dbus_out[1]~en   ; clk_in   ;
; N/A                                     ; None                                                ; 4.177 ns   ; abus_in[3] ; dbus_out[2]~en   ; clk_in   ;
; N/A                                     ; None                                                ; 4.176 ns   ; abus_in[3] ; dbus_out[3]~en   ; clk_in   ;
; N/A                                     ; None                                                ; 4.026 ns   ; abus_in[5] ; dbus_out[2]~en   ; clk_in   ;
; N/A                                     ; None                                                ; 4.025 ns   ; abus_in[5] ; dbus_out[3]~en   ; clk_in   ;
; N/A                                     ; None                                                ; 4.007 ns   ; abus_in[4] ; dbus_out[2]~en   ; clk_in   ;
; N/A                                     ; None                                                ; 4.006 ns   ; abus_in[4] ; dbus_out[3]~en   ; clk_in   ;
; N/A                                     ; None                                                ; 4.001 ns   ; z_wr_en    ; dbus_out[2]~reg0 ; clk_in   ;
; N/A                                     ; None                                                ; 3.976 ns   ; z_wr_en    ; dbus_out[2]~en   ; clk_in   ;
; N/A                                     ; None                                                ; 3.969 ns   ; rd_en      ; dbus_out[5]~en   ; clk_in   ;
; N/A                                     ; None                                                ; 3.967 ns   ; rd_en      ; dbus_out[4]~en   ; clk_in   ;
; N/A                                     ; None                                                ; 3.935 ns   ; dbus_in[1] ; dbus_out[1]~reg0 ; clk_in   ;
; N/A                                     ; None                                                ; 3.928 ns   ; c_wr_en    ; dbus_out[0]~en   ; clk_in   ;
; N/A                                     ; None                                                ; 3.925 ns   ; c_wr_en    ; dbus_out[0]~reg0 ; clk_in   ;
; N/A                                     ; None                                                ; 3.902 ns   ; abus_in[2] ; dbus_out[2]~en   ; clk_in   ;
; N/A                                     ; None                                                ; 3.901 ns   ; abus_in[2] ; dbus_out[3]~en   ; clk_in   ;
; N/A                                     ; None                                                ; 3.820 ns   ; z_in       ; dbus_out[2]~reg0 ; clk_in   ;
; N/A                                     ; None                                                ; 3.768 ns   ; dbus_in[1] ; wr_out[1]~reg0   ; clk_in   ;
; N/A                                     ; None                                                ; 3.694 ns   ; dbus_in[0] ; dbus_out[0]~reg0 ; clk_in   ;
; N/A                                     ; None                                                ; 3.606 ns   ; dbus_in[3] ; wr_out[3]~reg0   ; clk_in   ;
; N/A                                     ; None                                                ; 3.604 ns   ; dbus_in[5] ; wr_out[5]~reg0   ; clk_in   ;
; N/A                                     ; None                                                ; 3.600 ns   ; dbus_in[5] ; dbus_out[5]~reg0 ; clk_in   ;
; N/A                                     ; None                                                ; 3.571 ns   ; rd_en      ; dbus_out[0]~en   ; clk_in   ;
; N/A                                     ; None                                                ; 3.569 ns   ; rd_en      ; dbus_out[1]~en   ; clk_in   ;
; N/A                                     ; None                                                ; 3.569 ns   ; rd_en      ; dbus_out[2]~en   ; clk_in   ;
; N/A                                     ; None                                                ; 3.568 ns   ; rd_en      ; dbus_out[3]~en   ; clk_in   ;
; N/A                                     ; None                                                ; 3.501 ns   ; dc_in      ; dbus_out[1]~reg0 ; clk_in   ;
; N/A                                     ; None                                                ; 3.491 ns   ; dbus_in[2] ; dbus_out[2]~reg0 ; clk_in   ;
; N/A                                     ; None                                                ; 3.488 ns   ; dbus_in[2] ; wr_out[2]~reg0   ; clk_in   ;
; N/A                                     ; None                                                ; 3.447 ns   ; dc_wr_en   ; dbus_out[1]~reg0 ; clk_in   ;
; N/A                                     ; None                                                ; 3.443 ns   ; dbus_in[7] ; dbus_out[7]~reg0 ; clk_in   ;
; N/A                                     ; None                                                ; 3.442 ns   ; dbus_in[7] ; wr_out[7]~reg0   ; clk_in   ;
; N/A                                     ; None                                                ; 3.416 ns   ; dbus_in[0] ; wr_out[0]~reg0   ; clk_in   ;
; N/A                                     ; None                                                ; 3.391 ns   ; dbus_in[4] ; wr_out[4]~reg0   ; clk_in   ;
; N/A                                     ; None                                                ; 3.308 ns   ; c_in       ; dbus_out[0]~reg0 ; clk_in   ;
; N/A                                     ; None                                                ; 3.205 ns   ; dbus_in[6] ; wr_out[6]~reg0   ; clk_in   ;
; N/A                                     ; None                                                ; 3.203 ns   ; dbus_in[6] ; dbus_out[6]~reg0 ; clk_in   ;
; N/A                                     ; None                                                ; 3.171 ns   ; dc_wr_en   ; dbus_out[1]~en   ; clk_in   ;
; N/A                                     ; None                                                ; 1.390 ns   ; nrst       ; wr_out[1]~en     ; clk_in   ;
; Timing analysis restricted to 200 rows. ; To change the limit use Settings (Assignments menu) ;            ;            ;                  ;          ;
+-----------------------------------------+-----------------------------------------------------+------------+------------+------------------+----------+


+---------------------------------------------------------------------------------+
; tco                                                                             ;
+-------+--------------+------------+------------------+-------------+------------+
; Slack ; Required tco ; Actual tco ; From             ; To          ; From Clock ;
+-------+--------------+------------+------------------+-------------+------------+
; N/A   ; None         ; 8.942 ns   ; dbus_out[3]~en   ; dbus_out[3] ; clk_in     ;
; N/A   ; None         ; 8.926 ns   ; dbus_out[1]~reg0 ; dc_out      ; clk_in     ;
; N/A   ; None         ; 8.926 ns   ; dbus_out[1]~reg0 ; dbus_out[1] ; clk_in     ;
; N/A   ; None         ; 8.821 ns   ; dbus_out[1]~en   ; dc_out      ; clk_in     ;
; N/A   ; None         ; 8.821 ns   ; dbus_out[1]~en   ; dbus_out[1] ; clk_in     ;
; N/A   ; None         ; 7.509 ns   ; dbus_out[5]~en   ; dbus_out[5] ; clk_in     ;
; N/A   ; None         ; 7.501 ns   ; dbus_out[5]~en   ; rp_out[0]   ; clk_in     ;
; N/A   ; None         ; 7.317 ns   ; dbus_out[5]~reg0 ; dbus_out[5] ; clk_in     ;
; N/A   ; None         ; 7.310 ns   ; dbus_out[5]~reg0 ; rp_out[0]   ; clk_in     ;
; N/A   ; None         ; 7.278 ns   ; dbus_out[5]~en   ; rp_out[1]   ; clk_in     ;
; N/A   ; None         ; 7.278 ns   ; dbus_out[5]~en   ; dbus_out[6] ; clk_in     ;
; N/A   ; None         ; 7.258 ns   ; dbus_out[5]~en   ; irp_out     ; clk_in     ;
; N/A   ; None         ; 7.199 ns   ; dbus_out[4]~en   ; dbus_out[4] ; clk_in     ;
; N/A   ; None         ; 7.072 ns   ; dbus_out[6]~reg0 ; rp_out[1]   ; clk_in     ;
; N/A   ; None         ; 7.072 ns   ; dbus_out[6]~reg0 ; dbus_out[6] ; clk_in     ;
; N/A   ; None         ; 7.062 ns   ; dbus_out[7]~reg0 ; irp_out     ; clk_in     ;
; N/A   ; None         ; 7.042 ns   ; dbus_out[7]~reg0 ; dbus_out[7] ; clk_in     ;
; N/A   ; None         ; 6.999 ns   ; dbus_out[5]~en   ; dbus_out[7] ; clk_in     ;
; N/A   ; None         ; 6.834 ns   ; dbus_out[2]~reg0 ; dbus_out[2] ; clk_in     ;
; N/A   ; None         ; 6.819 ns   ; dbus_out[2]~reg0 ; z_out       ; clk_in     ;
; N/A   ; None         ; 6.802 ns   ; dbus_out[2]~en   ; dbus_out[2] ; clk_in     ;
; N/A   ; None         ; 6.784 ns   ; dbus_out[2]~en   ; z_out       ; clk_in     ;
; N/A   ; None         ; 6.783 ns   ; dbus_out[0]~reg0 ; c_out       ; clk_in     ;
; N/A   ; None         ; 6.783 ns   ; dbus_out[0]~reg0 ; dbus_out[0] ; clk_in     ;
; N/A   ; None         ; 6.755 ns   ; dbus_out[0]~en   ; c_out       ; clk_in     ;
; N/A   ; None         ; 6.755 ns   ; dbus_out[0]~en   ; dbus_out[0] ; clk_in     ;
; N/A   ; None         ; 6.630 ns   ; wr_out[2]~reg0   ; wr_out[2]   ; clk_in     ;
; N/A   ; None         ; 6.603 ns   ; wr_out[2]~en     ; wr_out[2]   ; clk_in     ;
; N/A   ; None         ; 6.563 ns   ; wr_out[3]~en     ; wr_out[3]   ; clk_in     ;
; N/A   ; None         ; 6.398 ns   ; wr_out[5]~reg0   ; wr_out[5]   ; clk_in     ;
; N/A   ; None         ; 6.395 ns   ; wr_out[7]~reg0   ; wr_out[7]   ; clk_in     ;
; N/A   ; None         ; 6.387 ns   ; dbus_out[3]~reg0 ; dbus_out[3] ; clk_in     ;
; N/A   ; None         ; 6.364 ns   ; wr_out[3]~reg0   ; wr_out[3]   ; clk_in     ;
; N/A   ; None         ; 6.361 ns   ; wr_out[4]~reg0   ; wr_out[4]   ; clk_in     ;
; N/A   ; None         ; 6.360 ns   ; wr_out[7]~en     ; wr_out[7]   ; clk_in     ;
; N/A   ; None         ; 6.359 ns   ; wr_out[5]~en     ; wr_out[5]   ; clk_in     ;
; N/A   ; None         ; 6.355 ns   ; wr_out[6]~reg0   ; wr_out[6]   ; clk_in     ;
; N/A   ; None         ; 6.354 ns   ; wr_out[1]~reg0   ; wr_out[1]   ; clk_in     ;
; N/A   ; None         ; 6.352 ns   ; wr_out[0]~reg0   ; wr_out[0]   ; clk_in     ;
; N/A   ; None         ; 6.327 ns   ; wr_out[1]~en     ; wr_out[1]   ; clk_in     ;
; N/A   ; None         ; 6.321 ns   ; wr_out[6]~en     ; wr_out[6]   ; clk_in     ;
; N/A   ; None         ; 6.321 ns   ; wr_out[4]~en     ; wr_out[4]   ; clk_in     ;
; N/A   ; None         ; 6.314 ns   ; wr_out[0]~en     ; wr_out[0]   ; clk_in     ;
; N/A   ; None         ; 6.105 ns   ; dbus_out[4]~reg0 ; dbus_out[4] ; clk_in     ;
+-------+--------------+------------+------------------+-------------+------------+


+------------------------------------------------------------------------------------------------------------------------------------------------------+
; th                                                                                                                                                   ;
+-----------------------------------------+-----------------------------------------------------+-----------+------------+------------------+----------+
; Minimum Slack                           ; Required th                                         ; Actual th ; From       ; To               ; To Clock ;
+-----------------------------------------+-----------------------------------------------------+-----------+------------+------------------+----------+
; N/A                                     ; None                                                ; -1.016 ns ; nrst       ; wr_out[0]~reg0   ; clk_in   ;
; N/A                                     ; None                                                ; -1.016 ns ; nrst       ; wr_out[0]~en     ; clk_in   ;
; N/A                                     ; None                                                ; -1.016 ns ; nrst       ; wr_out[1]~reg0   ; clk_in   ;
; N/A                                     ; None                                                ; -1.016 ns ; nrst       ; wr_out[3]~reg0   ; clk_in   ;
; N/A                                     ; None                                                ; -1.016 ns ; nrst       ; wr_out[3]~en     ; clk_in   ;
; N/A                                     ; None                                                ; -1.160 ns ; nrst       ; wr_out[1]~en     ; clk_in   ;
; N/A                                     ; None                                                ; -1.160 ns ; nrst       ; wr_out[2]~reg0   ; clk_in   ;
; N/A                                     ; None                                                ; -1.160 ns ; nrst       ; wr_out[2]~en     ; clk_in   ;
; N/A                                     ; None                                                ; -1.160 ns ; nrst       ; wr_out[4]~reg0   ; clk_in   ;
; N/A                                     ; None                                                ; -1.160 ns ; nrst       ; wr_out[4]~en     ; clk_in   ;
; N/A                                     ; None                                                ; -1.160 ns ; nrst       ; wr_out[5]~reg0   ; clk_in   ;
; N/A                                     ; None                                                ; -1.160 ns ; nrst       ; wr_out[5]~en     ; clk_in   ;
; N/A                                     ; None                                                ; -1.160 ns ; nrst       ; wr_out[6]~reg0   ; clk_in   ;
; N/A                                     ; None                                                ; -1.160 ns ; nrst       ; wr_out[6]~en     ; clk_in   ;
; N/A                                     ; None                                                ; -1.160 ns ; nrst       ; wr_out[7]~reg0   ; clk_in   ;
; N/A                                     ; None                                                ; -1.160 ns ; nrst       ; wr_out[7]~en     ; clk_in   ;
; N/A                                     ; None                                                ; -2.941 ns ; dc_wr_en   ; dbus_out[1]~en   ; clk_in   ;
; N/A                                     ; None                                                ; -2.973 ns ; dbus_in[6] ; dbus_out[6]~reg0 ; clk_in   ;
; N/A                                     ; None                                                ; -2.975 ns ; dbus_in[6] ; wr_out[6]~reg0   ; clk_in   ;
; N/A                                     ; None                                                ; -3.078 ns ; c_in       ; dbus_out[0]~reg0 ; clk_in   ;
; N/A                                     ; None                                                ; -3.161 ns ; dbus_in[4] ; wr_out[4]~reg0   ; clk_in   ;
; N/A                                     ; None                                                ; -3.186 ns ; dbus_in[0] ; wr_out[0]~reg0   ; clk_in   ;
; N/A                                     ; None                                                ; -3.212 ns ; dbus_in[7] ; wr_out[7]~reg0   ; clk_in   ;
; N/A                                     ; None                                                ; -3.213 ns ; dbus_in[7] ; dbus_out[7]~reg0 ; clk_in   ;
; N/A                                     ; None                                                ; -3.217 ns ; dc_wr_en   ; dbus_out[1]~reg0 ; clk_in   ;
; N/A                                     ; None                                                ; -3.258 ns ; dbus_in[2] ; wr_out[2]~reg0   ; clk_in   ;
; N/A                                     ; None                                                ; -3.261 ns ; dbus_in[2] ; dbus_out[2]~reg0 ; clk_in   ;
; N/A                                     ; None                                                ; -3.271 ns ; dc_in      ; dbus_out[1]~reg0 ; clk_in   ;
; N/A                                     ; None                                                ; -3.338 ns ; rd_en      ; dbus_out[3]~en   ; clk_in   ;
; N/A                                     ; None                                                ; -3.339 ns ; rd_en      ; dbus_out[1]~en   ; clk_in   ;
; N/A                                     ; None                                                ; -3.339 ns ; rd_en      ; dbus_out[2]~en   ; clk_in   ;
; N/A                                     ; None                                                ; -3.341 ns ; rd_en      ; dbus_out[0]~en   ; clk_in   ;
; N/A                                     ; None                                                ; -3.370 ns ; dbus_in[5] ; dbus_out[5]~reg0 ; clk_in   ;
; N/A                                     ; None                                                ; -3.374 ns ; dbus_in[5] ; wr_out[5]~reg0   ; clk_in   ;
; N/A                                     ; None                                                ; -3.376 ns ; dbus_in[3] ; wr_out[3]~reg0   ; clk_in   ;
; N/A                                     ; None                                                ; -3.404 ns ; abus_in[7] ; wr_out[3]~en     ; clk_in   ;
; N/A                                     ; None                                                ; -3.464 ns ; dbus_in[0] ; dbus_out[0]~reg0 ; clk_in   ;
; N/A                                     ; None                                                ; -3.538 ns ; dbus_in[1] ; wr_out[1]~reg0   ; clk_in   ;
; N/A                                     ; None                                                ; -3.590 ns ; z_in       ; dbus_out[2]~reg0 ; clk_in   ;
; N/A                                     ; None                                                ; -3.618 ns ; abus_in[6] ; wr_out[3]~en     ; clk_in   ;
; N/A                                     ; None                                                ; -3.671 ns ; abus_in[2] ; dbus_out[3]~en   ; clk_in   ;
; N/A                                     ; None                                                ; -3.672 ns ; abus_in[2] ; dbus_out[2]~en   ; clk_in   ;
; N/A                                     ; None                                                ; -3.695 ns ; c_wr_en    ; dbus_out[0]~reg0 ; clk_in   ;
; N/A                                     ; None                                                ; -3.698 ns ; c_wr_en    ; dbus_out[0]~en   ; clk_in   ;
; N/A                                     ; None                                                ; -3.705 ns ; dbus_in[1] ; dbus_out[1]~reg0 ; clk_in   ;
; N/A                                     ; None                                                ; -3.737 ns ; rd_en      ; dbus_out[4]~en   ; clk_in   ;
; N/A                                     ; None                                                ; -3.739 ns ; rd_en      ; dbus_out[5]~en   ; clk_in   ;
; N/A                                     ; None                                                ; -3.746 ns ; z_wr_en    ; dbus_out[2]~en   ; clk_in   ;
; N/A                                     ; None                                                ; -3.771 ns ; z_wr_en    ; dbus_out[2]~reg0 ; clk_in   ;
; N/A                                     ; None                                                ; -3.776 ns ; abus_in[4] ; dbus_out[3]~en   ; clk_in   ;
; N/A                                     ; None                                                ; -3.777 ns ; abus_in[4] ; dbus_out[2]~en   ; clk_in   ;
; N/A                                     ; None                                                ; -3.794 ns ; abus_in[8] ; wr_out[3]~en     ; clk_in   ;
; N/A                                     ; None                                                ; -3.795 ns ; abus_in[5] ; dbus_out[3]~en   ; clk_in   ;
; N/A                                     ; None                                                ; -3.796 ns ; abus_in[5] ; dbus_out[2]~en   ; clk_in   ;
; N/A                                     ; None                                                ; -3.943 ns ; abus_in[7] ; wr_out[0]~en     ; clk_in   ;
; N/A                                     ; None                                                ; -3.946 ns ; abus_in[3] ; dbus_out[3]~en   ; clk_in   ;
; N/A                                     ; None                                                ; -3.947 ns ; abus_in[3] ; dbus_out[2]~en   ; clk_in   ;
; N/A                                     ; None                                                ; -3.980 ns ; abus_in[2] ; dbus_out[1]~en   ; clk_in   ;
; N/A                                     ; None                                                ; -3.981 ns ; abus_in[2] ; dbus_out[0]~en   ; clk_in   ;
; N/A                                     ; None                                                ; -3.981 ns ; abus_in[2] ; wr_out[3]~en     ; clk_in   ;
; N/A                                     ; None                                                ; -4.070 ns ; abus_in[2] ; dbus_out[4]~en   ; clk_in   ;
; N/A                                     ; None                                                ; -4.072 ns ; abus_in[2] ; dbus_out[5]~en   ; clk_in   ;
; N/A                                     ; None                                                ; -4.085 ns ; abus_in[4] ; dbus_out[1]~en   ; clk_in   ;
; N/A                                     ; None                                                ; -4.086 ns ; abus_in[4] ; dbus_out[0]~en   ; clk_in   ;
; N/A                                     ; None                                                ; -4.086 ns ; abus_in[4] ; wr_out[3]~en     ; clk_in   ;
; N/A                                     ; None                                                ; -4.104 ns ; abus_in[5] ; dbus_out[1]~en   ; clk_in   ;
; N/A                                     ; None                                                ; -4.105 ns ; abus_in[5] ; dbus_out[0]~en   ; clk_in   ;
; N/A                                     ; None                                                ; -4.105 ns ; abus_in[5] ; wr_out[3]~en     ; clk_in   ;
; N/A                                     ; None                                                ; -4.107 ns ; abus_in[7] ; dbus_out[3]~en   ; clk_in   ;
; N/A                                     ; None                                                ; -4.108 ns ; abus_in[7] ; dbus_out[1]~en   ; clk_in   ;
; N/A                                     ; None                                                ; -4.108 ns ; abus_in[7] ; dbus_out[2]~en   ; clk_in   ;
; N/A                                     ; None                                                ; -4.109 ns ; abus_in[7] ; dbus_out[0]~en   ; clk_in   ;
; N/A                                     ; None                                                ; -4.157 ns ; abus_in[6] ; wr_out[0]~en     ; clk_in   ;
; N/A                                     ; None                                                ; -4.175 ns ; abus_in[4] ; dbus_out[4]~en   ; clk_in   ;
; N/A                                     ; None                                                ; -4.177 ns ; abus_in[4] ; dbus_out[5]~en   ; clk_in   ;
; N/A                                     ; None                                                ; -4.180 ns ; abus_in[7] ; wr_out[2]~en     ; clk_in   ;
; N/A                                     ; None                                                ; -4.181 ns ; abus_in[7] ; wr_out[4]~en     ; clk_in   ;
; N/A                                     ; None                                                ; -4.182 ns ; abus_in[7] ; wr_out[5]~en     ; clk_in   ;
; N/A                                     ; None                                                ; -4.185 ns ; abus_in[7] ; wr_out[7]~en     ; clk_in   ;
; N/A                                     ; None                                                ; -4.186 ns ; abus_in[7] ; wr_out[6]~en     ; clk_in   ;
; N/A                                     ; None                                                ; -4.187 ns ; abus_in[7] ; wr_out[1]~en     ; clk_in   ;
; N/A                                     ; None                                                ; -4.194 ns ; abus_in[5] ; dbus_out[4]~en   ; clk_in   ;
; N/A                                     ; None                                                ; -4.196 ns ; abus_in[5] ; dbus_out[5]~en   ; clk_in   ;
; N/A                                     ; None                                                ; -4.255 ns ; abus_in[3] ; dbus_out[1]~en   ; clk_in   ;
; N/A                                     ; None                                                ; -4.256 ns ; abus_in[3] ; dbus_out[0]~en   ; clk_in   ;
; N/A                                     ; None                                                ; -4.256 ns ; abus_in[3] ; wr_out[3]~en     ; clk_in   ;
; N/A                                     ; None                                                ; -4.308 ns ; abus_in[6] ; dbus_out[3]~en   ; clk_in   ;
; N/A                                     ; None                                                ; -4.309 ns ; abus_in[6] ; dbus_out[1]~en   ; clk_in   ;
; N/A                                     ; None                                                ; -4.309 ns ; abus_in[6] ; dbus_out[2]~en   ; clk_in   ;
; N/A                                     ; None                                                ; -4.310 ns ; abus_in[6] ; dbus_out[0]~en   ; clk_in   ;
; N/A                                     ; None                                                ; -4.333 ns ; abus_in[8] ; wr_out[0]~en     ; clk_in   ;
; N/A                                     ; None                                                ; -4.345 ns ; abus_in[3] ; dbus_out[4]~en   ; clk_in   ;
; N/A                                     ; None                                                ; -4.347 ns ; abus_in[3] ; dbus_out[5]~en   ; clk_in   ;
; N/A                                     ; None                                                ; -4.394 ns ; abus_in[6] ; wr_out[2]~en     ; clk_in   ;
; N/A                                     ; None                                                ; -4.395 ns ; abus_in[6] ; wr_out[4]~en     ; clk_in   ;
; N/A                                     ; None                                                ; -4.396 ns ; abus_in[6] ; wr_out[5]~en     ; clk_in   ;
; N/A                                     ; None                                                ; -4.399 ns ; abus_in[6] ; wr_out[7]~en     ; clk_in   ;
; N/A                                     ; None                                                ; -4.400 ns ; abus_in[6] ; wr_out[6]~en     ; clk_in   ;
; N/A                                     ; None                                                ; -4.401 ns ; abus_in[6] ; wr_out[1]~en     ; clk_in   ;
; N/A                                     ; None                                                ; -4.425 ns ; wr_en      ; wr_out[0]~reg0   ; clk_in   ;
; N/A                                     ; None                                                ; -4.425 ns ; wr_en      ; wr_out[0]~en     ; clk_in   ;
; N/A                                     ; None                                                ; -4.425 ns ; wr_en      ; wr_out[1]~reg0   ; clk_in   ;
; N/A                                     ; None                                                ; -4.425 ns ; wr_en      ; wr_out[3]~reg0   ; clk_in   ;
; N/A                                     ; None                                                ; -4.425 ns ; wr_en      ; wr_out[3]~en     ; clk_in   ;
; N/A                                     ; None                                                ; -4.494 ns ; abus_in[8] ; dbus_out[3]~en   ; clk_in   ;
; N/A                                     ; None                                                ; -4.495 ns ; abus_in[8] ; dbus_out[1]~en   ; clk_in   ;
; N/A                                     ; None                                                ; -4.495 ns ; abus_in[8] ; dbus_out[2]~en   ; clk_in   ;
; N/A                                     ; None                                                ; -4.496 ns ; abus_in[8] ; dbus_out[0]~en   ; clk_in   ;
; N/A                                     ; None                                                ; -4.506 ns ; abus_in[7] ; dbus_out[4]~en   ; clk_in   ;
; N/A                                     ; None                                                ; -4.508 ns ; abus_in[7] ; dbus_out[5]~en   ; clk_in   ;
; N/A                                     ; None                                                ; -4.520 ns ; abus_in[2] ; wr_out[0]~en     ; clk_in   ;
; N/A                                     ; None                                                ; -4.569 ns ; wr_en      ; wr_out[1]~en     ; clk_in   ;
; N/A                                     ; None                                                ; -4.569 ns ; wr_en      ; wr_out[2]~reg0   ; clk_in   ;
; N/A                                     ; None                                                ; -4.569 ns ; wr_en      ; wr_out[2]~en     ; clk_in   ;
; N/A                                     ; None                                                ; -4.569 ns ; wr_en      ; wr_out[4]~reg0   ; clk_in   ;
; N/A                                     ; None                                                ; -4.569 ns ; wr_en      ; wr_out[4]~en     ; clk_in   ;
; N/A                                     ; None                                                ; -4.569 ns ; wr_en      ; wr_out[5]~reg0   ; clk_in   ;
; N/A                                     ; None                                                ; -4.569 ns ; wr_en      ; wr_out[5]~en     ; clk_in   ;
; N/A                                     ; None                                                ; -4.569 ns ; wr_en      ; wr_out[6]~reg0   ; clk_in   ;
; N/A                                     ; None                                                ; -4.569 ns ; wr_en      ; wr_out[6]~en     ; clk_in   ;
; N/A                                     ; None                                                ; -4.569 ns ; wr_en      ; wr_out[7]~reg0   ; clk_in   ;
; N/A                                     ; None                                                ; -4.569 ns ; wr_en      ; wr_out[7]~en     ; clk_in   ;
; N/A                                     ; None                                                ; -4.570 ns ; abus_in[8] ; wr_out[2]~en     ; clk_in   ;
; N/A                                     ; None                                                ; -4.571 ns ; abus_in[8] ; wr_out[4]~en     ; clk_in   ;
; N/A                                     ; None                                                ; -4.572 ns ; abus_in[8] ; wr_out[5]~en     ; clk_in   ;
; N/A                                     ; None                                                ; -4.575 ns ; abus_in[8] ; wr_out[7]~en     ; clk_in   ;
; N/A                                     ; None                                                ; -4.576 ns ; abus_in[8] ; wr_out[6]~en     ; clk_in   ;
; N/A                                     ; None                                                ; -4.577 ns ; abus_in[8] ; wr_out[1]~en     ; clk_in   ;
; N/A                                     ; None                                                ; -4.625 ns ; abus_in[4] ; wr_out[0]~en     ; clk_in   ;
; N/A                                     ; None                                                ; -4.644 ns ; abus_in[5] ; wr_out[0]~en     ; clk_in   ;
; N/A                                     ; None                                                ; -4.707 ns ; abus_in[6] ; dbus_out[4]~en   ; clk_in   ;
; N/A                                     ; None                                                ; -4.709 ns ; abus_in[6] ; dbus_out[5]~en   ; clk_in   ;
; N/A                                     ; None                                                ; -4.757 ns ; abus_in[2] ; wr_out[2]~en     ; clk_in   ;
; N/A                                     ; None                                                ; -4.758 ns ; abus_in[2] ; wr_out[4]~en     ; clk_in   ;
; N/A                                     ; None                                                ; -4.759 ns ; abus_in[2] ; wr_out[5]~en     ; clk_in   ;
; N/A                                     ; None                                                ; -4.762 ns ; abus_in[2] ; wr_out[7]~en     ; clk_in   ;
; N/A                                     ; None                                                ; -4.763 ns ; abus_in[2] ; wr_out[6]~en     ; clk_in   ;
; N/A                                     ; None                                                ; -4.764 ns ; abus_in[2] ; wr_out[1]~en     ; clk_in   ;
; N/A                                     ; None                                                ; -4.791 ns ; abus_in[2] ; wr_out[0]~reg0   ; clk_in   ;
; N/A                                     ; None                                                ; -4.791 ns ; abus_in[2] ; wr_out[1]~reg0   ; clk_in   ;
; N/A                                     ; None                                                ; -4.791 ns ; abus_in[2] ; wr_out[3]~reg0   ; clk_in   ;
; N/A                                     ; None                                                ; -4.795 ns ; abus_in[3] ; wr_out[0]~en     ; clk_in   ;
; N/A                                     ; None                                                ; -4.862 ns ; abus_in[4] ; wr_out[2]~en     ; clk_in   ;
; N/A                                     ; None                                                ; -4.863 ns ; abus_in[4] ; wr_out[4]~en     ; clk_in   ;
; N/A                                     ; None                                                ; -4.864 ns ; abus_in[4] ; wr_out[5]~en     ; clk_in   ;
; N/A                                     ; None                                                ; -4.867 ns ; abus_in[4] ; wr_out[7]~en     ; clk_in   ;
; N/A                                     ; None                                                ; -4.868 ns ; abus_in[4] ; wr_out[6]~en     ; clk_in   ;
; N/A                                     ; None                                                ; -4.869 ns ; abus_in[4] ; wr_out[1]~en     ; clk_in   ;
; N/A                                     ; None                                                ; -4.881 ns ; abus_in[5] ; wr_out[2]~en     ; clk_in   ;
; N/A                                     ; None                                                ; -4.882 ns ; abus_in[5] ; wr_out[4]~en     ; clk_in   ;
; N/A                                     ; None                                                ; -4.883 ns ; abus_in[5] ; wr_out[5]~en     ; clk_in   ;
; N/A                                     ; None                                                ; -4.886 ns ; abus_in[5] ; wr_out[7]~en     ; clk_in   ;
; N/A                                     ; None                                                ; -4.887 ns ; abus_in[5] ; wr_out[6]~en     ; clk_in   ;
; N/A                                     ; None                                                ; -4.888 ns ; abus_in[5] ; wr_out[1]~en     ; clk_in   ;
; N/A                                     ; None                                                ; -4.893 ns ; abus_in[8] ; dbus_out[4]~en   ; clk_in   ;
; N/A                                     ; None                                                ; -4.895 ns ; abus_in[8] ; dbus_out[5]~en   ; clk_in   ;
; N/A                                     ; None                                                ; -4.896 ns ; abus_in[4] ; wr_out[0]~reg0   ; clk_in   ;
; N/A                                     ; None                                                ; -4.896 ns ; abus_in[4] ; wr_out[1]~reg0   ; clk_in   ;
; N/A                                     ; None                                                ; -4.896 ns ; abus_in[4] ; wr_out[3]~reg0   ; clk_in   ;
; N/A                                     ; None                                                ; -4.914 ns ; abus_in[7] ; wr_out[0]~reg0   ; clk_in   ;
; N/A                                     ; None                                                ; -4.914 ns ; abus_in[7] ; wr_out[1]~reg0   ; clk_in   ;
; N/A                                     ; None                                                ; -4.914 ns ; abus_in[7] ; wr_out[3]~reg0   ; clk_in   ;
; N/A                                     ; None                                                ; -4.915 ns ; abus_in[5] ; wr_out[0]~reg0   ; clk_in   ;
; N/A                                     ; None                                                ; -4.915 ns ; abus_in[5] ; wr_out[1]~reg0   ; clk_in   ;
; N/A                                     ; None                                                ; -4.915 ns ; abus_in[5] ; wr_out[3]~reg0   ; clk_in   ;
; N/A                                     ; None                                                ; -4.935 ns ; abus_in[2] ; wr_out[2]~reg0   ; clk_in   ;
; N/A                                     ; None                                                ; -4.935 ns ; abus_in[2] ; wr_out[4]~reg0   ; clk_in   ;
; N/A                                     ; None                                                ; -4.935 ns ; abus_in[2] ; wr_out[5]~reg0   ; clk_in   ;
; N/A                                     ; None                                                ; -4.935 ns ; abus_in[2] ; wr_out[6]~reg0   ; clk_in   ;
; N/A                                     ; None                                                ; -4.935 ns ; abus_in[2] ; wr_out[7]~reg0   ; clk_in   ;
; N/A                                     ; None                                                ; -5.032 ns ; abus_in[3] ; wr_out[2]~en     ; clk_in   ;
; N/A                                     ; None                                                ; -5.033 ns ; abus_in[3] ; wr_out[4]~en     ; clk_in   ;
; N/A                                     ; None                                                ; -5.034 ns ; abus_in[3] ; wr_out[5]~en     ; clk_in   ;
; N/A                                     ; None                                                ; -5.037 ns ; abus_in[3] ; wr_out[7]~en     ; clk_in   ;
; N/A                                     ; None                                                ; -5.038 ns ; abus_in[3] ; wr_out[6]~en     ; clk_in   ;
; N/A                                     ; None                                                ; -5.039 ns ; abus_in[3] ; wr_out[1]~en     ; clk_in   ;
; N/A                                     ; None                                                ; -5.040 ns ; abus_in[4] ; wr_out[2]~reg0   ; clk_in   ;
; N/A                                     ; None                                                ; -5.040 ns ; abus_in[4] ; wr_out[4]~reg0   ; clk_in   ;
; N/A                                     ; None                                                ; -5.040 ns ; abus_in[4] ; wr_out[5]~reg0   ; clk_in   ;
; N/A                                     ; None                                                ; -5.040 ns ; abus_in[4] ; wr_out[6]~reg0   ; clk_in   ;
; N/A                                     ; None                                                ; -5.040 ns ; abus_in[4] ; wr_out[7]~reg0   ; clk_in   ;
; N/A                                     ; None                                                ; -5.058 ns ; abus_in[7] ; wr_out[2]~reg0   ; clk_in   ;
; N/A                                     ; None                                                ; -5.058 ns ; abus_in[7] ; wr_out[4]~reg0   ; clk_in   ;
; N/A                                     ; None                                                ; -5.058 ns ; abus_in[7] ; wr_out[5]~reg0   ; clk_in   ;
; N/A                                     ; None                                                ; -5.058 ns ; abus_in[7] ; wr_out[6]~reg0   ; clk_in   ;
; N/A                                     ; None                                                ; -5.058 ns ; abus_in[7] ; wr_out[7]~reg0   ; clk_in   ;
; N/A                                     ; None                                                ; -5.059 ns ; abus_in[5] ; wr_out[2]~reg0   ; clk_in   ;
; N/A                                     ; None                                                ; -5.059 ns ; abus_in[5] ; wr_out[4]~reg0   ; clk_in   ;
; N/A                                     ; None                                                ; -5.059 ns ; abus_in[5] ; wr_out[5]~reg0   ; clk_in   ;
; N/A                                     ; None                                                ; -5.059 ns ; abus_in[5] ; wr_out[6]~reg0   ; clk_in   ;
; N/A                                     ; None                                                ; -5.059 ns ; abus_in[5] ; wr_out[7]~reg0   ; clk_in   ;
; N/A                                     ; None                                                ; -5.066 ns ; abus_in[3] ; wr_out[0]~reg0   ; clk_in   ;
; N/A                                     ; None                                                ; -5.066 ns ; abus_in[3] ; wr_out[1]~reg0   ; clk_in   ;
; N/A                                     ; None                                                ; -5.066 ns ; abus_in[3] ; wr_out[3]~reg0   ; clk_in   ;
; N/A                                     ; None                                                ; -5.115 ns ; abus_in[6] ; wr_out[0]~reg0   ; clk_in   ;
; N/A                                     ; None                                                ; -5.115 ns ; abus_in[6] ; wr_out[1]~reg0   ; clk_in   ;
; N/A                                     ; None                                                ; -5.115 ns ; abus_in[6] ; wr_out[3]~reg0   ; clk_in   ;
; N/A                                     ; None                                                ; -5.210 ns ; abus_in[3] ; wr_out[2]~reg0   ; clk_in   ;
; N/A                                     ; None                                                ; -5.210 ns ; abus_in[3] ; wr_out[4]~reg0   ; clk_in   ;
; N/A                                     ; None                                                ; -5.210 ns ; abus_in[3] ; wr_out[5]~reg0   ; clk_in   ;
; Timing analysis restricted to 200 rows. ; To change the limit use Settings (Assignments menu) ;           ;            ;                  ;          ;
+-----------------------------------------+-----------------------------------------------------+-----------+------------+------------------+----------+


+--------------------------+
; Timing Analyzer Messages ;
+--------------------------+
Info: *******************************************************************
Info: Running Quartus II Classic Timing Analyzer
    Info: Version 9.1 Build 350 03/24/2010 Service Pack 2 SJ Web Edition
    Info: Processing started: Sun Nov 12 19:20:36 2023
Info: Command: quartus_tan --read_settings_files=off --write_settings_files=off Status_reg -c Status_reg --timing_analysis_only
Warning: Found pins functioning as undefined clocks and/or memory enables
    Info: Assuming node "clk_in" is an undefined clock
Info: No valid register-to-register data paths exist for clock "clk_in"
Info: tsu for register "wr_out[1]~en" (data pin = "abus_in[8]", clock pin = "clk_in") is 5.675 ns
    Info: + Longest pin to register delay is 8.392 ns
        Info: 1: + IC(0.000 ns) + CELL(0.860 ns) = 0.860 ns; Loc. = PIN_H8; Fanout = 2; PIN Node = 'abus_in[8]'
        Info: 2: + IC(5.526 ns) + CELL(0.275 ns) = 6.661 ns; Loc. = LCCOMB_X17_Y35_N4; Fanout = 5; COMB Node = 'Equal0~3'
        Info: 3: + IC(0.275 ns) + CELL(0.415 ns) = 7.351 ns; Loc. = LCCOMB_X17_Y35_N30; Fanout = 16; COMB Node = 'wr_out[0]~8'
        Info: 4: + IC(0.381 ns) + CELL(0.660 ns) = 8.392 ns; Loc. = LCFF_X16_Y35_N1; Fanout = 1; REG Node = 'wr_out[1]~en'
        Info: Total cell delay = 2.210 ns ( 26.33 % )
        Info: Total interconnect delay = 6.182 ns ( 73.67 % )
    Info: + Micro setup delay of destination is -0.036 ns
    Info: - Shortest clock path from clock "clk_in" to destination register is 2.681 ns
        Info: 1: + IC(0.000 ns) + CELL(0.999 ns) = 0.999 ns; Loc. = PIN_P2; Fanout = 1; CLK Node = 'clk_in'
        Info: 2: + IC(0.118 ns) + CELL(0.000 ns) = 1.117 ns; Loc. = CLKCTRL_G3; Fanout = 30; COMB Node = 'clk_in~clkctrl'
        Info: 3: + IC(1.027 ns) + CELL(0.537 ns) = 2.681 ns; Loc. = LCFF_X16_Y35_N1; Fanout = 1; REG Node = 'wr_out[1]~en'
        Info: Total cell delay = 1.536 ns ( 57.29 % )
        Info: Total interconnect delay = 1.145 ns ( 42.71 % )
Info: tco from clock "clk_in" to destination pin "dbus_out[3]" through register "dbus_out[3]~en" is 8.942 ns
    Info: + Longest clock path from clock "clk_in" to source register is 2.682 ns
        Info: 1: + IC(0.000 ns) + CELL(0.999 ns) = 0.999 ns; Loc. = PIN_P2; Fanout = 1; CLK Node = 'clk_in'
        Info: 2: + IC(0.118 ns) + CELL(0.000 ns) = 1.117 ns; Loc. = CLKCTRL_G3; Fanout = 30; COMB Node = 'clk_in~clkctrl'
        Info: 3: + IC(1.028 ns) + CELL(0.537 ns) = 2.682 ns; Loc. = LCFF_X17_Y35_N27; Fanout = 1; REG Node = 'dbus_out[3]~en'
        Info: Total cell delay = 1.536 ns ( 57.27 % )
        Info: Total interconnect delay = 1.146 ns ( 42.73 % )
    Info: + Micro clock to output delay of source is 0.250 ns
    Info: + Longest register to pin delay is 6.010 ns
        Info: 1: + IC(0.000 ns) + CELL(0.000 ns) = 0.000 ns; Loc. = LCFF_X17_Y35_N27; Fanout = 1; REG Node = 'dbus_out[3]~en'
        Info: 2: + IC(3.193 ns) + CELL(2.817 ns) = 6.010 ns; Loc. = PIN_Y11; Fanout = 0; PIN Node = 'dbus_out[3]'
        Info: Total cell delay = 2.817 ns ( 46.87 % )
        Info: Total interconnect delay = 3.193 ns ( 53.13 % )
Info: th for register "wr_out[0]~reg0" (data pin = "nrst", clock pin = "clk_in") is -1.016 ns
    Info: + Longest clock path from clock "clk_in" to destination register is 2.682 ns
        Info: 1: + IC(0.000 ns) + CELL(0.999 ns) = 0.999 ns; Loc. = PIN_P2; Fanout = 1; CLK Node = 'clk_in'
        Info: 2: + IC(0.118 ns) + CELL(0.000 ns) = 1.117 ns; Loc. = CLKCTRL_G3; Fanout = 30; COMB Node = 'clk_in~clkctrl'
        Info: 3: + IC(1.028 ns) + CELL(0.537 ns) = 2.682 ns; Loc. = LCFF_X17_Y35_N9; Fanout = 1; REG Node = 'wr_out[0]~reg0'
        Info: Total cell delay = 1.536 ns ( 57.27 % )
        Info: Total interconnect delay = 1.146 ns ( 42.73 % )
    Info: + Micro hold delay of destination is 0.266 ns
    Info: - Shortest pin to register delay is 3.964 ns
        Info: 1: + IC(0.000 ns) + CELL(0.999 ns) = 0.999 ns; Loc. = PIN_P1; Fanout = 2; PIN Node = 'nrst'
        Info: 2: + IC(1.796 ns) + CELL(0.271 ns) = 3.066 ns; Loc. = LCCOMB_X17_Y35_N30; Fanout = 16; COMB Node = 'wr_out[0]~8'
        Info: 3: + IC(0.238 ns) + CELL(0.660 ns) = 3.964 ns; Loc. = LCFF_X17_Y35_N9; Fanout = 1; REG Node = 'wr_out[0]~reg0'
        Info: Total cell delay = 1.930 ns ( 48.69 % )
        Info: Total interconnect delay = 2.034 ns ( 51.31 % )
Info: Quartus II Classic Timing Analyzer was successful. 0 errors, 1 warning
    Info: Peak virtual memory: 174 megabytes
    Info: Processing ended: Sun Nov 12 19:20:37 2023
    Info: Elapsed time: 00:00:01
    Info: Total CPU time (on all processors): 00:00:00


